2020-05-12 08:37:45.258 [restartedMain] DEBUG org.apache.ibatis.logging.LogFactory - Logging initialized using 'class org.apache.ibatis.logging.slf4j.Slf4jImpl' adapter.
2020-05-12 08:37:49.049 [restartedMain] WARN  c.b.mybatisplus.core.injector.AbstractMethod - [com.slq.mapper.production.MaterialDesignDetailMapper.insert] Has been loaded by XML or SqlProvider or Mybatis's Annotation, so ignoring this injection for [class com.baomidou.mybatisplus.core.injector.methods.Insert]
2020-05-12 08:37:54.077 [restartedMain] DEBUG org.springframework.web.context.ContextLoader - Published root WebApplicationContext as ServletContext attribute with name [org.springframework.web.context.WebApplicationContext.ROOT]
2020-05-12 08:37:54.084 [restartedMain] INFO  org.springframework.web.context.ContextLoader - Root WebApplicationContext: initialization completed in 13312 ms
2020-05-12 08:37:57.818 [restartedMain] DEBUG o.s.w.s.m.m.a.RequestMappingHandlerAdapter - ControllerAdvice beans: 0 @ModelAttribute, 0 @InitBinder, 1 RequestBodyAdvice, 1 ResponseBodyAdvice
2020-05-12 08:37:58.172 [restartedMain] DEBUG o.s.w.s.m.m.a.RequestMappingHandlerMapping - 113 mappings in 'requestMappingHandlerMapping'
2020-05-12 08:37:58.362 [restartedMain] DEBUG o.s.web.servlet.handler.SimpleUrlHandlerMapping - Patterns [/webjars/**, /**] in 'resourceHandlerMapping'
2020-05-12 08:37:58.408 [restartedMain] DEBUG o.s.w.s.m.m.a.ExceptionHandlerExceptionResolver - ControllerAdvice beans: 0 @ExceptionHandler, 1 ResponseBodyAdvice
2020-05-12 08:37:58.540 [restartedMain] WARN  o.s.b.a.t.ThymeleafAutoConfiguration$DefaultTemplateResolverConfiguration - Cannot find template location: classpath:/templates/ (please add some templates or check your Thymeleaf configuration)
2020-05-12 08:38:00.634 [restartedMain] DEBUG o.s.w.s.server.standard.ServerEndpointExporter - Registering @ServerEndpoint class: class com.slq.websocket.WebSocketServer
2020-05-12 08:38:40.578 [http-nio-8011-exec-10] INFO  org.springframework.web.servlet.DispatcherServlet - Initializing Servlet 'dispatcherServlet'
2020-05-12 08:38:40.580 [http-nio-8011-exec-10] DEBUG org.springframework.web.servlet.DispatcherServlet - Detected StandardServletMultipartResolver
2020-05-12 08:38:40.608 [http-nio-8011-exec-10] DEBUG org.springframework.web.servlet.DispatcherServlet - enableLoggingRequestDetails='false': request parameters and headers will be masked to prevent unsafe logging of potentially sensitive data
2020-05-12 08:38:40.608 [http-nio-8011-exec-10] INFO  org.springframework.web.servlet.DispatcherServlet - Completed initialization in 28 ms
2020-05-12 08:38:40.954 [http-nio-8011-exec-9] DEBUG org.springframework.web.servlet.DispatcherServlet - GET "/noLogin;JSESSIONID=08c09272-266d-4820-bc18-5c2d66d12c29", parameters={}
2020-05-12 08:38:40.963 [http-nio-8011-exec-9] DEBUG o.s.w.s.m.m.a.RequestMappingHandlerMapping - Mapped to com.slq.controller.SystemController#noLogin()
2020-05-12 08:38:41.371 [http-nio-8011-exec-9] DEBUG o.s.w.s.m.m.a.RequestResponseBodyMethodProcessor - Using 'application/json', given [application/json, text/plain, */*] and supported [application/json, application/*+json, application/json, application/*+json]
2020-05-12 08:38:41.374 [http-nio-8011-exec-9] DEBUG o.s.w.s.m.m.a.RequestResponseBodyMethodProcessor - Writing [ResponseData(statusCord=302, message=未登录!, gotoPage=true, url=/login.html, data=null)]
2020-05-12 08:38:41.429 [http-nio-8011-exec-9] DEBUG org.springframework.web.servlet.DispatcherServlet - Completed 200 OK
2020-05-12 08:38:42.004 [http-nio-8011-exec-8] DEBUG org.springframework.web.servlet.DispatcherServlet - GET "/verificationImg", parameters={}
2020-05-12 08:38:42.008 [http-nio-8011-exec-8] DEBUG o.s.w.s.m.m.a.RequestMappingHandlerMapping - Mapped to com.slq.controller.SystemController#responseVerificationImg(HttpServletRequest, HttpServletResponse)
2020-05-12 08:38:43.217 [http-nio-8011-exec-8] DEBUG org.springframework.web.servlet.DispatcherServlet - Completed 200 OK
2020-05-12 08:38:45.117 [http-nio-8011-exec-7] DEBUG org.springframework.web.servlet.DispatcherServlet - POST "/api/login", parameters={masked}
2020-05-12 08:38:45.119 [http-nio-8011-exec-7] DEBUG o.s.w.s.m.m.a.RequestMappingHandlerMapping - Mapped to com.slq.controller.SystemController#login(User, String)
2020-05-12 08:38:46.979 [http-nio-8011-exec-7] DEBUG o.s.w.s.m.m.a.RequestResponseBodyMethodProcessor - Using 'application/json', given [application/json, text/plain, */*] and supported [application/json, application/*+json, application/json, application/*+json]
2020-05-12 08:38:46.983 [http-nio-8011-exec-7] DEBUG o.s.w.s.m.m.a.RequestResponseBodyMethodProcessor - Writing [ResponseData(statusCord=200, message=登录成功!, gotoPage=false, url=null, data=ActiveUser(user=User(id=1 (truncated)...]
2020-05-12 08:38:47.014 [http-nio-8011-exec-7] DEBUG org.springframework.web.servlet.DispatcherServlet - Completed 200 OK
2020-05-12 08:38:47.367 [http-nio-8011-exec-5] DEBUG org.springframework.web.servlet.DispatcherServlet - GET "/api/common/getTreeMenus", parameters={}
2020-05-12 08:38:47.368 [http-nio-8011-exec-5] DEBUG o.s.w.s.m.m.a.RequestMappingHandlerMapping - Mapped to com.slq.controller.api.CommonController#getTreeMenus()
2020-05-12 08:38:47.785 [http-nio-8011-exec-5] DEBUG o.s.w.s.m.m.a.RequestResponseBodyMethodProcessor - Using 'application/json', given [application/json, text/plain, */*] and supported [application/json, application/*+json, application/json, application/*+json]
2020-05-12 08:38:47.786 [http-nio-8011-exec-5] DEBUG o.s.w.s.m.m.a.RequestResponseBodyMethodProcessor - Writing [ResponseData(statusCord=200, message=响应成功, gotoPage=false, url=null, data=[TreeMenu(id=1, title=系統管理 (truncated)...]
2020-05-12 08:38:47.803 [http-nio-8011-exec-5] DEBUG org.springframework.web.servlet.DispatcherServlet - Completed 200 OK
2020-05-12 08:38:52.503 [http-nio-8011-exec-4] DEBUG org.springframework.web.servlet.DispatcherServlet - GET "/api/manufacture/meetChecker", parameters={}
2020-05-12 08:38:52.505 [http-nio-8011-exec-4] DEBUG o.s.w.s.m.m.a.RequestMappingHandlerMapping - Mapped to com.slq.controller.production.ManufactureSumController#getMeetCheckerInternalProductions()
2020-05-12 08:38:52.839 [http-nio-8011-exec-4] DEBUG o.s.w.s.m.m.a.RequestResponseBodyMethodProcessor - Using 'application/json', given [application/json, text/plain, */*] and supported [application/json, application/*+json, application/json, application/*+json]
2020-05-12 08:38:52.840 [http-nio-8011-exec-4] DEBUG o.s.w.s.m.m.a.RequestResponseBodyMethodProcessor - Writing [ResponseData(statusCord=200, message=响应成功, gotoPage=false, url=null, data=[])]
2020-05-12 08:38:52.841 [http-nio-8011-exec-4] DEBUG org.springframework.web.servlet.DispatcherServlet - Completed 200 OK
2020-05-12 08:38:53.632 [http-nio-8011-exec-3] DEBUG org.springframework.web.servlet.DispatcherServlet - GET "/api/manufacture/meetInternalProductions", parameters={}
2020-05-12 08:38:53.633 [http-nio-8011-exec-3] DEBUG o.s.w.s.m.m.a.RequestMappingHandlerMapping - Mapped to com.slq.controller.production.ManufactureSumController#getMeetInternalProductions()
2020-05-12 08:38:53.658 [http-nio-8011-exec-3] DEBUG o.s.w.s.m.m.a.RequestResponseBodyMethodProcessor - Using 'application/json', given [application/json, text/plain, */*] and supported [application/json, application/*+json, application/json, application/*+json]
2020-05-12 08:38:53.662 [http-nio-8011-exec-3] DEBUG o.s.w.s.m.m.a.RequestResponseBodyMethodProcessor - Writing [ResponseData(statusCord=200, message=响应成功, gotoPage=false, url=null, data=[ManufactureSum(id=19, man (truncated)...]
2020-05-12 08:38:53.702 [http-nio-8011-exec-3] DEBUG org.springframework.web.servlet.DispatcherServlet - Completed 200 OK
2020-05-12 08:38:55.486 [http-nio-8011-exec-2] DEBUG org.springframework.web.servlet.DispatcherServlet - GET "/api/productionProcess/byParentId/19", parameters={}
2020-05-12 08:38:55.493 [http-nio-8011-exec-2] DEBUG o.s.w.s.m.m.a.RequestMappingHandlerMapping - Mapped to com.slq.controller.production.ProductionProcessController#getProcessDetailTransitionProductionProcess(Integer)
2020-05-12 08:38:55.556 [http-nio-8011-exec-2] DEBUG o.s.w.s.m.m.a.RequestResponseBodyMethodProcessor - Using 'application/json', given [application/json, text/plain, */*] and supported [application/json, application/*+json, application/json, application/*+json]
2020-05-12 08:38:55.557 [http-nio-8011-exec-2] DEBUG o.s.w.s.m.m.a.RequestResponseBodyMethodProcessor - Writing [ResponseData(statusCord=200, message=响应成功, gotoPage=false, url=null, data=[ProductionProcess(id=34,  (truncated)...]
2020-05-12 08:38:55.572 [http-nio-8011-exec-2] DEBUG org.springframework.web.servlet.DispatcherServlet - Completed 200 OK
2020-05-12 08:39:23.905 [http-nio-8011-exec-10] DEBUG org.springframework.web.servlet.DispatcherServlet - GET "/api/manufacture/meetInternalProductions", parameters={}
2020-05-12 08:39:23.905 [http-nio-8011-exec-10] DEBUG o.s.w.s.m.m.a.RequestMappingHandlerMapping - Mapped to com.slq.controller.production.ManufactureSumController#getMeetInternalProductions()
2020-05-12 08:39:23.907 [http-nio-8011-exec-10] DEBUG o.s.w.s.m.m.a.RequestResponseBodyMethodProcessor - Using 'application/json', given [application/json, text/plain, */*] and supported [application/json, application/*+json, application/json, application/*+json]
2020-05-12 08:39:23.907 [http-nio-8011-exec-10] DEBUG o.s.w.s.m.m.a.RequestResponseBodyMethodProcessor - Writing [ResponseData(statusCord=200, message=响应成功, gotoPage=false, url=null, data=[ManufactureSum(id=19, man (truncated)...]
2020-05-12 08:39:23.907 [http-nio-8011-exec-10] DEBUG org.springframework.web.servlet.DispatcherServlet - Completed 200 OK
2020-05-12 08:39:25.839 [http-nio-8011-exec-9] DEBUG org.springframework.web.servlet.DispatcherServlet - GET "/api/productionProcess/byParentId/19", parameters={}
2020-05-12 08:39:25.841 [http-nio-8011-exec-9] DEBUG o.s.w.s.m.m.a.RequestMappingHandlerMapping - Mapped to com.slq.controller.production.ProductionProcessController#getProcessDetailTransitionProductionProcess(Integer)
2020-05-12 08:39:25.843 [http-nio-8011-exec-9] DEBUG o.s.w.s.m.m.a.RequestResponseBodyMethodProcessor - Using 'application/json', given [application/json, text/plain, */*] and supported [application/json, application/*+json, application/json, application/*+json]
2020-05-12 08:39:25.843 [http-nio-8011-exec-9] DEBUG o.s.w.s.m.m.a.RequestResponseBodyMethodProcessor - Writing [ResponseData(statusCord=200, message=响应成功, gotoPage=false, url=null, data=[ProductionProcess(id=34,  (truncated)...]
2020-05-12 08:39:25.846 [http-nio-8011-exec-9] DEBUG org.springframework.web.servlet.DispatcherServlet - Completed 200 OK
2020-05-12 17:33:45.112 [main] DEBUG org.apache.ibatis.logging.LogFactory - Logging initialized using 'class org.apache.ibatis.logging.slf4j.Slf4jImpl' adapter.
2020-05-12 17:33:47.082 [main] WARN  c.b.mybatisplus.core.injector.AbstractMethod - [com.slq.mapper.production.MaterialDesignDetailMapper.insert] Has been loaded by XML or SqlProvider or Mybatis's Annotation, so ignoring this injection for [class com.baomidou.mybatisplus.core.injector.methods.Insert]
2020-05-12 17:33:49.578 [main] DEBUG org.springframework.web.context.ContextLoader - Published root WebApplicationContext as ServletContext attribute with name [org.springframework.web.context.WebApplicationContext.ROOT]
2020-05-12 17:33:49.578 [main] INFO  org.springframework.web.context.ContextLoader - Root WebApplicationContext: initialization completed in 6693 ms
2020-05-12 17:33:51.635 [main] DEBUG o.s.w.s.m.m.a.RequestMappingHandlerAdapter - ControllerAdvice beans: 0 @ModelAttribute, 0 @InitBinder, 1 RequestBodyAdvice, 1 ResponseBodyAdvice
2020-05-12 17:33:51.835 [main] DEBUG o.s.w.s.m.m.a.RequestMappingHandlerMapping - 115 mappings in 'requestMappingHandlerMapping'
2020-05-12 17:33:51.892 [main] DEBUG o.s.web.servlet.handler.SimpleUrlHandlerMapping - Patterns [/webjars/**, /**] in 'resourceHandlerMapping'
2020-05-12 17:33:51.907 [main] DEBUG o.s.w.s.m.m.a.ExceptionHandlerExceptionResolver - ControllerAdvice beans: 0 @ExceptionHandler, 1 ResponseBodyAdvice
2020-05-12 17:33:51.945 [main] WARN  o.s.b.a.t.ThymeleafAutoConfiguration$DefaultTemplateResolverConfiguration - Cannot find template location: classpath:/templates/ (please add some templates or check your Thymeleaf configuration)
2020-05-12 17:33:52.861 [main] DEBUG o.s.w.s.server.standard.ServerEndpointExporter - Registering @ServerEndpoint class: class com.slq.websocket.WebSocketServer
2020-05-12 17:34:07.078 [http-nio-8011-exec-1] INFO  org.springframework.web.servlet.DispatcherServlet - Initializing Servlet 'dispatcherServlet'
2020-05-12 17:34:07.079 [http-nio-8011-exec-1] DEBUG org.springframework.web.servlet.DispatcherServlet - Detected StandardServletMultipartResolver
2020-05-12 17:34:07.129 [http-nio-8011-exec-1] DEBUG org.springframework.web.servlet.DispatcherServlet - enableLoggingRequestDetails='false': request parameters and headers will be masked to prevent unsafe logging of potentially sensitive data
2020-05-12 17:34:07.129 [http-nio-8011-exec-1] INFO  org.springframework.web.servlet.DispatcherServlet - Completed initialization in 51 ms
2020-05-12 17:34:07.455 [http-nio-8011-exec-2] DEBUG org.springframework.web.servlet.DispatcherServlet - GET "/noLogin;JSESSIONID=4cd4d5c1-08e8-419c-9af7-2141c55cf849", parameters={}
2020-05-12 17:34:07.466 [http-nio-8011-exec-2] DEBUG o.s.w.s.m.m.a.RequestMappingHandlerMapping - Mapped to com.slq.controller.SystemController#noLogin()
2020-05-12 17:34:07.786 [http-nio-8011-exec-2] DEBUG o.s.w.s.m.m.a.RequestResponseBodyMethodProcessor - Using 'application/json', given [application/json, text/plain, */*] and supported [application/json, application/*+json, application/json, application/*+json]
2020-05-12 17:34:07.800 [http-nio-8011-exec-2] DEBUG o.s.w.s.m.m.a.RequestResponseBodyMethodProcessor - Writing [ResponseData(statusCord=302, message=未登录!, gotoPage=true, url=/login.html, data=null)]
2020-05-12 17:34:07.824 [http-nio-8011-exec-2] DEBUG org.springframework.web.servlet.DispatcherServlet - Completed 200 OK
2020-05-12 17:34:07.989 [http-nio-8011-exec-3] DEBUG org.springframework.web.servlet.DispatcherServlet - GET "/verificationImg", parameters={}
2020-05-12 17:34:07.991 [http-nio-8011-exec-3] DEBUG o.s.w.s.m.m.a.RequestMappingHandlerMapping - Mapped to com.slq.controller.SystemController#responseVerificationImg(HttpServletRequest, HttpServletResponse)
2020-05-12 17:34:08.968 [http-nio-8011-exec-3] DEBUG org.springframework.web.servlet.DispatcherServlet - Completed 200 OK
2020-05-12 17:34:09.241 [http-nio-8011-exec-4] DEBUG org.springframework.web.servlet.DispatcherServlet - POST "/api/login", parameters={masked}
2020-05-12 17:34:09.242 [http-nio-8011-exec-4] DEBUG o.s.w.s.m.m.a.RequestMappingHandlerMapping - Mapped to com.slq.controller.SystemController#login(User, String)
2020-05-12 17:34:10.278 [http-nio-8011-exec-4] DEBUG o.s.w.s.m.m.a.RequestResponseBodyMethodProcessor - Using 'application/json', given [application/json, text/plain, */*] and supported [application/json, application/*+json, application/json, application/*+json]
2020-05-12 17:34:10.279 [http-nio-8011-exec-4] DEBUG o.s.w.s.m.m.a.RequestResponseBodyMethodProcessor - Writing [ResponseData(statusCord=200, message=登录成功!, gotoPage=false, url=null, data=ActiveUser(user=User(id=1 (truncated)...]
2020-05-12 17:34:10.298 [http-nio-8011-exec-4] DEBUG org.springframework.web.servlet.DispatcherServlet - Completed 200 OK
2020-05-12 17:34:10.372 [http-nio-8011-exec-6] DEBUG org.springframework.web.servlet.DispatcherServlet - GET "/api/common/getTreeMenus", parameters={}
2020-05-12 17:34:10.373 [http-nio-8011-exec-6] DEBUG o.s.w.s.m.m.a.RequestMappingHandlerMapping - Mapped to com.slq.controller.api.CommonController#getTreeMenus()
2020-05-12 17:34:10.870 [http-nio-8011-exec-6] DEBUG o.s.w.s.m.m.a.RequestResponseBodyMethodProcessor - Using 'application/json', given [application/json, text/plain, */*] and supported [application/json, application/*+json, application/json, application/*+json]
2020-05-12 17:34:10.871 [http-nio-8011-exec-6] DEBUG o.s.w.s.m.m.a.RequestResponseBodyMethodProcessor - Writing [ResponseData(statusCord=200, message=响应成功, gotoPage=false, url=null, data=[TreeMenu(id=1, title=系統管理 (truncated)...]
2020-05-12 17:34:10.878 [http-nio-8011-exec-6] DEBUG org.springframework.web.servlet.DispatcherServlet - Completed 200 OK
2020-05-12 17:34:17.991 [http-nio-8011-exec-7] DEBUG org.springframework.web.servlet.DispatcherServlet - POST "/api/productionPlan/search", parameters={}
2020-05-12 17:34:17.992 [http-nio-8011-exec-7] DEBUG o.s.w.s.m.m.a.RequestMappingHandlerMapping - Mapped to com.slq.controller.production.ProductionPlanController#search(Params)
2020-05-12 17:34:18.094 [http-nio-8011-exec-7] DEBUG o.s.w.s.m.m.a.RequestResponseBodyMethodProcessor - Read "application/json;charset=UTF-8" to [Params(pageNum=1, pageSize=5, keyWord=, orderingRule=OrderingRule(prop=production_id, order=desc), d (truncated)...]
2020-05-12 17:34:18.392 [http-nio-8011-exec-7] DEBUG o.s.w.s.m.m.a.RequestResponseBodyMethodProcessor - Using 'application/json', given [application/json, text/plain, */*] and supported [application/json, application/*+json, application/json, application/*+json]
2020-05-12 17:34:18.393 [http-nio-8011-exec-7] DEBUG o.s.w.s.m.m.a.RequestResponseBodyMethodProcessor - Writing [ResponseData(statusCord=200, message=响应成功, gotoPage=false, url=null, data=PageInfo{pageNum=1, pageSi (truncated)...]
2020-05-12 17:34:18.425 [http-nio-8011-exec-7] DEBUG org.springframework.web.servlet.DispatcherServlet - Completed 200 OK
2020-05-12 17:34:19.424 [http-nio-8011-exec-8] DEBUG org.springframework.web.servlet.DispatcherServlet - POST "/api/product/searchCanProductionProduct", parameters={}
2020-05-12 17:34:19.424 [http-nio-8011-exec-9] DEBUG org.springframework.web.servlet.DispatcherServlet - GET "/api/unit/production_reason", parameters={}
2020-05-12 17:34:19.424 [http-nio-8011-exec-8] DEBUG o.s.w.s.m.m.a.RequestMappingHandlerMapping - Mapped to com.slq.controller.production.ProductController#searchCanProductionProduct(Params)
2020-05-12 17:34:19.428 [http-nio-8011-exec-9] DEBUG o.s.w.s.m.m.a.RequestMappingHandlerMapping - Mapped to com.slq.controller.common.UnitController#getUnitValueByKey(String)
2020-05-12 17:34:19.436 [http-nio-8011-exec-8] DEBUG o.s.w.s.m.m.a.RequestResponseBodyMethodProcessor - Read "application/json;charset=UTF-8" to [Params(pageNum=1, pageSize=5, keyWord=, orderingRule=OrderingRule(prop=product_id, order=desc), date (truncated)...]
2020-05-12 17:34:19.496 [http-nio-8011-exec-9] DEBUG o.s.w.s.m.m.a.RequestResponseBodyMethodProcessor - Using 'application/json', given [application/json, text/plain, */*] and supported [application/json, application/*+json, application/json, application/*+json]
2020-05-12 17:34:19.496 [http-nio-8011-exec-9] DEBUG o.s.w.s.m.m.a.RequestResponseBodyMethodProcessor - Writing [ResponseData(statusCord=200, message=响应成功, gotoPage=false, url=null, data=Unit(id=4, parent_id=null, (truncated)...]
2020-05-12 17:34:19.512 [http-nio-8011-exec-9] DEBUG org.springframework.web.servlet.DispatcherServlet - Completed 200 OK
2020-05-12 17:34:19.631 [http-nio-8011-exec-8] DEBUG o.s.w.s.m.m.a.RequestResponseBodyMethodProcessor - Using 'application/json', given [application/json, text/plain, */*] and supported [application/json, application/*+json, application/json, application/*+json]
2020-05-12 17:34:19.631 [http-nio-8011-exec-8] DEBUG o.s.w.s.m.m.a.RequestResponseBodyMethodProcessor - Writing [ResponseData(statusCord=200, message=响应成功, gotoPage=false, url=null, data=PageInfo{pageNum=1, pageSi (truncated)...]
2020-05-12 17:34:19.647 [http-nio-8011-exec-8] DEBUG org.springframework.web.servlet.DispatcherServlet - Completed 200 OK
2020-05-12 17:34:26.356 [http-nio-8011-exec-10] DEBUG org.springframework.web.servlet.DispatcherServlet - POST "/api/productionPlan/insert", parameters={}
2020-05-12 17:34:26.357 [http-nio-8011-exec-10] DEBUG o.s.w.s.m.m.a.RequestMappingHandlerMapping - Mapped to com.slq.controller.production.ProductionPlanController#insert(ProductionPlan)
2020-05-12 17:34:26.373 [http-nio-8011-exec-10] DEBUG o.s.w.s.m.m.a.RequestResponseBodyMethodProcessor - Read "application/json;charset=UTF-8" to [ProductionPlan(id=null, production_id=null, designer=123, production_reason=新产品的生产, register=null, r (truncated)...]
2020-05-12 17:34:26.469 [http-nio-8011-exec-10] DEBUG o.s.w.s.m.m.a.RequestResponseBodyMethodProcessor - Using 'application/json', given [application/json, text/plain, */*] and supported [application/json, application/*+json, application/json, application/*+json]
2020-05-12 17:34:26.471 [http-nio-8011-exec-10] DEBUG o.s.w.s.m.m.a.RequestResponseBodyMethodProcessor - Writing [ResponseData(statusCord=200, message=响应成功, gotoPage=false, url=null, data=15)]
2020-05-12 17:34:26.477 [http-nio-8011-exec-10] DEBUG org.springframework.web.servlet.DispatcherServlet - Completed 200 OK
2020-05-12 17:34:26.818 [http-nio-8011-exec-1] DEBUG org.springframework.web.servlet.DispatcherServlet - POST "/api/productionPlan/search", parameters={}
2020-05-12 17:34:26.819 [http-nio-8011-exec-1] DEBUG o.s.w.s.m.m.a.RequestMappingHandlerMapping - Mapped to com.slq.controller.production.ProductionPlanController#search(Params)
2020-05-12 17:34:26.826 [http-nio-8011-exec-1] DEBUG o.s.w.s.m.m.a.RequestResponseBodyMethodProcessor - Read "application/json;charset=UTF-8" to [Params(pageNum=1, pageSize=5, keyWord=, orderingRule=OrderingRule(prop=production_id, order=desc), d (truncated)...]
2020-05-12 17:34:26.841 [http-nio-8011-exec-1] DEBUG o.s.w.s.m.m.a.RequestResponseBodyMethodProcessor - Using 'application/json', given [application/json, text/plain, */*] and supported [application/json, application/*+json, application/json, application/*+json]
2020-05-12 17:34:26.842 [http-nio-8011-exec-1] DEBUG o.s.w.s.m.m.a.RequestResponseBodyMethodProcessor - Writing [ResponseData(statusCord=200, message=响应成功, gotoPage=false, url=null, data=PageInfo{pageNum=1, pageSi (truncated)...]
2020-05-12 17:34:26.851 [http-nio-8011-exec-1] DEBUG org.springframework.web.servlet.DispatcherServlet - Completed 200 OK
2020-05-12 17:34:30.043 [http-nio-8011-exec-2] DEBUG org.springframework.web.servlet.DispatcherServlet - GET "/api/unit/production_reason", parameters={}
2020-05-12 17:34:30.046 [http-nio-8011-exec-2] DEBUG o.s.w.s.m.m.a.RequestMappingHandlerMapping - Mapped to com.slq.controller.common.UnitController#getUnitValueByKey(String)
2020-05-12 17:34:30.050 [http-nio-8011-exec-2] DEBUG o.s.w.s.m.m.a.RequestResponseBodyMethodProcessor - Using 'application/json', given [application/json, text/plain, */*] and supported [application/json, application/*+json, application/json, application/*+json]
2020-05-12 17:34:30.051 [http-nio-8011-exec-2] DEBUG o.s.w.s.m.m.a.RequestResponseBodyMethodProcessor - Writing [ResponseData(statusCord=200, message=响应成功, gotoPage=false, url=null, data=Unit(id=4, parent_id=null, (truncated)...]
2020-05-12 17:34:30.052 [http-nio-8011-exec-2] DEBUG org.springframework.web.servlet.DispatcherServlet - Completed 200 OK
2020-05-12 17:34:30.346 [http-nio-8011-exec-3] DEBUG org.springframework.web.servlet.DispatcherServlet - POST "/api/product/searchCanProductionProduct", parameters={}
2020-05-12 17:34:30.346 [http-nio-8011-exec-3] DEBUG o.s.w.s.m.m.a.RequestMappingHandlerMapping - Mapped to com.slq.controller.production.ProductController#searchCanProductionProduct(Params)
2020-05-12 17:34:30.347 [http-nio-8011-exec-3] DEBUG o.s.w.s.m.m.a.RequestResponseBodyMethodProcessor - Read "application/json;charset=UTF-8" to [Params(pageNum=1, pageSize=5, keyWord=, orderingRule=OrderingRule(prop=product_id, order=desc), date (truncated)...]
2020-05-12 17:34:30.358 [http-nio-8011-exec-3] DEBUG o.s.w.s.m.m.a.RequestResponseBodyMethodProcessor - Using 'application/json', given [application/json, text/plain, */*] and supported [application/json, application/*+json, application/json, application/*+json]
2020-05-12 17:34:30.358 [http-nio-8011-exec-3] DEBUG o.s.w.s.m.m.a.RequestResponseBodyMethodProcessor - Writing [ResponseData(statusCord=200, message=响应成功, gotoPage=false, url=null, data=PageInfo{pageNum=1, pageSi (truncated)...]
2020-05-12 17:34:30.360 [http-nio-8011-exec-3] DEBUG org.springframework.web.servlet.DispatcherServlet - Completed 200 OK
2020-05-12 17:34:40.475 [http-nio-8011-exec-4] DEBUG org.springframework.web.servlet.DispatcherServlet - GET "/api/productionPlan/checker", parameters={}
2020-05-12 17:34:40.476 [http-nio-8011-exec-4] DEBUG o.s.w.s.m.m.a.RequestMappingHandlerMapping - Mapped to com.slq.controller.production.ProductionPlanController#checker()
2020-05-12 17:34:40.554 [http-nio-8011-exec-4] DEBUG o.s.w.s.m.m.a.RequestResponseBodyMethodProcessor - Using 'application/json', given [application/json, text/plain, */*] and supported [application/json, application/*+json, application/json, application/*+json]
2020-05-12 17:34:40.555 [http-nio-8011-exec-4] DEBUG o.s.w.s.m.m.a.RequestResponseBodyMethodProcessor - Writing [ResponseData(statusCord=200, message=响应成功, gotoPage=false, url=null, data=[ProductionPlan(id=15, pro (truncated)...]
2020-05-12 17:34:40.563 [http-nio-8011-exec-4] DEBUG org.springframework.web.servlet.DispatcherServlet - Completed 200 OK
2020-05-12 17:34:41.832 [http-nio-8011-exec-5] DEBUG org.springframework.web.servlet.DispatcherServlet - GET "/api/productionPlan/byIdAll/15", parameters={}
2020-05-12 17:34:41.834 [http-nio-8011-exec-5] DEBUG o.s.w.s.m.m.a.RequestMappingHandlerMapping - Mapped to com.slq.controller.production.ProductionPlanController#getProductionPlanAndDetailById(Integer)
2020-05-12 17:34:41.845 [http-nio-8011-exec-5] DEBUG o.s.w.s.m.m.a.RequestResponseBodyMethodProcessor - Using 'application/json', given [application/json, text/plain, */*] and supported [application/json, application/*+json, application/json, application/*+json]
2020-05-12 17:34:41.846 [http-nio-8011-exec-5] DEBUG o.s.w.s.m.m.a.RequestResponseBodyMethodProcessor - Writing [ResponseData(statusCord=200, message=响应成功, gotoPage=false, url=null, data=ProductionPlan(id=15, prod (truncated)...]
2020-05-12 17:34:41.850 [http-nio-8011-exec-5] DEBUG org.springframework.web.servlet.DispatcherServlet - Completed 200 OK
2020-05-12 17:34:47.936 [http-nio-8011-exec-6] DEBUG org.springframework.web.servlet.DispatcherServlet - POST "/api/productionPlan/pass", parameters={}
2020-05-12 17:34:47.937 [http-nio-8011-exec-6] DEBUG o.s.w.s.m.m.a.RequestMappingHandlerMapping - Mapped to com.slq.controller.production.ProductionPlanController#pass(ProductionPlan)
2020-05-12 17:34:47.938 [http-nio-8011-exec-6] DEBUG o.s.w.s.m.m.a.RequestResponseBodyMethodProcessor - Read "application/json;charset=UTF-8" to [ProductionPlan(id=15, production_id=null, designer=null, production_reason=null, register=null, regi (truncated)...]
2020-05-12 17:34:47.965 [http-nio-8011-exec-6] DEBUG o.s.w.s.m.m.a.RequestResponseBodyMethodProcessor - Using 'application/json', given [application/json, text/plain, */*] and supported [application/json, application/*+json, application/json, application/*+json]
2020-05-12 17:34:47.966 [http-nio-8011-exec-6] DEBUG o.s.w.s.m.m.a.RequestResponseBodyMethodProcessor - Writing [ResponseData(statusCord=200, message=响应成功, gotoPage=false, url=null, data=1)]
2020-05-12 17:34:47.967 [http-nio-8011-exec-6] DEBUG org.springframework.web.servlet.DispatcherServlet - Completed 200 OK
2020-05-12 17:34:48.195 [http-nio-8011-exec-7] DEBUG org.springframework.web.servlet.DispatcherServlet - GET "/api/productionPlan/checker", parameters={}
2020-05-12 17:34:48.197 [http-nio-8011-exec-7] DEBUG o.s.w.s.m.m.a.RequestMappingHandlerMapping - Mapped to com.slq.controller.production.ProductionPlanController#checker()
2020-05-12 17:34:48.206 [http-nio-8011-exec-7] DEBUG o.s.w.s.m.m.a.RequestResponseBodyMethodProcessor - Using 'application/json', given [application/json, text/plain, */*] and supported [application/json, application/*+json, application/json, application/*+json]
2020-05-12 17:34:48.207 [http-nio-8011-exec-7] DEBUG o.s.w.s.m.m.a.RequestResponseBodyMethodProcessor - Writing [ResponseData(statusCord=200, message=响应成功, gotoPage=false, url=null, data=[])]
2020-05-12 17:34:48.208 [http-nio-8011-exec-7] DEBUG org.springframework.web.servlet.DispatcherServlet - Completed 200 OK
2020-05-12 17:34:49.596 [http-nio-8011-exec-9] DEBUG org.springframework.web.servlet.DispatcherServlet - GET "/api/product/meetDispatching", parameters={}
2020-05-12 17:34:49.597 [http-nio-8011-exec-9] DEBUG o.s.w.s.m.m.a.RequestMappingHandlerMapping - Mapped to com.slq.controller.production.ProductController#getMeetDispatchingProduction()
2020-05-12 17:34:49.607 [http-nio-8011-exec-9] DEBUG o.s.w.s.m.m.a.RequestResponseBodyMethodProcessor - Using 'application/json', given [application/json, text/plain, */*] and supported [application/json, application/*+json, application/json, application/*+json]
2020-05-12 17:34:49.609 [http-nio-8011-exec-9] DEBUG o.s.w.s.m.m.a.RequestResponseBodyMethodProcessor - Writing [ResponseData(statusCord=200, message=响应成功, gotoPage=false, url=null, data=[Product(id=17, product_id (truncated)...]
2020-05-12 17:34:49.611 [http-nio-8011-exec-9] DEBUG org.springframework.web.servlet.DispatcherServlet - Completed 200 OK
2020-05-12 17:35:12.605 [http-nio-8011-exec-1] DEBUG org.springframework.web.servlet.DispatcherServlet - POST "/api/productionPlan/search", parameters={}
2020-05-12 17:35:12.606 [http-nio-8011-exec-1] DEBUG o.s.w.s.m.m.a.RequestMappingHandlerMapping - Mapped to com.slq.controller.production.ProductionPlanController#search(Params)
2020-05-12 17:35:12.611 [http-nio-8011-exec-1] DEBUG o.s.w.s.m.m.a.RequestResponseBodyMethodProcessor - Read "application/json;charset=UTF-8" to [Params(pageNum=1, pageSize=5, keyWord=, orderingRule=OrderingRule(prop=production_id, order=desc), d (truncated)...]
2020-05-12 17:35:12.628 [http-nio-8011-exec-1] DEBUG o.s.w.s.m.m.a.RequestResponseBodyMethodProcessor - Using 'application/json', given [application/json, text/plain, */*] and supported [application/json, application/*+json, application/json, application/*+json]
2020-05-12 17:35:12.629 [http-nio-8011-exec-1] DEBUG o.s.w.s.m.m.a.RequestResponseBodyMethodProcessor - Writing [ResponseData(statusCord=200, message=响应成功, gotoPage=false, url=null, data=PageInfo{pageNum=1, pageSi (truncated)...]
2020-05-12 17:35:12.631 [http-nio-8011-exec-1] DEBUG org.springframework.web.servlet.DispatcherServlet - Completed 200 OK
2020-05-12 17:35:15.468 [http-nio-8011-exec-2] DEBUG org.springframework.web.servlet.DispatcherServlet - GET "/api/unit/production_reason", parameters={}
2020-05-12 17:35:15.470 [http-nio-8011-exec-2] DEBUG o.s.w.s.m.m.a.RequestMappingHandlerMapping - Mapped to com.slq.controller.common.UnitController#getUnitValueByKey(String)
2020-05-12 17:35:15.475 [http-nio-8011-exec-2] DEBUG o.s.w.s.m.m.a.RequestResponseBodyMethodProcessor - Using 'application/json', given [application/json, text/plain, */*] and supported [application/json, application/*+json, application/json, application/*+json]
2020-05-12 17:35:15.475 [http-nio-8011-exec-2] DEBUG o.s.w.s.m.m.a.RequestResponseBodyMethodProcessor - Writing [ResponseData(statusCord=200, message=响应成功, gotoPage=false, url=null, data=Unit(id=4, parent_id=null, (truncated)...]
2020-05-12 17:35:15.477 [http-nio-8011-exec-2] DEBUG org.springframework.web.servlet.DispatcherServlet - Completed 200 OK
2020-05-12 17:35:15.779 [http-nio-8011-exec-3] DEBUG org.springframework.web.servlet.DispatcherServlet - POST "/api/product/searchCanProductionProduct", parameters={}
2020-05-12 17:35:15.781 [http-nio-8011-exec-3] DEBUG o.s.w.s.m.m.a.RequestMappingHandlerMapping - Mapped to com.slq.controller.production.ProductController#searchCanProductionProduct(Params)
2020-05-12 17:35:15.785 [http-nio-8011-exec-3] DEBUG o.s.w.s.m.m.a.RequestResponseBodyMethodProcessor - Read "application/json;charset=UTF-8" to [Params(pageNum=1, pageSize=5, keyWord=, orderingRule=OrderingRule(prop=product_id, order=desc), date (truncated)...]
2020-05-12 17:35:15.799 [http-nio-8011-exec-3] DEBUG o.s.w.s.m.m.a.RequestResponseBodyMethodProcessor - Using 'application/json', given [application/json, text/plain, */*] and supported [application/json, application/*+json, application/json, application/*+json]
2020-05-12 17:35:15.800 [http-nio-8011-exec-3] DEBUG o.s.w.s.m.m.a.RequestResponseBodyMethodProcessor - Writing [ResponseData(statusCord=200, message=响应成功, gotoPage=false, url=null, data=PageInfo{pageNum=1, pageSi (truncated)...]
2020-05-12 17:35:15.801 [http-nio-8011-exec-3] DEBUG org.springframework.web.servlet.DispatcherServlet - Completed 200 OK
2020-05-12 17:35:23.421 [http-nio-8011-exec-4] DEBUG org.springframework.web.servlet.DispatcherServlet - POST "/api/productionPlan/insert", parameters={}
2020-05-12 17:35:23.423 [http-nio-8011-exec-4] DEBUG o.s.w.s.m.m.a.RequestMappingHandlerMapping - Mapped to com.slq.controller.production.ProductionPlanController#insert(ProductionPlan)
2020-05-12 17:35:23.426 [http-nio-8011-exec-4] DEBUG o.s.w.s.m.m.a.RequestResponseBodyMethodProcessor - Read "application/json;charset=UTF-8" to [ProductionPlan(id=null, production_id=null, designer=123, production_reason=新产品的生产, register=null, r (truncated)...]
2020-05-12 17:35:23.442 [http-nio-8011-exec-4] DEBUG o.s.w.s.m.m.a.RequestResponseBodyMethodProcessor - Using 'application/json', given [application/json, text/plain, */*] and supported [application/json, application/*+json, application/json, application/*+json]
2020-05-12 17:35:23.444 [http-nio-8011-exec-4] DEBUG o.s.w.s.m.m.a.RequestResponseBodyMethodProcessor - Writing [ResponseData(statusCord=200, message=响应成功, gotoPage=false, url=null, data=16)]
2020-05-12 17:35:23.445 [http-nio-8011-exec-4] DEBUG org.springframework.web.servlet.DispatcherServlet - Completed 200 OK
2020-05-12 17:35:23.677 [http-nio-8011-exec-5] DEBUG org.springframework.web.servlet.DispatcherServlet - POST "/api/productionPlan/search", parameters={}
2020-05-12 17:35:23.677 [http-nio-8011-exec-5] DEBUG o.s.w.s.m.m.a.RequestMappingHandlerMapping - Mapped to com.slq.controller.production.ProductionPlanController#search(Params)
2020-05-12 17:35:23.680 [http-nio-8011-exec-5] DEBUG o.s.w.s.m.m.a.RequestResponseBodyMethodProcessor - Read "application/json;charset=UTF-8" to [Params(pageNum=1, pageSize=5, keyWord=, orderingRule=OrderingRule(prop=production_id, order=desc), d (truncated)...]
2020-05-12 17:35:23.708 [http-nio-8011-exec-5] DEBUG o.s.w.s.m.m.a.RequestResponseBodyMethodProcessor - Using 'application/json', given [application/json, text/plain, */*] and supported [application/json, application/*+json, application/json, application/*+json]
2020-05-12 17:35:23.709 [http-nio-8011-exec-5] DEBUG o.s.w.s.m.m.a.RequestResponseBodyMethodProcessor - Writing [ResponseData(statusCord=200, message=响应成功, gotoPage=false, url=null, data=PageInfo{pageNum=1, pageSi (truncated)...]
2020-05-12 17:35:23.710 [http-nio-8011-exec-5] DEBUG org.springframework.web.servlet.DispatcherServlet - Completed 200 OK
2020-05-12 17:35:24.783 [http-nio-8011-exec-6] DEBUG org.springframework.web.servlet.DispatcherServlet - GET "/api/productionPlan/checker", parameters={}
2020-05-12 17:35:24.783 [http-nio-8011-exec-6] DEBUG o.s.w.s.m.m.a.RequestMappingHandlerMapping - Mapped to com.slq.controller.production.ProductionPlanController#checker()
2020-05-12 17:35:24.791 [http-nio-8011-exec-6] DEBUG o.s.w.s.m.m.a.RequestResponseBodyMethodProcessor - Using 'application/json', given [application/json, text/plain, */*] and supported [application/json, application/*+json, application/json, application/*+json]
2020-05-12 17:35:24.791 [http-nio-8011-exec-6] DEBUG o.s.w.s.m.m.a.RequestResponseBodyMethodProcessor - Writing [ResponseData(statusCord=200, message=响应成功, gotoPage=false, url=null, data=[ProductionPlan(id=16, pro (truncated)...]
2020-05-12 17:35:24.792 [http-nio-8011-exec-6] DEBUG org.springframework.web.servlet.DispatcherServlet - Completed 200 OK
2020-05-12 17:35:26.262 [http-nio-8011-exec-7] DEBUG org.springframework.web.servlet.DispatcherServlet - GET "/api/productionPlan/byIdAll/16", parameters={}
2020-05-12 17:35:26.263 [http-nio-8011-exec-7] DEBUG o.s.w.s.m.m.a.RequestMappingHandlerMapping - Mapped to com.slq.controller.production.ProductionPlanController#getProductionPlanAndDetailById(Integer)
2020-05-12 17:35:26.275 [http-nio-8011-exec-7] DEBUG o.s.w.s.m.m.a.RequestResponseBodyMethodProcessor - Using 'application/json', given [application/json, text/plain, */*] and supported [application/json, application/*+json, application/json, application/*+json]
2020-05-12 17:35:26.275 [http-nio-8011-exec-7] DEBUG o.s.w.s.m.m.a.RequestResponseBodyMethodProcessor - Writing [ResponseData(statusCord=200, message=响应成功, gotoPage=false, url=null, data=ProductionPlan(id=16, prod (truncated)...]
2020-05-12 17:35:26.278 [http-nio-8011-exec-7] DEBUG org.springframework.web.servlet.DispatcherServlet - Completed 200 OK
2020-05-12 17:35:27.428 [http-nio-8011-exec-9] DEBUG org.springframework.web.servlet.DispatcherServlet - POST "/api/productionPlan/pass", parameters={}
2020-05-12 17:35:27.429 [http-nio-8011-exec-9] DEBUG o.s.w.s.m.m.a.RequestMappingHandlerMapping - Mapped to com.slq.controller.production.ProductionPlanController#pass(ProductionPlan)
2020-05-12 17:35:27.429 [http-nio-8011-exec-9] DEBUG o.s.w.s.m.m.a.RequestResponseBodyMethodProcessor - Read "application/json;charset=UTF-8" to [ProductionPlan(id=16, production_id=null, designer=null, production_reason=null, register=null, regi (truncated)...]
2020-05-12 17:35:27.443 [http-nio-8011-exec-9] DEBUG o.s.w.s.m.m.a.RequestResponseBodyMethodProcessor - Using 'application/json', given [application/json, text/plain, */*] and supported [application/json, application/*+json, application/json, application/*+json]
2020-05-12 17:35:27.444 [http-nio-8011-exec-9] DEBUG o.s.w.s.m.m.a.RequestResponseBodyMethodProcessor - Writing [ResponseData(statusCord=200, message=响应成功, gotoPage=false, url=null, data=1)]
2020-05-12 17:35:27.444 [http-nio-8011-exec-9] DEBUG org.springframework.web.servlet.DispatcherServlet - Completed 200 OK
2020-05-12 17:35:27.767 [http-nio-8011-exec-8] DEBUG org.springframework.web.servlet.DispatcherServlet - GET "/api/productionPlan/checker", parameters={}
2020-05-12 17:35:27.768 [http-nio-8011-exec-8] DEBUG o.s.w.s.m.m.a.RequestMappingHandlerMapping - Mapped to com.slq.controller.production.ProductionPlanController#checker()
2020-05-12 17:35:27.780 [http-nio-8011-exec-8] DEBUG o.s.w.s.m.m.a.RequestResponseBodyMethodProcessor - Using 'application/json', given [application/json, text/plain, */*] and supported [application/json, application/*+json, application/json, application/*+json]
2020-05-12 17:35:27.780 [http-nio-8011-exec-8] DEBUG o.s.w.s.m.m.a.RequestResponseBodyMethodProcessor - Writing [ResponseData(statusCord=200, message=响应成功, gotoPage=false, url=null, data=[])]
2020-05-12 17:35:27.781 [http-nio-8011-exec-8] DEBUG org.springframework.web.servlet.DispatcherServlet - Completed 200 OK
2020-05-12 17:35:31.649 [http-nio-8011-exec-10] DEBUG org.springframework.web.servlet.DispatcherServlet - GET "/api/product/meetDispatching", parameters={}
2020-05-12 17:35:31.650 [http-nio-8011-exec-10] DEBUG o.s.w.s.m.m.a.RequestMappingHandlerMapping - Mapped to com.slq.controller.production.ProductController#getMeetDispatchingProduction()
2020-05-12 17:35:31.658 [http-nio-8011-exec-10] DEBUG o.s.w.s.m.m.a.RequestResponseBodyMethodProcessor - Using 'application/json', given [application/json, text/plain, */*] and supported [application/json, application/*+json, application/json, application/*+json]
2020-05-12 17:35:31.659 [http-nio-8011-exec-10] DEBUG o.s.w.s.m.m.a.RequestResponseBodyMethodProcessor - Writing [ResponseData(statusCord=200, message=响应成功, gotoPage=false, url=null, data=[Product(id=17, product_id (truncated)...]
2020-05-12 17:35:31.663 [http-nio-8011-exec-10] DEBUG org.springframework.web.servlet.DispatcherServlet - Completed 200 OK
2020-05-12 17:36:16.357 [http-nio-8011-exec-1] DEBUG org.springframework.web.servlet.DispatcherServlet - GET "/api/processDesign/byProductId/CP20200511000001", parameters={}
2020-05-12 17:36:16.358 [http-nio-8011-exec-1] DEBUG o.s.w.s.m.m.a.RequestMappingHandlerMapping - Mapped to com.slq.controller.production.ProcessDesignController#getProcessDesignByProductId(String)
2020-05-12 17:36:16.449 [http-nio-8011-exec-1] DEBUG o.s.w.s.m.m.a.RequestResponseBodyMethodProcessor - Using 'application/json', given [application/json, text/plain, */*] and supported [application/json, application/*+json, application/json, application/*+json]
2020-05-12 17:36:16.454 [http-nio-8011-exec-1] DEBUG o.s.w.s.m.m.a.RequestResponseBodyMethodProcessor - Writing [ResponseData(statusCord=200, message=响应成功, gotoPage=false, url=null, data=ProcessDesign(id=6, proces (truncated)...]
2020-05-12 17:36:16.474 [http-nio-8011-exec-1] DEBUG org.springframework.web.servlet.DispatcherServlet - Completed 200 OK
2020-05-12 17:36:29.850 [http-nio-8011-exec-2] DEBUG org.springframework.web.servlet.DispatcherServlet - GET "/api/processMaterialDetail/byParentId/22", parameters={}
2020-05-12 17:36:29.852 [http-nio-8011-exec-2] DEBUG o.s.w.s.m.m.a.RequestMappingHandlerMapping - Mapped to com.slq.controller.production.ProcessMaterialDetailController#getProcessMaterialDesignByParentId(Integer)
2020-05-12 17:36:29.879 [http-nio-8011-exec-2] DEBUG o.s.w.s.m.m.a.RequestResponseBodyMethodProcessor - Using 'application/json', given [application/json, text/plain, */*] and supported [application/json, application/*+json, application/json, application/*+json]
2020-05-12 17:36:29.879 [http-nio-8011-exec-2] DEBUG o.s.w.s.m.m.a.RequestResponseBodyMethodProcessor - Writing [ResponseData(statusCord=200, message=响应成功, gotoPage=false, url=null, data=[ProcessMaterialDetail(id= (truncated)...]
2020-05-12 17:36:29.882 [http-nio-8011-exec-2] DEBUG org.springframework.web.servlet.DispatcherServlet - Completed 200 OK
2020-05-12 17:38:04.685 [http-nio-8011-exec-3] DEBUG org.springframework.web.servlet.DispatcherServlet - POST "/api/manufacture/search", parameters={}
2020-05-12 17:38:04.686 [http-nio-8011-exec-3] DEBUG o.s.w.s.m.m.a.RequestMappingHandlerMapping - Mapped to com.slq.controller.production.ManufactureSumController#search(Params)
2020-05-12 17:38:04.687 [http-nio-8011-exec-3] DEBUG o.s.w.s.m.m.a.RequestResponseBodyMethodProcessor - Read "application/json;charset=UTF-8" to [Params(pageNum=1, pageSize=5, keyWord=, orderingRule=OrderingRule(prop=manufacture_id, order=desc),  (truncated)...]
2020-05-12 17:38:04.725 [http-nio-8011-exec-3] DEBUG o.s.w.s.m.m.a.RequestResponseBodyMethodProcessor - Using 'application/json', given [application/json, text/plain, */*] and supported [application/json, application/*+json, application/json, application/*+json]
2020-05-12 17:38:04.726 [http-nio-8011-exec-3] DEBUG o.s.w.s.m.m.a.RequestResponseBodyMethodProcessor - Writing [ResponseData(statusCord=200, message=响应成功, gotoPage=false, url=null, data=PageInfo{pageNum=1, pageSi (truncated)...]
2020-05-12 17:38:04.727 [http-nio-8011-exec-3] DEBUG org.springframework.web.servlet.DispatcherServlet - Completed 200 OK
2020-05-12 17:38:05.899 [http-nio-8011-exec-4] DEBUG org.springframework.web.servlet.DispatcherServlet - GET "/api/product/meetDispatching", parameters={}
2020-05-12 17:38:05.900 [http-nio-8011-exec-4] DEBUG o.s.w.s.m.m.a.RequestMappingHandlerMapping - Mapped to com.slq.controller.production.ProductController#getMeetDispatchingProduction()
2020-05-12 17:38:05.916 [http-nio-8011-exec-4] DEBUG o.s.w.s.m.m.a.RequestResponseBodyMethodProcessor - Using 'application/json', given [application/json, text/plain, */*] and supported [application/json, application/*+json, application/json, application/*+json]
2020-05-12 17:38:05.916 [http-nio-8011-exec-4] DEBUG o.s.w.s.m.m.a.RequestResponseBodyMethodProcessor - Writing [ResponseData(statusCord=200, message=响应成功, gotoPage=false, url=null, data=[Product(id=17, product_id (truncated)...]
2020-05-12 17:38:05.918 [http-nio-8011-exec-4] DEBUG org.springframework.web.servlet.DispatcherServlet - Completed 200 OK
2020-05-12 17:38:09.527 [http-nio-8011-exec-5] DEBUG org.springframework.web.servlet.DispatcherServlet - GET "/api/processDesign/byProductId/CP20200511000001", parameters={}
2020-05-12 17:38:09.534 [http-nio-8011-exec-5] DEBUG o.s.w.s.m.m.a.RequestMappingHandlerMapping - Mapped to com.slq.controller.production.ProcessDesignController#getProcessDesignByProductId(String)
2020-05-12 17:38:09.538 [http-nio-8011-exec-5] DEBUG o.s.w.s.m.m.a.RequestResponseBodyMethodProcessor - Using 'application/json', given [application/json, text/plain, */*] and supported [application/json, application/*+json, application/json, application/*+json]
2020-05-12 17:38:09.538 [http-nio-8011-exec-5] DEBUG o.s.w.s.m.m.a.RequestResponseBodyMethodProcessor - Writing [ResponseData(statusCord=200, message=响应成功, gotoPage=false, url=null, data=ProcessDesign(id=6, proces (truncated)...]
2020-05-12 17:38:09.542 [http-nio-8011-exec-5] DEBUG org.springframework.web.servlet.DispatcherServlet - Completed 200 OK
2020-05-12 17:38:11.250 [http-nio-8011-exec-6] DEBUG org.springframework.web.servlet.DispatcherServlet - POST "/api/manufacture/insert", parameters={}
2020-05-12 17:38:11.250 [http-nio-8011-exec-6] DEBUG o.s.w.s.m.m.a.RequestMappingHandlerMapping - Mapped to com.slq.controller.production.ManufactureSumController#insert(ManufactureSum)
2020-05-12 17:38:11.303 [http-nio-8011-exec-6] DEBUG o.s.w.s.m.m.a.RequestResponseBodyMethodProcessor - Read "application/json;charset=UTF-8" to [ManufactureSum(id=null, manufacture_id=null, product_id=CP20200511000001, product_name=笔记本电脑, amount (truncated)...]
2020-05-12 17:38:11.528 [http-nio-8011-exec-6] DEBUG o.s.w.s.m.m.a.RequestResponseBodyMethodProcessor - Using 'application/json', given [application/json, text/plain, */*] and supported [application/json, application/*+json, application/json, application/*+json]
2020-05-12 17:38:11.528 [http-nio-8011-exec-6] DEBUG o.s.w.s.m.m.a.RequestResponseBodyMethodProcessor - Writing [ResponseData(statusCord=200, message=响应成功, gotoPage=false, url=null, data=22)]
2020-05-12 17:38:11.545 [http-nio-8011-exec-6] DEBUG org.springframework.web.servlet.DispatcherServlet - Completed 200 OK
2020-05-12 17:38:16.058 [http-nio-8011-exec-7] DEBUG org.springframework.web.servlet.DispatcherServlet - GET "/api/manufacture/checker", parameters={}
2020-05-12 17:38:16.059 [http-nio-8011-exec-7] DEBUG o.s.w.s.m.m.a.RequestMappingHandlerMapping - Mapped to com.slq.controller.production.ManufactureSumController#getCheckerManufacture()
2020-05-12 17:38:16.070 [http-nio-8011-exec-7] DEBUG o.s.w.s.m.m.a.RequestResponseBodyMethodProcessor - Using 'application/json', given [application/json, text/plain, */*] and supported [application/json, application/*+json, application/json, application/*+json]
2020-05-12 17:38:16.070 [http-nio-8011-exec-7] DEBUG o.s.w.s.m.m.a.RequestResponseBodyMethodProcessor - Writing [ResponseData(statusCord=200, message=响应成功, gotoPage=false, url=null, data=[ManufactureSum(id=22, man (truncated)...]
2020-05-12 17:38:16.074 [http-nio-8011-exec-7] DEBUG org.springframework.web.servlet.DispatcherServlet - Completed 200 OK
2020-05-12 17:38:19.347 [http-nio-8011-exec-9] DEBUG org.springframework.web.servlet.DispatcherServlet - GET "/api/processDetail/byProductId/CP20200511000001", parameters={}
2020-05-12 17:38:19.348 [http-nio-8011-exec-9] DEBUG o.s.w.s.m.m.a.RequestMappingHandlerMapping - Mapped to com.slq.controller.production.ProcessDetailController#getProcessDetailByProductId(String)
2020-05-12 17:38:19.364 [http-nio-8011-exec-9] DEBUG o.s.w.s.m.m.a.RequestResponseBodyMethodProcessor - Using 'application/json', given [application/json, text/plain, */*] and supported [application/json, application/*+json, application/json, application/*+json]
2020-05-12 17:38:19.364 [http-nio-8011-exec-9] DEBUG o.s.w.s.m.m.a.RequestResponseBodyMethodProcessor - Writing [ResponseData(statusCord=200, message=响应成功, gotoPage=false, url=null, data=[ProcessDetail(id=22, pare (truncated)...]
2020-05-12 17:38:19.365 [http-nio-8011-exec-9] DEBUG org.springframework.web.servlet.DispatcherServlet - Completed 200 OK
2020-05-12 17:38:19.677 [http-nio-8011-exec-8] DEBUG org.springframework.web.servlet.DispatcherServlet - GET "/api/processDetail/byProductId/CP20200511000001", parameters={}
2020-05-12 17:38:19.678 [http-nio-8011-exec-8] DEBUG o.s.w.s.m.m.a.RequestMappingHandlerMapping - Mapped to com.slq.controller.production.ProcessDetailController#getProcessDetailByProductId(String)
2020-05-12 17:38:19.680 [http-nio-8011-exec-8] DEBUG o.s.w.s.m.m.a.RequestResponseBodyMethodProcessor - Using 'application/json', given [application/json, text/plain, */*] and supported [application/json, application/*+json, application/json, application/*+json]
2020-05-12 17:38:19.681 [http-nio-8011-exec-8] DEBUG o.s.w.s.m.m.a.RequestResponseBodyMethodProcessor - Writing [ResponseData(statusCord=200, message=响应成功, gotoPage=false, url=null, data=[ProcessDetail(id=22, pare (truncated)...]
2020-05-12 17:38:19.683 [http-nio-8011-exec-8] DEBUG org.springframework.web.servlet.DispatcherServlet - Completed 200 OK
2020-05-12 17:38:22.604 [http-nio-8011-exec-10] DEBUG org.springframework.web.servlet.DispatcherServlet - POST "/api/manufacture/pass", parameters={}
2020-05-12 17:38:22.604 [http-nio-8011-exec-10] DEBUG o.s.w.s.m.m.a.RequestMappingHandlerMapping - Mapped to com.slq.controller.production.ManufactureSumController#pass(ManufactureSum)
2020-05-12 17:38:22.606 [http-nio-8011-exec-10] DEBUG o.s.w.s.m.m.a.RequestResponseBodyMethodProcessor - Read "application/json;charset=UTF-8" to [ManufactureSum(id=22, manufacture_id=null, product_id=null, product_name=null, amount=0, tested_amou (truncated)...]
2020-05-12 17:38:22.628 [http-nio-8011-exec-10] DEBUG o.s.w.s.m.m.a.RequestResponseBodyMethodProcessor - Using 'application/json', given [application/json, text/plain, */*] and supported [application/json, application/*+json, application/json, application/*+json]
2020-05-12 17:38:22.628 [http-nio-8011-exec-10] DEBUG o.s.w.s.m.m.a.RequestResponseBodyMethodProcessor - Writing [ResponseData(statusCord=200, message=响应成功, gotoPage=false, url=null, data=1)]
2020-05-12 17:38:22.630 [http-nio-8011-exec-10] DEBUG org.springframework.web.servlet.DispatcherServlet - Completed 200 OK
2020-05-12 17:38:22.955 [http-nio-8011-exec-1] DEBUG org.springframework.web.servlet.DispatcherServlet - GET "/api/manufacture/checker", parameters={}
2020-05-12 17:38:22.956 [http-nio-8011-exec-1] DEBUG o.s.w.s.m.m.a.RequestMappingHandlerMapping - Mapped to com.slq.controller.production.ManufactureSumController#getCheckerManufacture()
2020-05-12 17:38:22.962 [http-nio-8011-exec-1] DEBUG o.s.w.s.m.m.a.RequestResponseBodyMethodProcessor - Using 'application/json', given [application/json, text/plain, */*] and supported [application/json, application/*+json, application/json, application/*+json]
2020-05-12 17:38:22.962 [http-nio-8011-exec-1] DEBUG o.s.w.s.m.m.a.RequestResponseBodyMethodProcessor - Writing [ResponseData(statusCord=200, message=响应成功, gotoPage=false, url=null, data=[])]
2020-05-12 17:38:22.963 [http-nio-8011-exec-1] DEBUG org.springframework.web.servlet.DispatcherServlet - Completed 200 OK
2020-05-12 17:38:24.964 [http-nio-8011-exec-2] DEBUG org.springframework.web.servlet.DispatcherServlet - GET "/api/product/meetDispatching", parameters={}
2020-05-12 17:38:24.965 [http-nio-8011-exec-2] DEBUG o.s.w.s.m.m.a.RequestMappingHandlerMapping - Mapped to com.slq.controller.production.ProductController#getMeetDispatchingProduction()
2020-05-12 17:38:24.970 [http-nio-8011-exec-2] DEBUG o.s.w.s.m.m.a.RequestResponseBodyMethodProcessor - Using 'application/json', given [application/json, text/plain, */*] and supported [application/json, application/*+json, application/json, application/*+json]
2020-05-12 17:38:24.970 [http-nio-8011-exec-2] DEBUG o.s.w.s.m.m.a.RequestResponseBodyMethodProcessor - Writing [ResponseData(statusCord=200, message=响应成功, gotoPage=false, url=null, data=[])]
2020-05-12 17:38:24.971 [http-nio-8011-exec-2] DEBUG org.springframework.web.servlet.DispatcherServlet - Completed 200 OK
2020-05-12 17:38:27.772 [http-nio-8011-exec-3] DEBUG org.springframework.web.servlet.DispatcherServlet - POST "/api/manufacture/search", parameters={}
2020-05-12 17:38:27.774 [http-nio-8011-exec-3] DEBUG o.s.w.s.m.m.a.RequestMappingHandlerMapping - Mapped to com.slq.controller.production.ManufactureSumController#search(Params)
2020-05-12 17:38:27.778 [http-nio-8011-exec-3] DEBUG o.s.w.s.m.m.a.RequestResponseBodyMethodProcessor - Read "application/json;charset=UTF-8" to [Params(pageNum=1, pageSize=5, keyWord=, orderingRule=OrderingRule(prop=manufacture_id, order=desc),  (truncated)...]
2020-05-12 17:38:27.784 [http-nio-8011-exec-3] DEBUG o.s.w.s.m.m.a.RequestResponseBodyMethodProcessor - Using 'application/json', given [application/json, text/plain, */*] and supported [application/json, application/*+json, application/json, application/*+json]
2020-05-12 17:38:27.785 [http-nio-8011-exec-3] DEBUG o.s.w.s.m.m.a.RequestResponseBodyMethodProcessor - Writing [ResponseData(statusCord=200, message=响应成功, gotoPage=false, url=null, data=PageInfo{pageNum=1, pageSi (truncated)...]
2020-05-12 17:38:27.788 [http-nio-8011-exec-3] DEBUG org.springframework.web.servlet.DispatcherServlet - Completed 200 OK
2020-05-12 17:38:29.153 [http-nio-8011-exec-4] DEBUG org.springframework.web.servlet.DispatcherServlet - GET "/api/productionProcess/byParentId/22", parameters={}
2020-05-12 17:38:29.154 [http-nio-8011-exec-4] DEBUG o.s.w.s.m.m.a.RequestMappingHandlerMapping - Mapped to com.slq.controller.production.ProductionProcessController#getProcessDetailTransitionProductionProcess(Integer)
2020-05-12 17:38:29.161 [http-nio-8011-exec-4] DEBUG o.s.w.s.m.m.a.RequestResponseBodyMethodProcessor - Using 'application/json', given [application/json, text/plain, */*] and supported [application/json, application/*+json, application/json, application/*+json]
2020-05-12 17:38:29.161 [http-nio-8011-exec-4] DEBUG o.s.w.s.m.m.a.RequestResponseBodyMethodProcessor - Writing [ResponseData(statusCord=200, message=响应成功, gotoPage=false, url=null, data=[ProductionProcess(id=43,  (truncated)...]
2020-05-12 17:38:29.165 [http-nio-8011-exec-4] DEBUG org.springframework.web.servlet.DispatcherServlet - Completed 200 OK
2020-05-12 17:39:54.169 [http-nio-8011-exec-5] DEBUG org.springframework.web.servlet.DispatcherServlet - GET "/api/product/meetDispatching", parameters={}
2020-05-12 17:39:54.170 [http-nio-8011-exec-5] DEBUG o.s.w.s.m.m.a.RequestMappingHandlerMapping - Mapped to com.slq.controller.production.ProductController#getMeetDispatchingProduction()
2020-05-12 17:39:54.171 [http-nio-8011-exec-5] DEBUG o.s.w.s.m.m.a.RequestResponseBodyMethodProcessor - Using 'application/json', given [application/json, text/plain, */*] and supported [application/json, application/*+json, application/json, application/*+json]
2020-05-12 17:39:54.171 [http-nio-8011-exec-5] DEBUG o.s.w.s.m.m.a.RequestResponseBodyMethodProcessor - Writing [ResponseData(statusCord=200, message=响应成功, gotoPage=false, url=null, data=[])]
2020-05-12 17:39:54.172 [http-nio-8011-exec-5] DEBUG org.springframework.web.servlet.DispatcherServlet - Completed 200 OK
2020-05-12 17:40:34.180 [http-nio-8011-exec-6] DEBUG org.springframework.web.servlet.DispatcherServlet - POST "/api/manufacture/search", parameters={}
2020-05-12 17:40:34.180 [http-nio-8011-exec-6] DEBUG o.s.w.s.m.m.a.RequestMappingHandlerMapping - Mapped to com.slq.controller.production.ManufactureSumController#search(Params)
2020-05-12 17:40:34.182 [http-nio-8011-exec-6] DEBUG o.s.w.s.m.m.a.RequestResponseBodyMethodProcessor - Read "application/json;charset=UTF-8" to [Params(pageNum=1, pageSize=5, keyWord=, orderingRule=OrderingRule(prop=manufacture_id, order=desc),  (truncated)...]
2020-05-12 17:40:34.210 [http-nio-8011-exec-6] DEBUG o.s.w.s.m.m.a.RequestResponseBodyMethodProcessor - Using 'application/json', given [application/json, text/plain, */*] and supported [application/json, application/*+json, application/json, application/*+json]
2020-05-12 17:40:34.211 [http-nio-8011-exec-6] DEBUG o.s.w.s.m.m.a.RequestResponseBodyMethodProcessor - Writing [ResponseData(statusCord=200, message=响应成功, gotoPage=false, url=null, data=PageInfo{pageNum=1, pageSi (truncated)...]
2020-05-12 17:40:34.213 [http-nio-8011-exec-6] DEBUG org.springframework.web.servlet.DispatcherServlet - Completed 200 OK
2020-05-12 17:40:37.661 [http-nio-8011-exec-7] DEBUG org.springframework.web.servlet.DispatcherServlet - GET "/api/manufacture/meetInternalProductions", parameters={}
2020-05-12 17:40:37.662 [http-nio-8011-exec-7] DEBUG o.s.w.s.m.m.a.RequestMappingHandlerMapping - Mapped to com.slq.controller.production.ManufactureSumController#getMeetInternalProductions()
2020-05-12 17:40:37.675 [http-nio-8011-exec-7] DEBUG o.s.w.s.m.m.a.RequestResponseBodyMethodProcessor - Using 'application/json', given [application/json, text/plain, */*] and supported [application/json, application/*+json, application/json, application/*+json]
2020-05-12 17:40:37.675 [http-nio-8011-exec-7] DEBUG o.s.w.s.m.m.a.RequestResponseBodyMethodProcessor - Writing [ResponseData(statusCord=200, message=响应成功, gotoPage=false, url=null, data=[ManufactureSum(id=22, man (truncated)...]
2020-05-12 17:40:37.676 [http-nio-8011-exec-7] DEBUG org.springframework.web.servlet.DispatcherServlet - Completed 200 OK
