2020-05-20 21:11:34.538 [restartedMain] DEBUG org.apache.ibatis.logging.LogFactory - Logging initialized using 'class org.apache.ibatis.logging.slf4j.Slf4jImpl' adapter.
2020-05-20 21:11:35.847 [restartedMain] WARN  c.b.mybatisplus.core.injector.AbstractMethod - [com.slq.mapper.production.MaterialDesignDetailMapper.insert] Has been loaded by XML or SqlProvider or Mybatis's Annotation, so ignoring this injection for [class com.baomidou.mybatisplus.core.injector.methods.Insert]
2020-05-20 21:11:38.383 [restartedMain] DEBUG org.springframework.web.context.ContextLoader - Published root WebApplicationContext as ServletContext attribute with name [org.springframework.web.context.WebApplicationContext.ROOT]
2020-05-20 21:11:38.421 [restartedMain] INFO  org.springframework.web.context.ContextLoader - Root WebApplicationContext: initialization completed in 5222 ms
2020-05-20 21:11:39.409 [restartedMain] WARN  o.s.c.netflix.archaius.ArchaiusAutoConfiguration - No spring.application.name found, defaulting to 'application'
2020-05-20 21:11:39.425 [restartedMain] WARN  com.netflix.config.sources.URLConfigurationSource - No URLs will be polled as dynamic configuration sources.
2020-05-20 21:11:39.425 [restartedMain] WARN  com.netflix.config.sources.URLConfigurationSource - No URLs will be polled as dynamic configuration sources.
2020-05-20 21:11:39.652 [restartedMain] DEBUG o.s.w.s.m.m.a.RequestMappingHandlerAdapter - ControllerAdvice beans: 0 @ModelAttribute, 0 @InitBinder, 1 RequestBodyAdvice, 1 ResponseBodyAdvice
2020-05-20 21:11:39.749 [restartedMain] DEBUG o.s.w.s.m.m.a.RequestMappingHandlerMapping - 158 mappings in 'requestMappingHandlerMapping'
2020-05-20 21:11:39.782 [restartedMain] DEBUG o.s.web.servlet.handler.SimpleUrlHandlerMapping - Patterns [/webjars/**, /**] in 'resourceHandlerMapping'
2020-05-20 21:11:39.799 [restartedMain] DEBUG o.s.w.s.m.m.a.ExceptionHandlerExceptionResolver - ControllerAdvice beans: 0 @ExceptionHandler, 1 ResponseBodyAdvice
2020-05-20 21:11:39.831 [restartedMain] WARN  o.s.b.a.t.ThymeleafAutoConfiguration$DefaultTemplateResolverConfiguration - Cannot find template location: classpath:/templates/ (please add some templates or check your Thymeleaf configuration)
2020-05-20 21:11:40.176 [restartedMain] WARN  net.sf.ehcache.DiskStorePathManager - diskStorePath 'C:\Users\XX2020~1\AppData\Local\Temp' is already used by an existing CacheManager either in the same VM or in a different process.
The diskStore path for this CacheManager will be set to C:\Users\XX2020~1\AppData\Local\Temp\ehcache_auto_created4481208346443308430diskstore.
To avoid this warning consider using the CacheManager factory methods to create a singleton CacheManager or specifying a separate ehcache configuration (ehcache.xml) for each CacheManager instance.
2020-05-20 21:11:40.436 [restartedMain] WARN  o.s.b.d.autoconfigure.OptionalLiveReloadServer - Unable to start LiveReload server
2020-05-20 21:11:44.070 [restartedMain] DEBUG o.s.w.s.server.standard.ServerEndpointExporter - Registering @ServerEndpoint class: class com.slq.websocket.WebSocketServer
2020-05-20 21:11:44.162 [restartedMain] ERROR o.s.b.diagnostics.LoggingFailureAnalysisReporter - 

***************************
APPLICATION FAILED TO START
***************************

Description:

Web server failed to start. Port 8011 was already in use.

Action:

Identify and stop the process that's listening on port 8011 or configure this application to listen on another port.

