2020-05-02 10:41:31.707 [restartedMain] DEBUG org.apache.ibatis.logging.LogFactory - Logging initialized using 'class org.apache.ibatis.logging.slf4j.Slf4jImpl' adapter.
2020-05-02 10:41:35.258 [restartedMain] WARN  c.b.mybatisplus.core.injector.AbstractMethod - [com.slq.mapper.production.MaterialDesignDetailMapper.insert] Has been loaded by XML or SqlProvider or Mybatis's Annotation, so ignoring this injection for [class com.baomidou.mybatisplus.core.injector.methods.Insert]
2020-05-02 10:41:40.249 [restartedMain] DEBUG org.springframework.web.context.ContextLoader - Published root WebApplicationContext as ServletContext attribute with name [org.springframework.web.context.WebApplicationContext.ROOT]
2020-05-02 10:41:40.251 [restartedMain] INFO  org.springframework.web.context.ContextLoader - Root WebApplicationContext: initialization completed in 12537 ms
2020-05-02 10:41:44.971 [restartedMain] DEBUG o.s.w.s.m.m.a.RequestMappingHandlerAdapter - ControllerAdvice beans: 0 @ModelAttribute, 0 @InitBinder, 1 RequestBodyAdvice, 1 ResponseBodyAdvice
2020-05-02 10:41:45.311 [restartedMain] DEBUG o.s.w.s.m.m.a.RequestMappingHandlerMapping - 80 mappings in 'requestMappingHandlerMapping'
2020-05-02 10:41:45.421 [restartedMain] DEBUG o.s.web.servlet.handler.SimpleUrlHandlerMapping - Patterns [/webjars/**, /**] in 'resourceHandlerMapping'
2020-05-02 10:41:45.456 [restartedMain] DEBUG o.s.w.s.m.m.a.ExceptionHandlerExceptionResolver - ControllerAdvice beans: 0 @ExceptionHandler, 1 ResponseBodyAdvice
2020-05-02 10:41:45.633 [restartedMain] WARN  o.s.b.a.t.ThymeleafAutoConfiguration$DefaultTemplateResolverConfiguration - Cannot find template location: classpath:/templates/ (please add some templates or check your Thymeleaf configuration)
2020-05-02 10:41:46.821 [restartedMain] DEBUG o.s.w.s.server.standard.ServerEndpointExporter - Registering @ServerEndpoint class: class com.slq.websocket.WebSocketServer
2020-05-02 10:42:30.947 [http-nio-8011-exec-10] INFO  org.springframework.web.servlet.DispatcherServlet - Initializing Servlet 'dispatcherServlet'
2020-05-02 10:42:30.948 [http-nio-8011-exec-10] DEBUG org.springframework.web.servlet.DispatcherServlet - Detected StandardServletMultipartResolver
2020-05-02 10:42:31.001 [http-nio-8011-exec-10] DEBUG org.springframework.web.servlet.DispatcherServlet - enableLoggingRequestDetails='false': request parameters and headers will be masked to prevent unsafe logging of potentially sensitive data
2020-05-02 10:42:31.001 [http-nio-8011-exec-10] INFO  org.springframework.web.servlet.DispatcherServlet - Completed initialization in 53 ms
2020-05-02 10:42:31.778 [http-nio-8011-exec-7] DEBUG org.springframework.web.servlet.DispatcherServlet - GET "/noLogin;JSESSIONID=793260a3-d871-4fc8-b1b9-318fed4040d8", parameters={}
2020-05-02 10:42:31.791 [http-nio-8011-exec-7] DEBUG o.s.w.s.m.m.a.RequestMappingHandlerMapping - Mapped to com.slq.controller.SystemController#noLogin()
2020-05-02 10:42:32.505 [http-nio-8011-exec-7] DEBUG o.s.w.s.m.m.a.RequestResponseBodyMethodProcessor - Using 'application/json', given [application/json, text/plain, */*] and supported [application/json, application/*+json, application/json, application/*+json]
2020-05-02 10:42:32.508 [http-nio-8011-exec-7] DEBUG o.s.w.s.m.m.a.RequestResponseBodyMethodProcessor - Writing [ResponseData(statusCord=302, message=未登录!, gotoPage=true, url=/login.html, data=null)]
2020-05-02 10:42:32.586 [http-nio-8011-exec-7] DEBUG org.springframework.web.servlet.DispatcherServlet - Completed 200 OK
2020-05-02 10:42:32.979 [http-nio-8011-exec-8] DEBUG org.springframework.web.servlet.DispatcherServlet - GET "/verificationImg", parameters={}
2020-05-02 10:42:32.979 [http-nio-8011-exec-8] DEBUG o.s.w.s.m.m.a.RequestMappingHandlerMapping - Mapped to com.slq.controller.SystemController#responseVerificationImg(HttpServletRequest, HttpServletResponse)
2020-05-02 10:42:33.858 [http-nio-8011-exec-8] DEBUG org.springframework.web.servlet.DispatcherServlet - Completed 200 OK
2020-05-02 10:42:34.825 [http-nio-8011-exec-9] DEBUG org.springframework.web.servlet.DispatcherServlet - POST "/api/login", parameters={masked}
2020-05-02 10:42:34.827 [http-nio-8011-exec-9] DEBUG o.s.w.s.m.m.a.RequestMappingHandlerMapping - Mapped to com.slq.controller.SystemController#login(User, String)
2020-05-02 10:42:36.738 [http-nio-8011-exec-9] DEBUG o.s.w.s.m.m.a.RequestResponseBodyMethodProcessor - Using 'application/json', given [application/json, text/plain, */*] and supported [application/json, application/*+json, application/json, application/*+json]
2020-05-02 10:42:36.739 [http-nio-8011-exec-9] DEBUG o.s.w.s.m.m.a.RequestResponseBodyMethodProcessor - Writing [ResponseData(statusCord=200, message=登录成功!, gotoPage=false, url=null, data=ActiveUser(user=User(id=1 (truncated)...]
2020-05-02 10:42:36.782 [http-nio-8011-exec-9] DEBUG org.springframework.web.servlet.DispatcherServlet - Completed 200 OK
2020-05-02 10:42:37.182 [http-nio-8011-exec-6] DEBUG org.springframework.web.servlet.DispatcherServlet - GET "/api/common/getTreeMenus", parameters={}
2020-05-02 10:42:37.185 [http-nio-8011-exec-6] DEBUG o.s.w.s.m.m.a.RequestMappingHandlerMapping - Mapped to com.slq.controller.api.CommonController#getTreeMenus()
2020-05-02 10:42:37.566 [http-nio-8011-exec-6] DEBUG o.s.w.s.m.m.a.RequestResponseBodyMethodProcessor - Using 'application/json', given [application/json, text/plain, */*] and supported [application/json, application/*+json, application/json, application/*+json]
2020-05-02 10:42:37.568 [http-nio-8011-exec-6] DEBUG o.s.w.s.m.m.a.RequestResponseBodyMethodProcessor - Writing [ResponseData(statusCord=200, message=响应成功, gotoPage=false, url=null, data=[TreeMenu(id=1, title=系統管理 (truncated)...]
2020-05-02 10:42:37.582 [http-nio-8011-exec-6] DEBUG org.springframework.web.servlet.DispatcherServlet - Completed 200 OK
2020-05-02 10:42:40.557 [http-nio-8011-exec-4] DEBUG org.springframework.web.servlet.DispatcherServlet - GET "/api/processDesign/checkerProcessMaterial", parameters={}
2020-05-02 10:42:40.559 [http-nio-8011-exec-4] DEBUG o.s.w.s.m.m.a.RequestMappingHandlerMapping - Mapped to com.slq.controller.production.ProcessDesignController#getCheckerProcessMaterial()
2020-05-02 10:42:40.703 [http-nio-8011-exec-4] DEBUG o.s.w.s.m.m.a.RequestResponseBodyMethodProcessor - Using 'application/json', given [application/json, text/plain, */*] and supported [application/json, application/*+json, application/json, application/*+json]
2020-05-02 10:42:40.708 [http-nio-8011-exec-4] DEBUG o.s.w.s.m.m.a.RequestResponseBodyMethodProcessor - Writing [ResponseData(statusCord=200, message=响应成功, gotoPage=false, url=null, data=[ProcessDesign(id=2, proce (truncated)...]
2020-05-02 10:42:40.754 [http-nio-8011-exec-4] DEBUG org.springframework.web.servlet.DispatcherServlet - Completed 200 OK
2020-05-02 10:42:42.481 [http-nio-8011-exec-3] DEBUG org.springframework.web.servlet.DispatcherServlet - GET "/api/processDesign/byIdAll/2", parameters={}
2020-05-02 10:42:42.485 [http-nio-8011-exec-3] DEBUG o.s.w.s.m.m.a.RequestMappingHandlerMapping - Mapped to com.slq.controller.production.ProcessDesignController#getProcessDesignJoinMaterialDetail(Integer)
2020-05-02 10:42:42.519 [http-nio-8011-exec-3] DEBUG o.s.w.s.m.m.a.RequestResponseBodyMethodProcessor - Using 'application/json', given [application/json, text/plain, */*] and supported [application/json, application/*+json, application/json, application/*+json]
2020-05-02 10:42:42.521 [http-nio-8011-exec-3] DEBUG o.s.w.s.m.m.a.RequestResponseBodyMethodProcessor - Writing [ResponseData(statusCord=200, message=响应成功, gotoPage=false, url=null, data=ProcessDesign(id=2, proces (truncated)...]
2020-05-02 10:42:42.536 [http-nio-8011-exec-3] DEBUG org.springframework.web.servlet.DispatcherServlet - Completed 200 OK
2020-05-02 10:42:47.365 [http-nio-8011-exec-2] DEBUG org.springframework.web.servlet.DispatcherServlet - POST "/api/processDesign/rejectMaterial", parameters={}
2020-05-02 10:42:47.366 [http-nio-8011-exec-2] DEBUG o.s.w.s.m.m.a.RequestMappingHandlerMapping - Mapped to com.slq.controller.production.ProcessDesignController#processMaterialReject(ProcessDesign)
2020-05-02 10:42:47.742 [http-nio-8011-exec-2] DEBUG org.springframework.web.servlet.DispatcherServlet - Using resolved error view: ModelAndView [view=[com.alibaba.fastjson.support.spring.FastJsonJsonView: [FastJsonJsonView]]; model=null]
2020-05-02 10:42:47.751 [http-nio-8011-exec-2] DEBUG org.springframework.web.servlet.DispatcherServlet - Completed 200 OK
2020-05-02 14:46:16.055 [restartedMain] DEBUG org.apache.ibatis.logging.LogFactory - Logging initialized using 'class org.apache.ibatis.logging.slf4j.Slf4jImpl' adapter.
2020-05-02 14:46:17.977 [restartedMain] WARN  c.b.mybatisplus.core.injector.AbstractMethod - [com.slq.mapper.production.MaterialDesignDetailMapper.insert] Has been loaded by XML or SqlProvider or Mybatis's Annotation, so ignoring this injection for [class com.baomidou.mybatisplus.core.injector.methods.Insert]
2020-05-02 14:46:22.731 [restartedMain] DEBUG org.springframework.web.context.ContextLoader - Published root WebApplicationContext as ServletContext attribute with name [org.springframework.web.context.WebApplicationContext.ROOT]
2020-05-02 14:46:22.732 [restartedMain] INFO  org.springframework.web.context.ContextLoader - Root WebApplicationContext: initialization completed in 9253 ms
2020-05-02 14:46:24.721 [restartedMain] DEBUG o.s.w.s.m.m.a.RequestMappingHandlerAdapter - ControllerAdvice beans: 0 @ModelAttribute, 0 @InitBinder, 1 RequestBodyAdvice, 1 ResponseBodyAdvice
2020-05-02 14:46:24.949 [restartedMain] DEBUG o.s.w.s.m.m.a.RequestMappingHandlerMapping - 83 mappings in 'requestMappingHandlerMapping'
2020-05-02 14:46:25.022 [restartedMain] DEBUG o.s.web.servlet.handler.SimpleUrlHandlerMapping - Patterns [/webjars/**, /**] in 'resourceHandlerMapping'
2020-05-02 14:46:25.074 [restartedMain] DEBUG o.s.w.s.m.m.a.ExceptionHandlerExceptionResolver - ControllerAdvice beans: 0 @ExceptionHandler, 1 ResponseBodyAdvice
2020-05-02 14:46:25.181 [restartedMain] WARN  o.s.b.a.t.ThymeleafAutoConfiguration$DefaultTemplateResolverConfiguration - Cannot find template location: classpath:/templates/ (please add some templates or check your Thymeleaf configuration)
2020-05-02 14:46:27.311 [restartedMain] DEBUG o.s.w.s.server.standard.ServerEndpointExporter - Registering @ServerEndpoint class: class com.slq.websocket.WebSocketServer
2020-05-02 14:46:29.848 [http-nio-8011-exec-10] INFO  org.springframework.web.servlet.DispatcherServlet - Initializing Servlet 'dispatcherServlet'
2020-05-02 14:46:29.848 [http-nio-8011-exec-10] DEBUG org.springframework.web.servlet.DispatcherServlet - Detected StandardServletMultipartResolver
2020-05-02 14:46:29.903 [http-nio-8011-exec-10] DEBUG org.springframework.web.servlet.DispatcherServlet - enableLoggingRequestDetails='false': request parameters and headers will be masked to prevent unsafe logging of potentially sensitive data
2020-05-02 14:46:29.909 [http-nio-8011-exec-10] INFO  org.springframework.web.servlet.DispatcherServlet - Completed initialization in 61 ms
2020-05-02 14:46:30.214 [http-nio-8011-exec-8] DEBUG org.springframework.web.servlet.DispatcherServlet - OPTIONS "/noLogin;JSESSIONID=ca03745b-723e-46e9-aae4-48b03ce2cc8e", parameters={}
2020-05-02 14:46:30.230 [http-nio-8011-exec-8] DEBUG o.s.w.s.m.m.a.RequestMappingHandlerMapping - Mapped to com.slq.controller.SystemController#noLogin()
2020-05-02 14:46:30.301 [http-nio-8011-exec-8] DEBUG org.springframework.web.servlet.DispatcherServlet - Completed 200 OK
2020-05-02 14:46:30.320 [http-nio-8011-exec-9] DEBUG org.springframework.web.servlet.DispatcherServlet - GET "/noLogin;JSESSIONID=ca03745b-723e-46e9-aae4-48b03ce2cc8e", parameters={}
2020-05-02 14:46:30.321 [http-nio-8011-exec-9] DEBUG o.s.w.s.m.m.a.RequestMappingHandlerMapping - Mapped to com.slq.controller.SystemController#noLogin()
2020-05-02 14:46:30.452 [http-nio-8011-exec-9] DEBUG o.s.w.s.m.m.a.RequestResponseBodyMethodProcessor - Using 'application/json', given [application/json, text/plain, */*] and supported [application/json, application/*+json, application/json, application/*+json]
2020-05-02 14:46:30.453 [http-nio-8011-exec-9] DEBUG o.s.w.s.m.m.a.RequestResponseBodyMethodProcessor - Writing [ResponseData(statusCord=302, message=未登录!, gotoPage=true, url=/login.html, data=null)]
2020-05-02 14:46:30.477 [http-nio-8011-exec-9] DEBUG org.springframework.web.servlet.DispatcherServlet - Completed 200 OK
2020-05-02 14:46:30.543 [http-nio-8011-exec-7] DEBUG org.springframework.web.servlet.DispatcherServlet - GET "/verificationImg", parameters={}
2020-05-02 14:46:30.544 [http-nio-8011-exec-7] DEBUG o.s.w.s.m.m.a.RequestMappingHandlerMapping - Mapped to com.slq.controller.SystemController#responseVerificationImg(HttpServletRequest, HttpServletResponse)
2020-05-02 14:46:31.303 [http-nio-8011-exec-7] DEBUG org.springframework.web.servlet.DispatcherServlet - Completed 200 OK
2020-05-02 14:46:31.909 [http-nio-8011-exec-6] DEBUG org.springframework.web.servlet.DispatcherServlet - POST "/api/login", parameters={masked}
2020-05-02 14:46:31.910 [http-nio-8011-exec-6] DEBUG o.s.w.s.m.m.a.RequestMappingHandlerMapping - Mapped to com.slq.controller.SystemController#login(User, String)
2020-05-02 14:46:33.030 [http-nio-8011-exec-6] DEBUG o.s.w.s.m.m.a.RequestResponseBodyMethodProcessor - Using 'application/json', given [application/json, text/plain, */*] and supported [application/json, application/*+json, application/json, application/*+json]
2020-05-02 14:46:33.031 [http-nio-8011-exec-6] DEBUG o.s.w.s.m.m.a.RequestResponseBodyMethodProcessor - Writing [ResponseData(statusCord=200, message=登录成功!, gotoPage=false, url=null, data=ActiveUser(user=User(id=1 (truncated)...]
2020-05-02 14:46:33.067 [http-nio-8011-exec-6] DEBUG org.springframework.web.servlet.DispatcherServlet - Completed 200 OK
2020-05-02 14:46:33.170 [http-nio-8011-exec-4] DEBUG org.springframework.web.servlet.DispatcherServlet - GET "/api/common/getTreeMenus", parameters={}
2020-05-02 14:46:33.178 [http-nio-8011-exec-4] DEBUG o.s.w.s.m.m.a.RequestMappingHandlerMapping - Mapped to com.slq.controller.api.CommonController#getTreeMenus()
2020-05-02 14:46:33.696 [http-nio-8011-exec-4] DEBUG o.s.w.s.m.m.a.RequestResponseBodyMethodProcessor - Using 'application/json', given [application/json, text/plain, */*] and supported [application/json, application/*+json, application/json, application/*+json]
2020-05-02 14:46:33.697 [http-nio-8011-exec-4] DEBUG o.s.w.s.m.m.a.RequestResponseBodyMethodProcessor - Writing [ResponseData(statusCord=200, message=响应成功, gotoPage=false, url=null, data=[TreeMenu(id=1, title=系統管理 (truncated)...]
2020-05-02 14:46:33.712 [http-nio-8011-exec-4] DEBUG org.springframework.web.servlet.DispatcherServlet - Completed 200 OK
2020-05-02 14:46:37.952 [http-nio-8011-exec-3] DEBUG org.springframework.web.servlet.DispatcherServlet - POST "/api/permission/search", parameters={}
2020-05-02 14:46:37.953 [http-nio-8011-exec-3] DEBUG o.s.w.s.m.m.a.RequestMappingHandlerMapping - Mapped to com.slq.controller.api.PermissionController#getPermissionPage(Params)
2020-05-02 14:46:38.049 [http-nio-8011-exec-3] DEBUG o.s.w.s.m.m.a.RequestResponseBodyMethodProcessor - Read "application/json;charset=UTF-8" to [Params(pageNum=1, pageSize=5, keyWord=, orderingRule=OrderingRule(prop=sort, order=asc), dateTimeRan (truncated)...]
2020-05-02 14:46:38.243 [http-nio-8011-exec-3] DEBUG o.s.w.s.m.m.a.RequestResponseBodyMethodProcessor - Using 'application/json', given [application/json, text/plain, */*] and supported [application/json, application/*+json, application/json, application/*+json]
2020-05-02 14:46:38.244 [http-nio-8011-exec-3] DEBUG o.s.w.s.m.m.a.RequestResponseBodyMethodProcessor - Writing [ResponseData(statusCord=200, message=响应成功, gotoPage=false, url=null, data=PageInfo{pageNum=1, pageSi (truncated)...]
2020-05-02 14:46:38.278 [http-nio-8011-exec-3] DEBUG org.springframework.web.servlet.DispatcherServlet - Completed 200 OK
2020-05-02 14:46:39.858 [http-nio-8011-exec-2] DEBUG org.springframework.web.servlet.DispatcherServlet - GET "/api/cascaded/permission", parameters={}
2020-05-02 14:46:39.858 [http-nio-8011-exec-2] DEBUG o.s.w.s.m.m.a.RequestMappingHandlerMapping - Mapped to com.slq.controller.api.CascadeChoiceController#getCascadePermission()
2020-05-02 14:46:39.957 [http-nio-8011-exec-2] DEBUG o.s.w.s.m.m.a.RequestResponseBodyMethodProcessor - Using 'application/json', given [application/json, text/plain, */*] and supported [application/json, application/*+json, application/json, application/*+json]
2020-05-02 14:46:39.958 [http-nio-8011-exec-2] DEBUG o.s.w.s.m.m.a.RequestResponseBodyMethodProcessor - Writing [ResponseData(statusCord=200, message=响应成功, gotoPage=false, url=null, data=[CascadeChoice(title=系統管理, (truncated)...]
2020-05-02 14:46:39.962 [http-nio-8011-exec-2] DEBUG org.springframework.web.servlet.DispatcherServlet - Completed 200 OK
2020-05-02 14:46:40.163 [http-nio-8011-exec-1] DEBUG org.springframework.web.servlet.DispatcherServlet - GET "/api/common/descSort?tableName=sys_permission&columnName=sort", parameters={masked}
2020-05-02 14:46:40.164 [http-nio-8011-exec-10] DEBUG org.springframework.web.servlet.DispatcherServlet - GET "/api/cascaded/templates", parameters={}
2020-05-02 14:46:40.164 [http-nio-8011-exec-1] DEBUG o.s.w.s.m.m.a.RequestMappingHandlerMapping - Mapped to com.slq.controller.api.CommonController#getDescSort(Sort)
2020-05-02 14:46:40.164 [http-nio-8011-exec-10] DEBUG o.s.w.s.m.m.a.RequestMappingHandlerMapping - Mapped to com.slq.controller.api.CascadeChoiceController#getCascadeTemplates()
2020-05-02 14:46:40.173 [http-nio-8011-exec-1] DEBUG o.s.w.s.m.m.a.RequestResponseBodyMethodProcessor - Using 'application/json', given [application/json, text/plain, */*] and supported [application/json, application/*+json, application/json, application/*+json]
2020-05-02 14:46:40.173 [http-nio-8011-exec-1] DEBUG o.s.w.s.m.m.a.RequestResponseBodyMethodProcessor - Writing [ResponseData(statusCord=200, message=响应成功, gotoPage=false, url=null, data=36)]
2020-05-02 14:46:40.175 [http-nio-8011-exec-1] DEBUG org.springframework.web.servlet.DispatcherServlet - Completed 200 OK
2020-05-02 14:46:40.183 [http-nio-8011-exec-10] DEBUG org.springframework.web.servlet.DispatcherServlet - Using resolved error view: ModelAndView [view=[com.alibaba.fastjson.support.spring.FastJsonJsonView: [FastJsonJsonView]]; model=null]
2020-05-02 14:46:40.186 [http-nio-8011-exec-10] DEBUG org.springframework.web.servlet.DispatcherServlet - Completed 200 OK
2020-05-02 14:46:58.451 [http-nio-8011-exec-9] DEBUG org.springframework.web.servlet.DispatcherServlet - GET "/api/common/descSort?tableName=sys_permission&columnName=sort", parameters={masked}
2020-05-02 14:46:58.451 [http-nio-8011-exec-9] DEBUG o.s.w.s.m.m.a.RequestMappingHandlerMapping - Mapped to com.slq.controller.api.CommonController#getDescSort(Sort)
2020-05-02 14:46:58.452 [http-nio-8011-exec-8] DEBUG org.springframework.web.servlet.DispatcherServlet - GET "/api/cascaded/permission", parameters={}
2020-05-02 14:46:58.452 [http-nio-8011-exec-8] DEBUG o.s.w.s.m.m.a.RequestMappingHandlerMapping - Mapped to com.slq.controller.api.CascadeChoiceController#getCascadePermission()
2020-05-02 14:46:58.454 [http-nio-8011-exec-9] DEBUG o.s.w.s.m.m.a.RequestResponseBodyMethodProcessor - Using 'application/json', given [application/json, text/plain, */*] and supported [application/json, application/*+json, application/json, application/*+json]
2020-05-02 14:46:58.455 [http-nio-8011-exec-9] DEBUG o.s.w.s.m.m.a.RequestResponseBodyMethodProcessor - Writing [ResponseData(statusCord=200, message=响应成功, gotoPage=false, url=null, data=36)]
2020-05-02 14:46:58.459 [http-nio-8011-exec-9] DEBUG org.springframework.web.servlet.DispatcherServlet - Completed 200 OK
2020-05-02 14:46:58.454 [http-nio-8011-exec-7] DEBUG org.springframework.web.servlet.DispatcherServlet - GET "/api/cascaded/templates", parameters={}
2020-05-02 14:46:58.467 [http-nio-8011-exec-7] DEBUG o.s.w.s.m.m.a.RequestMappingHandlerMapping - Mapped to com.slq.controller.api.CascadeChoiceController#getCascadeTemplates()
2020-05-02 14:46:58.471 [http-nio-8011-exec-7] DEBUG org.springframework.web.servlet.DispatcherServlet - Using resolved error view: ModelAndView [view=[com.alibaba.fastjson.support.spring.FastJsonJsonView: [FastJsonJsonView]]; model=null]
2020-05-02 14:46:58.472 [http-nio-8011-exec-7] DEBUG org.springframework.web.servlet.DispatcherServlet - Completed 200 OK
2020-05-02 14:46:58.570 [http-nio-8011-exec-8] DEBUG o.s.w.s.m.m.a.RequestResponseBodyMethodProcessor - Using 'application/json', given [application/json, text/plain, */*] and supported [application/json, application/*+json, application/json, application/*+json]
2020-05-02 14:46:58.570 [http-nio-8011-exec-8] DEBUG o.s.w.s.m.m.a.RequestResponseBodyMethodProcessor - Writing [ResponseData(statusCord=200, message=响应成功, gotoPage=false, url=null, data=[CascadeChoice(title=系統管理, (truncated)...]
2020-05-02 14:46:58.572 [http-nio-8011-exec-8] DEBUG org.springframework.web.servlet.DispatcherServlet - Completed 200 OK
2020-05-02 15:07:45.079 [restartedMain] DEBUG org.apache.ibatis.logging.LogFactory - Logging initialized using 'class org.apache.ibatis.logging.slf4j.Slf4jImpl' adapter.
2020-05-02 15:07:46.891 [restartedMain] WARN  c.b.mybatisplus.core.injector.AbstractMethod - [com.slq.mapper.production.MaterialDesignDetailMapper.insert] Has been loaded by XML or SqlProvider or Mybatis's Annotation, so ignoring this injection for [class com.baomidou.mybatisplus.core.injector.methods.Insert]
2020-05-02 15:07:49.431 [restartedMain] DEBUG org.springframework.web.context.ContextLoader - Published root WebApplicationContext as ServletContext attribute with name [org.springframework.web.context.WebApplicationContext.ROOT]
2020-05-02 15:07:49.432 [restartedMain] INFO  org.springframework.web.context.ContextLoader - Root WebApplicationContext: initialization completed in 6669 ms
2020-05-02 15:07:51.463 [restartedMain] DEBUG o.s.w.s.m.m.a.RequestMappingHandlerAdapter - ControllerAdvice beans: 0 @ModelAttribute, 0 @InitBinder, 1 RequestBodyAdvice, 1 ResponseBodyAdvice
2020-05-02 15:07:51.622 [restartedMain] DEBUG o.s.w.s.m.m.a.RequestMappingHandlerMapping - 83 mappings in 'requestMappingHandlerMapping'
2020-05-02 15:07:51.673 [restartedMain] DEBUG o.s.web.servlet.handler.SimpleUrlHandlerMapping - Patterns [/webjars/**, /**] in 'resourceHandlerMapping'
2020-05-02 15:07:51.689 [restartedMain] DEBUG o.s.w.s.m.m.a.ExceptionHandlerExceptionResolver - ControllerAdvice beans: 0 @ExceptionHandler, 1 ResponseBodyAdvice
2020-05-02 15:07:51.742 [restartedMain] WARN  o.s.b.a.t.ThymeleafAutoConfiguration$DefaultTemplateResolverConfiguration - Cannot find template location: classpath:/templates/ (please add some templates or check your Thymeleaf configuration)
2020-05-02 15:07:52.838 [restartedMain] DEBUG o.s.w.s.server.standard.ServerEndpointExporter - Registering @ServerEndpoint class: class com.slq.websocket.WebSocketServer
2020-05-02 15:10:18.266 [http-nio-8011-exec-1] INFO  org.springframework.web.servlet.DispatcherServlet - Initializing Servlet 'dispatcherServlet'
2020-05-02 15:10:18.267 [http-nio-8011-exec-1] DEBUG org.springframework.web.servlet.DispatcherServlet - Detected StandardServletMultipartResolver
2020-05-02 15:10:18.301 [http-nio-8011-exec-1] DEBUG org.springframework.web.servlet.DispatcherServlet - enableLoggingRequestDetails='false': request parameters and headers will be masked to prevent unsafe logging of potentially sensitive data
2020-05-02 15:10:18.302 [http-nio-8011-exec-1] INFO  org.springframework.web.servlet.DispatcherServlet - Completed initialization in 35 ms
2020-05-02 15:10:18.499 [http-nio-8011-exec-4] DEBUG org.springframework.web.servlet.DispatcherServlet - GET "/noLogin;JSESSIONID=4c44b609-1a12-4fe1-b1a3-5aa684903686", parameters={}
2020-05-02 15:10:18.515 [http-nio-8011-exec-4] DEBUG o.s.w.s.m.m.a.RequestMappingHandlerMapping - Mapped to com.slq.controller.SystemController#noLogin()
2020-05-02 15:10:18.523 [http-nio-8011-exec-5] DEBUG org.springframework.web.servlet.DispatcherServlet - GET "/noLogin;JSESSIONID=8d904469-23a3-453b-9896-3a118829885e", parameters={}
2020-05-02 15:10:18.524 [http-nio-8011-exec-5] DEBUG o.s.w.s.m.m.a.RequestMappingHandlerMapping - Mapped to com.slq.controller.SystemController#noLogin()
2020-05-02 15:10:18.531 [http-nio-8011-exec-6] DEBUG org.springframework.web.servlet.DispatcherServlet - GET "/noLogin;JSESSIONID=840674c6-f432-4a63-815c-ffdfbf37ea0b", parameters={}
2020-05-02 15:10:18.532 [http-nio-8011-exec-6] DEBUG o.s.w.s.m.m.a.RequestMappingHandlerMapping - Mapped to com.slq.controller.SystemController#noLogin()
2020-05-02 15:10:18.730 [http-nio-8011-exec-4] DEBUG o.s.w.s.m.m.a.RequestResponseBodyMethodProcessor - Using 'application/json', given [application/json, text/plain, */*] and supported [application/json, application/*+json, application/json, application/*+json]
2020-05-02 15:10:18.733 [http-nio-8011-exec-5] DEBUG o.s.w.s.m.m.a.RequestResponseBodyMethodProcessor - Using 'application/json', given [application/json, text/plain, */*] and supported [application/json, application/*+json, application/json, application/*+json]
2020-05-02 15:10:18.738 [http-nio-8011-exec-6] DEBUG o.s.w.s.m.m.a.RequestResponseBodyMethodProcessor - Using 'application/json', given [application/json, text/plain, */*] and supported [application/json, application/*+json, application/json, application/*+json]
2020-05-02 15:10:18.739 [http-nio-8011-exec-4] DEBUG o.s.w.s.m.m.a.RequestResponseBodyMethodProcessor - Writing [ResponseData(statusCord=302, message=未登录!, gotoPage=true, url=/login.html, data=null)]
2020-05-02 15:10:18.739 [http-nio-8011-exec-6] DEBUG o.s.w.s.m.m.a.RequestResponseBodyMethodProcessor - Writing [ResponseData(statusCord=302, message=未登录!, gotoPage=true, url=/login.html, data=null)]
2020-05-02 15:10:18.739 [http-nio-8011-exec-5] DEBUG o.s.w.s.m.m.a.RequestResponseBodyMethodProcessor - Writing [ResponseData(statusCord=302, message=未登录!, gotoPage=true, url=/login.html, data=null)]
2020-05-02 15:10:18.769 [http-nio-8011-exec-6] DEBUG org.springframework.web.servlet.DispatcherServlet - Completed 200 OK
2020-05-02 15:10:18.769 [http-nio-8011-exec-5] DEBUG org.springframework.web.servlet.DispatcherServlet - Completed 200 OK
2020-05-02 15:10:18.769 [http-nio-8011-exec-4] DEBUG org.springframework.web.servlet.DispatcherServlet - Completed 200 OK
2020-05-02 15:10:18.903 [http-nio-8011-exec-7] DEBUG org.springframework.web.servlet.DispatcherServlet - GET "/verificationImg", parameters={}
2020-05-02 15:10:18.904 [http-nio-8011-exec-7] DEBUG o.s.w.s.m.m.a.RequestMappingHandlerMapping - Mapped to com.slq.controller.SystemController#responseVerificationImg(HttpServletRequest, HttpServletResponse)
2020-05-02 15:10:19.364 [http-nio-8011-exec-7] DEBUG org.springframework.web.servlet.DispatcherServlet - Completed 200 OK
2020-05-02 15:10:20.511 [http-nio-8011-exec-8] DEBUG org.springframework.web.servlet.DispatcherServlet - POST "/api/login", parameters={masked}
2020-05-02 15:10:20.514 [http-nio-8011-exec-8] DEBUG o.s.w.s.m.m.a.RequestMappingHandlerMapping - Mapped to com.slq.controller.SystemController#login(User, String)
2020-05-02 15:10:21.782 [http-nio-8011-exec-8] DEBUG o.s.w.s.m.m.a.RequestResponseBodyMethodProcessor - Using 'application/json', given [application/json, text/plain, */*] and supported [application/json, application/*+json, application/json, application/*+json]
2020-05-02 15:10:21.783 [http-nio-8011-exec-8] DEBUG o.s.w.s.m.m.a.RequestResponseBodyMethodProcessor - Writing [ResponseData(statusCord=200, message=登录成功!, gotoPage=false, url=null, data=ActiveUser(user=User(id=1 (truncated)...]
2020-05-02 15:10:21.840 [http-nio-8011-exec-8] DEBUG org.springframework.web.servlet.DispatcherServlet - Completed 200 OK
2020-05-02 15:10:22.081 [http-nio-8011-exec-10] DEBUG org.springframework.web.servlet.DispatcherServlet - GET "/api/common/getTreeMenus", parameters={}
2020-05-02 15:10:22.082 [http-nio-8011-exec-10] DEBUG o.s.w.s.m.m.a.RequestMappingHandlerMapping - Mapped to com.slq.controller.api.CommonController#getTreeMenus()
2020-05-02 15:10:22.555 [http-nio-8011-exec-10] DEBUG o.s.w.s.m.m.a.RequestResponseBodyMethodProcessor - Using 'application/json', given [application/json, text/plain, */*] and supported [application/json, application/*+json, application/json, application/*+json]
2020-05-02 15:10:22.556 [http-nio-8011-exec-10] DEBUG o.s.w.s.m.m.a.RequestResponseBodyMethodProcessor - Writing [ResponseData(statusCord=200, message=响应成功, gotoPage=false, url=null, data=[TreeMenu(id=1, title=系統管理 (truncated)...]
2020-05-02 15:10:22.564 [http-nio-8011-exec-10] DEBUG org.springframework.web.servlet.DispatcherServlet - Completed 200 OK
2020-05-02 15:10:26.487 [http-nio-8011-exec-3] DEBUG org.springframework.web.servlet.DispatcherServlet - POST "/api/permission/search", parameters={}
2020-05-02 15:10:26.488 [http-nio-8011-exec-3] DEBUG o.s.w.s.m.m.a.RequestMappingHandlerMapping - Mapped to com.slq.controller.api.PermissionController#getPermissionPage(Params)
2020-05-02 15:10:26.604 [http-nio-8011-exec-3] DEBUG o.s.w.s.m.m.a.RequestResponseBodyMethodProcessor - Read "application/json;charset=UTF-8" to [Params(pageNum=1, pageSize=5, keyWord=, orderingRule=OrderingRule(prop=sort, order=asc), dateTimeRan (truncated)...]
2020-05-02 15:10:26.905 [http-nio-8011-exec-3] DEBUG o.s.w.s.m.m.a.RequestResponseBodyMethodProcessor - Using 'application/json', given [application/json, text/plain, */*] and supported [application/json, application/*+json, application/json, application/*+json]
2020-05-02 15:10:26.906 [http-nio-8011-exec-3] DEBUG o.s.w.s.m.m.a.RequestResponseBodyMethodProcessor - Writing [ResponseData(statusCord=200, message=响应成功, gotoPage=false, url=null, data=PageInfo{pageNum=1, pageSi (truncated)...]
2020-05-02 15:10:26.937 [http-nio-8011-exec-3] DEBUG org.springframework.web.servlet.DispatcherServlet - Completed 200 OK
2020-05-02 15:10:27.721 [http-nio-8011-exec-1] DEBUG org.springframework.web.servlet.DispatcherServlet - GET "/api/cascaded/permission", parameters={}
2020-05-02 15:10:27.722 [http-nio-8011-exec-1] DEBUG o.s.w.s.m.m.a.RequestMappingHandlerMapping - Mapped to com.slq.controller.api.CascadeChoiceController#getCascadePermission()
2020-05-02 15:10:27.839 [http-nio-8011-exec-1] DEBUG o.s.w.s.m.m.a.RequestResponseBodyMethodProcessor - Using 'application/json', given [application/json, text/plain, */*] and supported [application/json, application/*+json, application/json, application/*+json]
2020-05-02 15:10:27.841 [http-nio-8011-exec-1] DEBUG o.s.w.s.m.m.a.RequestResponseBodyMethodProcessor - Writing [ResponseData(statusCord=200, message=响应成功, gotoPage=false, url=null, data=[CascadeChoice(title=系統管理, (truncated)...]
2020-05-02 15:10:27.848 [http-nio-8011-exec-1] DEBUG org.springframework.web.servlet.DispatcherServlet - Completed 200 OK
2020-05-02 15:10:28.069 [http-nio-8011-exec-6] DEBUG org.springframework.web.servlet.DispatcherServlet - GET "/api/cascaded/templates", parameters={}
2020-05-02 15:10:28.069 [http-nio-8011-exec-2] DEBUG org.springframework.web.servlet.DispatcherServlet - GET "/api/common/descSort?tableName=sys_permission&columnName=sort", parameters={masked}
2020-05-02 15:10:28.070 [http-nio-8011-exec-2] DEBUG o.s.w.s.m.m.a.RequestMappingHandlerMapping - Mapped to com.slq.controller.api.CommonController#getDescSort(Sort)
2020-05-02 15:10:28.070 [http-nio-8011-exec-6] DEBUG o.s.w.s.m.m.a.RequestMappingHandlerMapping - Mapped to com.slq.controller.api.CascadeChoiceController#getCascadeTemplates()
2020-05-02 15:10:28.082 [http-nio-8011-exec-6] DEBUG o.s.w.s.m.m.a.RequestResponseBodyMethodProcessor - Using 'application/json', given [application/json, text/plain, */*] and supported [application/json, application/*+json, application/json, application/*+json]
2020-05-02 15:10:28.082 [http-nio-8011-exec-6] DEBUG o.s.w.s.m.m.a.RequestResponseBodyMethodProcessor - Writing [ResponseData(statusCord=200, message=响应成功, gotoPage=false, url=null, data=[Template(name=permission, (truncated)...]
2020-05-02 15:10:28.086 [http-nio-8011-exec-6] DEBUG org.springframework.web.servlet.DispatcherServlet - Completed 200 OK
2020-05-02 15:10:28.088 [http-nio-8011-exec-2] DEBUG o.s.w.s.m.m.a.RequestResponseBodyMethodProcessor - Using 'application/json', given [application/json, text/plain, */*] and supported [application/json, application/*+json, application/json, application/*+json]
2020-05-02 15:10:28.089 [http-nio-8011-exec-2] DEBUG o.s.w.s.m.m.a.RequestResponseBodyMethodProcessor - Writing [ResponseData(statusCord=200, message=响应成功, gotoPage=false, url=null, data=36)]
2020-05-02 15:10:28.090 [http-nio-8011-exec-2] DEBUG org.springframework.web.servlet.DispatcherServlet - Completed 200 OK
2020-05-02 15:11:02.444 [http-nio-8011-exec-4] DEBUG org.springframework.web.servlet.DispatcherServlet - GET "/api/cascaded/permission", parameters={}
2020-05-02 15:11:02.446 [http-nio-8011-exec-4] DEBUG o.s.w.s.m.m.a.RequestMappingHandlerMapping - Mapped to com.slq.controller.api.CascadeChoiceController#getCascadePermission()
2020-05-02 15:11:02.446 [http-nio-8011-exec-5] DEBUG org.springframework.web.servlet.DispatcherServlet - GET "/api/common/descSort?tableName=sys_permission&columnName=sort", parameters={masked}
2020-05-02 15:11:02.447 [http-nio-8011-exec-5] DEBUG o.s.w.s.m.m.a.RequestMappingHandlerMapping - Mapped to com.slq.controller.api.CommonController#getDescSort(Sort)
2020-05-02 15:11:02.454 [http-nio-8011-exec-5] DEBUG o.s.w.s.m.m.a.RequestResponseBodyMethodProcessor - Using 'application/json', given [application/json, text/plain, */*] and supported [application/json, application/*+json, application/json, application/*+json]
2020-05-02 15:11:02.455 [http-nio-8011-exec-5] DEBUG o.s.w.s.m.m.a.RequestResponseBodyMethodProcessor - Writing [ResponseData(statusCord=200, message=响应成功, gotoPage=false, url=null, data=36)]
2020-05-02 15:11:02.459 [http-nio-8011-exec-5] DEBUG org.springframework.web.servlet.DispatcherServlet - Completed 200 OK
2020-05-02 15:11:02.585 [http-nio-8011-exec-4] DEBUG o.s.w.s.m.m.a.RequestResponseBodyMethodProcessor - Using 'application/json', given [application/json, text/plain, */*] and supported [application/json, application/*+json, application/json, application/*+json]
2020-05-02 15:11:02.588 [http-nio-8011-exec-4] DEBUG o.s.w.s.m.m.a.RequestResponseBodyMethodProcessor - Writing [ResponseData(statusCord=200, message=响应成功, gotoPage=false, url=null, data=[CascadeChoice(title=系統管理, (truncated)...]
2020-05-02 15:11:02.589 [http-nio-8011-exec-4] DEBUG org.springframework.web.servlet.DispatcherServlet - Completed 200 OK
2020-05-02 15:11:02.739 [http-nio-8011-exec-7] DEBUG org.springframework.web.servlet.DispatcherServlet - GET "/api/cascaded/templates", parameters={}
2020-05-02 15:11:02.739 [http-nio-8011-exec-7] DEBUG o.s.w.s.m.m.a.RequestMappingHandlerMapping - Mapped to com.slq.controller.api.CascadeChoiceController#getCascadeTemplates()
2020-05-02 15:11:02.744 [http-nio-8011-exec-7] DEBUG o.s.w.s.m.m.a.RequestResponseBodyMethodProcessor - Using 'application/json', given [application/json, text/plain, */*] and supported [application/json, application/*+json, application/json, application/*+json]
2020-05-02 15:11:02.744 [http-nio-8011-exec-7] DEBUG o.s.w.s.m.m.a.RequestResponseBodyMethodProcessor - Writing [ResponseData(statusCord=200, message=响应成功, gotoPage=false, url=null, data=[Template(name=permission, (truncated)...]
2020-05-02 15:11:02.745 [http-nio-8011-exec-7] DEBUG org.springframework.web.servlet.DispatcherServlet - Completed 200 OK
2020-05-02 15:14:42.326 [http-nio-8011-exec-6] DEBUG org.springframework.web.servlet.DispatcherServlet - GET "/verificationImg", parameters={}
2020-05-02 15:14:42.327 [http-nio-8011-exec-6] DEBUG o.s.w.s.m.m.a.RequestMappingHandlerMapping - Mapped to com.slq.controller.SystemController#responseVerificationImg(HttpServletRequest, HttpServletResponse)
2020-05-02 15:14:42.349 [http-nio-8011-exec-6] DEBUG org.springframework.web.servlet.DispatcherServlet - Completed 200 OK
2020-05-02 15:14:43.911 [http-nio-8011-exec-2] DEBUG org.springframework.web.servlet.DispatcherServlet - POST "/api/permission/search", parameters={}
2020-05-02 15:14:43.911 [http-nio-8011-exec-5] DEBUG org.springframework.web.servlet.DispatcherServlet - GET "/api/cascaded/permission", parameters={}
2020-05-02 15:14:43.915 [http-nio-8011-exec-5] DEBUG o.s.w.s.m.m.a.RequestMappingHandlerMapping - Mapped to com.slq.controller.api.CascadeChoiceController#getCascadePermission()
2020-05-02 15:14:43.913 [http-nio-8011-exec-2] DEBUG o.s.w.s.m.m.a.RequestMappingHandlerMapping - Mapped to com.slq.controller.api.PermissionController#getPermissionPage(Params)
2020-05-02 15:14:43.920 [http-nio-8011-exec-2] DEBUG o.s.w.s.m.m.a.RequestResponseBodyMethodProcessor - Read "application/json;charset=UTF-8" to [Params(pageNum=1, pageSize=5, keyWord=, orderingRule=OrderingRule(prop=sort, order=asc), dateTimeRan (truncated)...]
2020-05-02 15:14:43.990 [http-nio-8011-exec-2] DEBUG o.s.w.s.m.m.a.RequestResponseBodyMethodProcessor - Using 'application/json', given [application/json, text/plain, */*] and supported [application/json, application/*+json, application/json, application/*+json]
2020-05-02 15:14:43.991 [http-nio-8011-exec-2] DEBUG o.s.w.s.m.m.a.RequestResponseBodyMethodProcessor - Writing [ResponseData(statusCord=200, message=响应成功, gotoPage=false, url=null, data=PageInfo{pageNum=1, pageSi (truncated)...]
2020-05-02 15:14:43.999 [http-nio-8011-exec-2] DEBUG org.springframework.web.servlet.DispatcherServlet - Completed 200 OK
2020-05-02 15:14:44.069 [http-nio-8011-exec-5] DEBUG o.s.w.s.m.m.a.RequestResponseBodyMethodProcessor - Using 'application/json', given [application/json, text/plain, */*] and supported [application/json, application/*+json, application/json, application/*+json]
2020-05-02 15:14:44.069 [http-nio-8011-exec-5] DEBUG o.s.w.s.m.m.a.RequestResponseBodyMethodProcessor - Writing [ResponseData(statusCord=200, message=响应成功, gotoPage=false, url=null, data=[CascadeChoice(title=系統管理, (truncated)...]
2020-05-02 15:14:44.071 [http-nio-8011-exec-5] DEBUG org.springframework.web.servlet.DispatcherServlet - Completed 200 OK
2020-05-02 15:14:44.211 [http-nio-8011-exec-4] DEBUG org.springframework.web.servlet.DispatcherServlet - GET "/api/common/descSort?tableName=sys_permission&columnName=sort", parameters={masked}
2020-05-02 15:14:44.211 [http-nio-8011-exec-4] DEBUG o.s.w.s.m.m.a.RequestMappingHandlerMapping - Mapped to com.slq.controller.api.CommonController#getDescSort(Sort)
2020-05-02 15:14:44.211 [http-nio-8011-exec-7] DEBUG org.springframework.web.servlet.DispatcherServlet - GET "/api/cascaded/templates", parameters={}
2020-05-02 15:14:44.212 [http-nio-8011-exec-7] DEBUG o.s.w.s.m.m.a.RequestMappingHandlerMapping - Mapped to com.slq.controller.api.CascadeChoiceController#getCascadeTemplates()
2020-05-02 15:14:44.219 [http-nio-8011-exec-4] DEBUG o.s.w.s.m.m.a.RequestResponseBodyMethodProcessor - Using 'application/json', given [application/json, text/plain, */*] and supported [application/json, application/*+json, application/json, application/*+json]
2020-05-02 15:14:44.219 [http-nio-8011-exec-4] DEBUG o.s.w.s.m.m.a.RequestResponseBodyMethodProcessor - Writing [ResponseData(statusCord=200, message=响应成功, gotoPage=false, url=null, data=36)]
2020-05-02 15:14:44.219 [http-nio-8011-exec-4] DEBUG org.springframework.web.servlet.DispatcherServlet - Completed 200 OK
2020-05-02 15:14:44.225 [http-nio-8011-exec-7] DEBUG o.s.w.s.m.m.a.RequestResponseBodyMethodProcessor - Using 'application/json', given [application/json, text/plain, */*] and supported [application/json, application/*+json, application/json, application/*+json]
2020-05-02 15:14:44.225 [http-nio-8011-exec-7] DEBUG o.s.w.s.m.m.a.RequestResponseBodyMethodProcessor - Writing [ResponseData(statusCord=200, message=响应成功, gotoPage=false, url=null, data=[Template(name=permission, (truncated)...]
2020-05-02 15:14:44.227 [http-nio-8011-exec-7] DEBUG org.springframework.web.servlet.DispatcherServlet - Completed 200 OK
2020-05-02 15:15:21.488 [http-nio-8011-exec-9] DEBUG org.springframework.web.servlet.DispatcherServlet - GET "/api/cascaded/permission", parameters={}
2020-05-02 15:15:21.489 [http-nio-8011-exec-9] DEBUG o.s.w.s.m.m.a.RequestMappingHandlerMapping - Mapped to com.slq.controller.api.CascadeChoiceController#getCascadePermission()
2020-05-02 15:15:21.595 [http-nio-8011-exec-8] DEBUG org.springframework.web.servlet.DispatcherServlet - GET "/api/common/descSort?tableName=sys_permission&columnName=sort", parameters={masked}
2020-05-02 15:15:21.613 [http-nio-8011-exec-8] DEBUG o.s.w.s.m.m.a.RequestMappingHandlerMapping - Mapped to com.slq.controller.api.CommonController#getDescSort(Sort)
2020-05-02 15:15:21.615 [http-nio-8011-exec-8] DEBUG o.s.w.s.m.m.a.RequestResponseBodyMethodProcessor - Using 'application/json', given [application/json, text/plain, */*] and supported [application/json, application/*+json, application/json, application/*+json]
2020-05-02 15:15:21.615 [http-nio-8011-exec-8] DEBUG o.s.w.s.m.m.a.RequestResponseBodyMethodProcessor - Writing [ResponseData(statusCord=200, message=响应成功, gotoPage=false, url=null, data=36)]
2020-05-02 15:15:21.619 [http-nio-8011-exec-8] DEBUG org.springframework.web.servlet.DispatcherServlet - Completed 200 OK
2020-05-02 15:15:21.636 [http-nio-8011-exec-9] DEBUG o.s.w.s.m.m.a.RequestResponseBodyMethodProcessor - Using 'application/json', given [application/json, text/plain, */*] and supported [application/json, application/*+json, application/json, application/*+json]
2020-05-02 15:15:21.637 [http-nio-8011-exec-9] DEBUG o.s.w.s.m.m.a.RequestResponseBodyMethodProcessor - Writing [ResponseData(statusCord=200, message=响应成功, gotoPage=false, url=null, data=[CascadeChoice(title=系統管理, (truncated)...]
2020-05-02 15:15:21.638 [http-nio-8011-exec-9] DEBUG org.springframework.web.servlet.DispatcherServlet - Completed 200 OK
2020-05-02 15:15:21.830 [http-nio-8011-exec-3] DEBUG org.springframework.web.servlet.DispatcherServlet - GET "/api/cascaded/templates", parameters={}
2020-05-02 15:15:21.830 [http-nio-8011-exec-3] DEBUG o.s.w.s.m.m.a.RequestMappingHandlerMapping - Mapped to com.slq.controller.api.CascadeChoiceController#getCascadeTemplates()
2020-05-02 15:15:21.831 [http-nio-8011-exec-3] DEBUG o.s.w.s.m.m.a.RequestResponseBodyMethodProcessor - Using 'application/json', given [application/json, text/plain, */*] and supported [application/json, application/*+json, application/json, application/*+json]
2020-05-02 15:15:21.831 [http-nio-8011-exec-3] DEBUG o.s.w.s.m.m.a.RequestResponseBodyMethodProcessor - Writing [ResponseData(statusCord=200, message=响应成功, gotoPage=false, url=null, data=[Template(name=permission, (truncated)...]
2020-05-02 15:15:21.833 [http-nio-8011-exec-3] DEBUG org.springframework.web.servlet.DispatcherServlet - Completed 200 OK
2020-05-02 15:16:07.643 [http-nio-8011-exec-1] DEBUG org.springframework.web.servlet.DispatcherServlet - GET "/api/cascaded/permission", parameters={}
2020-05-02 15:16:07.644 [http-nio-8011-exec-1] DEBUG o.s.w.s.m.m.a.RequestMappingHandlerMapping - Mapped to com.slq.controller.api.CascadeChoiceController#getCascadePermission()
2020-05-02 15:16:07.764 [http-nio-8011-exec-1] DEBUG o.s.w.s.m.m.a.RequestResponseBodyMethodProcessor - Using 'application/json', given [application/json, text/plain, */*] and supported [application/json, application/*+json, application/json, application/*+json]
2020-05-02 15:16:07.765 [http-nio-8011-exec-1] DEBUG o.s.w.s.m.m.a.RequestResponseBodyMethodProcessor - Writing [ResponseData(statusCord=200, message=响应成功, gotoPage=false, url=null, data=[CascadeChoice(title=系統管理, (truncated)...]
2020-05-02 15:16:07.766 [http-nio-8011-exec-1] DEBUG org.springframework.web.servlet.DispatcherServlet - Completed 200 OK
2020-05-02 15:16:07.797 [http-nio-8011-exec-6] DEBUG org.springframework.web.servlet.DispatcherServlet - GET "/api/common/descSort?tableName=sys_permission&columnName=sort", parameters={masked}
2020-05-02 15:16:07.798 [http-nio-8011-exec-6] DEBUG o.s.w.s.m.m.a.RequestMappingHandlerMapping - Mapped to com.slq.controller.api.CommonController#getDescSort(Sort)
2020-05-02 15:16:07.800 [http-nio-8011-exec-6] DEBUG o.s.w.s.m.m.a.RequestResponseBodyMethodProcessor - Using 'application/json', given [application/json, text/plain, */*] and supported [application/json, application/*+json, application/json, application/*+json]
2020-05-02 15:16:07.800 [http-nio-8011-exec-6] DEBUG o.s.w.s.m.m.a.RequestResponseBodyMethodProcessor - Writing [ResponseData(statusCord=200, message=响应成功, gotoPage=false, url=null, data=36)]
2020-05-02 15:16:07.808 [http-nio-8011-exec-6] DEBUG org.springframework.web.servlet.DispatcherServlet - Completed 200 OK
2020-05-02 15:16:07.981 [http-nio-8011-exec-2] DEBUG org.springframework.web.servlet.DispatcherServlet - GET "/api/cascaded/templates", parameters={}
2020-05-02 15:16:07.982 [http-nio-8011-exec-2] DEBUG o.s.w.s.m.m.a.RequestMappingHandlerMapping - Mapped to com.slq.controller.api.CascadeChoiceController#getCascadeTemplates()
2020-05-02 15:16:07.982 [http-nio-8011-exec-2] DEBUG o.s.w.s.m.m.a.RequestResponseBodyMethodProcessor - Using 'application/json', given [application/json, text/plain, */*] and supported [application/json, application/*+json, application/json, application/*+json]
2020-05-02 15:16:07.983 [http-nio-8011-exec-2] DEBUG o.s.w.s.m.m.a.RequestResponseBodyMethodProcessor - Writing [ResponseData(statusCord=200, message=响应成功, gotoPage=false, url=null, data=[Template(name=permission, (truncated)...]
2020-05-02 15:16:07.983 [http-nio-8011-exec-2] DEBUG org.springframework.web.servlet.DispatcherServlet - Completed 200 OK
2020-05-02 15:18:26.076 [http-nio-8011-exec-5] DEBUG org.springframework.web.servlet.DispatcherServlet - GET "/api/cascaded/permission", parameters={}
2020-05-02 15:18:26.076 [http-nio-8011-exec-5] DEBUG o.s.w.s.m.m.a.RequestMappingHandlerMapping - Mapped to com.slq.controller.api.CascadeChoiceController#getCascadePermission()
2020-05-02 15:18:26.278 [http-nio-8011-exec-4] DEBUG org.springframework.web.servlet.DispatcherServlet - GET "/api/common/descSort?tableName=sys_permission&columnName=sort", parameters={masked}
2020-05-02 15:18:26.278 [http-nio-8011-exec-4] DEBUG o.s.w.s.m.m.a.RequestMappingHandlerMapping - Mapped to com.slq.controller.api.CommonController#getDescSort(Sort)
2020-05-02 15:18:26.310 [http-nio-8011-exec-4] DEBUG o.s.w.s.m.m.a.RequestResponseBodyMethodProcessor - Using 'application/json', given [application/json, text/plain, */*] and supported [application/json, application/*+json, application/json, application/*+json]
2020-05-02 15:18:26.311 [http-nio-8011-exec-4] DEBUG o.s.w.s.m.m.a.RequestResponseBodyMethodProcessor - Writing [ResponseData(statusCord=200, message=响应成功, gotoPage=false, url=null, data=36)]
2020-05-02 15:18:26.312 [http-nio-8011-exec-4] DEBUG org.springframework.web.servlet.DispatcherServlet - Completed 200 OK
2020-05-02 15:18:26.329 [http-nio-8011-exec-5] DEBUG o.s.w.s.m.m.a.RequestResponseBodyMethodProcessor - Using 'application/json', given [application/json, text/plain, */*] and supported [application/json, application/*+json, application/json, application/*+json]
2020-05-02 15:18:26.329 [http-nio-8011-exec-5] DEBUG o.s.w.s.m.m.a.RequestResponseBodyMethodProcessor - Writing [ResponseData(statusCord=200, message=响应成功, gotoPage=false, url=null, data=[CascadeChoice(title=系統管理, (truncated)...]
2020-05-02 15:18:26.330 [http-nio-8011-exec-5] DEBUG org.springframework.web.servlet.DispatcherServlet - Completed 200 OK
2020-05-02 15:18:26.366 [http-nio-8011-exec-7] DEBUG org.springframework.web.servlet.DispatcherServlet - GET "/api/cascaded/templates", parameters={}
2020-05-02 15:18:26.366 [http-nio-8011-exec-7] DEBUG o.s.w.s.m.m.a.RequestMappingHandlerMapping - Mapped to com.slq.controller.api.CascadeChoiceController#getCascadeTemplates()
2020-05-02 15:18:26.382 [http-nio-8011-exec-7] DEBUG o.s.w.s.m.m.a.RequestResponseBodyMethodProcessor - Using 'application/json', given [application/json, text/plain, */*] and supported [application/json, application/*+json, application/json, application/*+json]
2020-05-02 15:18:26.390 [http-nio-8011-exec-7] DEBUG o.s.w.s.m.m.a.RequestResponseBodyMethodProcessor - Writing [ResponseData(statusCord=200, message=响应成功, gotoPage=false, url=null, data=[Template(name=permission, (truncated)...]
2020-05-02 15:18:26.395 [http-nio-8011-exec-7] DEBUG org.springframework.web.servlet.DispatcherServlet - Completed 200 OK
2020-05-02 15:19:28.670 [http-nio-8011-exec-8] DEBUG org.springframework.web.servlet.DispatcherServlet - GET "/api/cascaded/permission", parameters={}
2020-05-02 15:19:28.671 [http-nio-8011-exec-8] DEBUG o.s.w.s.m.m.a.RequestMappingHandlerMapping - Mapped to com.slq.controller.api.CascadeChoiceController#getCascadePermission()
2020-05-02 15:19:28.714 [http-nio-8011-exec-8] DEBUG o.s.w.s.m.m.a.RequestResponseBodyMethodProcessor - Using 'application/json', given [application/json, text/plain, */*] and supported [application/json, application/*+json, application/json, application/*+json]
2020-05-02 15:19:28.715 [http-nio-8011-exec-8] DEBUG o.s.w.s.m.m.a.RequestResponseBodyMethodProcessor - Writing [ResponseData(statusCord=200, message=响应成功, gotoPage=false, url=null, data=[CascadeChoice(title=系統管理, (truncated)...]
2020-05-02 15:19:28.715 [http-nio-8011-exec-8] DEBUG org.springframework.web.servlet.DispatcherServlet - Completed 200 OK
2020-05-02 15:19:28.803 [http-nio-8011-exec-9] DEBUG org.springframework.web.servlet.DispatcherServlet - GET "/api/common/descSort?tableName=sys_permission&columnName=sort", parameters={masked}
2020-05-02 15:19:28.804 [http-nio-8011-exec-9] DEBUG o.s.w.s.m.m.a.RequestMappingHandlerMapping - Mapped to com.slq.controller.api.CommonController#getDescSort(Sort)
2020-05-02 15:19:28.807 [http-nio-8011-exec-9] DEBUG o.s.w.s.m.m.a.RequestResponseBodyMethodProcessor - Using 'application/json', given [application/json, text/plain, */*] and supported [application/json, application/*+json, application/json, application/*+json]
2020-05-02 15:19:28.807 [http-nio-8011-exec-9] DEBUG o.s.w.s.m.m.a.RequestResponseBodyMethodProcessor - Writing [ResponseData(statusCord=200, message=响应成功, gotoPage=false, url=null, data=36)]
2020-05-02 15:19:28.808 [http-nio-8011-exec-9] DEBUG org.springframework.web.servlet.DispatcherServlet - Completed 200 OK
2020-05-02 15:19:28.983 [http-nio-8011-exec-3] DEBUG org.springframework.web.servlet.DispatcherServlet - GET "/api/cascaded/templates", parameters={}
2020-05-02 15:19:28.983 [http-nio-8011-exec-3] DEBUG o.s.w.s.m.m.a.RequestMappingHandlerMapping - Mapped to com.slq.controller.api.CascadeChoiceController#getCascadeTemplates()
2020-05-02 15:19:28.987 [http-nio-8011-exec-3] DEBUG o.s.w.s.m.m.a.RequestResponseBodyMethodProcessor - Using 'application/json', given [application/json, text/plain, */*] and supported [application/json, application/*+json, application/json, application/*+json]
2020-05-02 15:19:28.989 [http-nio-8011-exec-3] DEBUG o.s.w.s.m.m.a.RequestResponseBodyMethodProcessor - Writing [ResponseData(statusCord=200, message=响应成功, gotoPage=false, url=null, data=[Template(name=permission, (truncated)...]
2020-05-02 15:19:28.991 [http-nio-8011-exec-3] DEBUG org.springframework.web.servlet.DispatcherServlet - Completed 200 OK
2020-05-02 15:20:09.045 [http-nio-8011-exec-10] DEBUG org.springframework.web.servlet.DispatcherServlet - GET "/api/cascaded/permission", parameters={}
2020-05-02 15:20:09.045 [http-nio-8011-exec-10] DEBUG o.s.w.s.m.m.a.RequestMappingHandlerMapping - Mapped to com.slq.controller.api.CascadeChoiceController#getCascadePermission()
2020-05-02 15:20:09.126 [http-nio-8011-exec-10] DEBUG o.s.w.s.m.m.a.RequestResponseBodyMethodProcessor - Using 'application/json', given [application/json, text/plain, */*] and supported [application/json, application/*+json, application/json, application/*+json]
2020-05-02 15:20:09.126 [http-nio-8011-exec-10] DEBUG o.s.w.s.m.m.a.RequestResponseBodyMethodProcessor - Writing [ResponseData(statusCord=200, message=响应成功, gotoPage=false, url=null, data=[CascadeChoice(title=系統管理, (truncated)...]
2020-05-02 15:20:09.127 [http-nio-8011-exec-10] DEBUG org.springframework.web.servlet.DispatcherServlet - Completed 200 OK
2020-05-02 15:20:09.210 [http-nio-8011-exec-1] DEBUG org.springframework.web.servlet.DispatcherServlet - GET "/api/common/descSort?tableName=sys_permission&columnName=sort", parameters={masked}
2020-05-02 15:20:09.210 [http-nio-8011-exec-1] DEBUG o.s.w.s.m.m.a.RequestMappingHandlerMapping - Mapped to com.slq.controller.api.CommonController#getDescSort(Sort)
2020-05-02 15:20:09.211 [http-nio-8011-exec-1] DEBUG o.s.w.s.m.m.a.RequestResponseBodyMethodProcessor - Using 'application/json', given [application/json, text/plain, */*] and supported [application/json, application/*+json, application/json, application/*+json]
2020-05-02 15:20:09.212 [http-nio-8011-exec-1] DEBUG o.s.w.s.m.m.a.RequestResponseBodyMethodProcessor - Writing [ResponseData(statusCord=200, message=响应成功, gotoPage=false, url=null, data=36)]
2020-05-02 15:20:09.213 [http-nio-8011-exec-1] DEBUG org.springframework.web.servlet.DispatcherServlet - Completed 200 OK
2020-05-02 15:20:09.341 [http-nio-8011-exec-6] DEBUG org.springframework.web.servlet.DispatcherServlet - GET "/api/cascaded/templates", parameters={}
2020-05-02 15:20:09.341 [http-nio-8011-exec-6] DEBUG o.s.w.s.m.m.a.RequestMappingHandlerMapping - Mapped to com.slq.controller.api.CascadeChoiceController#getCascadeTemplates()
2020-05-02 15:20:09.342 [http-nio-8011-exec-6] DEBUG o.s.w.s.m.m.a.RequestResponseBodyMethodProcessor - Using 'application/json', given [application/json, text/plain, */*] and supported [application/json, application/*+json, application/json, application/*+json]
2020-05-02 15:20:09.342 [http-nio-8011-exec-6] DEBUG o.s.w.s.m.m.a.RequestResponseBodyMethodProcessor - Writing [ResponseData(statusCord=200, message=响应成功, gotoPage=false, url=null, data=[Template(name=permission, (truncated)...]
2020-05-02 15:20:09.343 [http-nio-8011-exec-6] DEBUG org.springframework.web.servlet.DispatcherServlet - Completed 200 OK
2020-05-02 15:20:43.507 [http-nio-8011-exec-2] DEBUG org.springframework.web.servlet.DispatcherServlet - GET "/api/cascaded/permission", parameters={}
2020-05-02 15:20:43.508 [http-nio-8011-exec-2] DEBUG o.s.w.s.m.m.a.RequestMappingHandlerMapping - Mapped to com.slq.controller.api.CascadeChoiceController#getCascadePermission()
2020-05-02 15:20:43.587 [http-nio-8011-exec-2] DEBUG o.s.w.s.m.m.a.RequestResponseBodyMethodProcessor - Using 'application/json', given [application/json, text/plain, */*] and supported [application/json, application/*+json, application/json, application/*+json]
2020-05-02 15:20:43.587 [http-nio-8011-exec-2] DEBUG o.s.w.s.m.m.a.RequestResponseBodyMethodProcessor - Writing [ResponseData(statusCord=200, message=响应成功, gotoPage=false, url=null, data=[CascadeChoice(title=系統管理, (truncated)...]
2020-05-02 15:20:43.589 [http-nio-8011-exec-2] DEBUG org.springframework.web.servlet.DispatcherServlet - Completed 200 OK
2020-05-02 15:20:43.678 [http-nio-8011-exec-4] DEBUG org.springframework.web.servlet.DispatcherServlet - GET "/api/common/descSort?tableName=sys_permission&columnName=sort", parameters={masked}
2020-05-02 15:20:43.679 [http-nio-8011-exec-4] DEBUG o.s.w.s.m.m.a.RequestMappingHandlerMapping - Mapped to com.slq.controller.api.CommonController#getDescSort(Sort)
2020-05-02 15:20:43.687 [http-nio-8011-exec-4] DEBUG o.s.w.s.m.m.a.RequestResponseBodyMethodProcessor - Using 'application/json', given [application/json, text/plain, */*] and supported [application/json, application/*+json, application/json, application/*+json]
2020-05-02 15:20:43.687 [http-nio-8011-exec-4] DEBUG o.s.w.s.m.m.a.RequestResponseBodyMethodProcessor - Writing [ResponseData(statusCord=200, message=响应成功, gotoPage=false, url=null, data=36)]
2020-05-02 15:20:43.688 [http-nio-8011-exec-4] DEBUG org.springframework.web.servlet.DispatcherServlet - Completed 200 OK
2020-05-02 15:20:43.804 [http-nio-8011-exec-5] DEBUG org.springframework.web.servlet.DispatcherServlet - GET "/api/cascaded/templates", parameters={}
2020-05-02 15:20:43.804 [http-nio-8011-exec-5] DEBUG o.s.w.s.m.m.a.RequestMappingHandlerMapping - Mapped to com.slq.controller.api.CascadeChoiceController#getCascadeTemplates()
2020-05-02 15:20:43.819 [http-nio-8011-exec-5] DEBUG o.s.w.s.m.m.a.RequestResponseBodyMethodProcessor - Using 'application/json', given [application/json, text/plain, */*] and supported [application/json, application/*+json, application/json, application/*+json]
2020-05-02 15:20:43.820 [http-nio-8011-exec-5] DEBUG o.s.w.s.m.m.a.RequestResponseBodyMethodProcessor - Writing [ResponseData(statusCord=200, message=响应成功, gotoPage=false, url=null, data=[Template(name=permission, (truncated)...]
2020-05-02 15:20:43.823 [http-nio-8011-exec-5] DEBUG org.springframework.web.servlet.DispatcherServlet - Completed 200 OK
2020-05-02 15:21:10.930 [http-nio-8011-exec-7] DEBUG org.springframework.web.servlet.DispatcherServlet - GET "/api/cascaded/permission", parameters={}
2020-05-02 15:21:10.931 [http-nio-8011-exec-7] DEBUG o.s.w.s.m.m.a.RequestMappingHandlerMapping - Mapped to com.slq.controller.api.CascadeChoiceController#getCascadePermission()
2020-05-02 15:21:10.970 [http-nio-8011-exec-7] DEBUG o.s.w.s.m.m.a.RequestResponseBodyMethodProcessor - Using 'application/json', given [application/json, text/plain, */*] and supported [application/json, application/*+json, application/json, application/*+json]
2020-05-02 15:21:10.970 [http-nio-8011-exec-7] DEBUG o.s.w.s.m.m.a.RequestResponseBodyMethodProcessor - Writing [ResponseData(statusCord=200, message=响应成功, gotoPage=false, url=null, data=[CascadeChoice(title=系統管理, (truncated)...]
2020-05-02 15:21:10.971 [http-nio-8011-exec-7] DEBUG org.springframework.web.servlet.DispatcherServlet - Completed 200 OK
2020-05-02 15:21:11.098 [http-nio-8011-exec-8] DEBUG org.springframework.web.servlet.DispatcherServlet - GET "/api/common/descSort?tableName=sys_permission&columnName=sort", parameters={masked}
2020-05-02 15:21:11.099 [http-nio-8011-exec-8] DEBUG o.s.w.s.m.m.a.RequestMappingHandlerMapping - Mapped to com.slq.controller.api.CommonController#getDescSort(Sort)
2020-05-02 15:21:11.100 [http-nio-8011-exec-8] DEBUG o.s.w.s.m.m.a.RequestResponseBodyMethodProcessor - Using 'application/json', given [application/json, text/plain, */*] and supported [application/json, application/*+json, application/json, application/*+json]
2020-05-02 15:21:11.100 [http-nio-8011-exec-8] DEBUG o.s.w.s.m.m.a.RequestResponseBodyMethodProcessor - Writing [ResponseData(statusCord=200, message=响应成功, gotoPage=false, url=null, data=36)]
2020-05-02 15:21:11.102 [http-nio-8011-exec-8] DEBUG org.springframework.web.servlet.DispatcherServlet - Completed 200 OK
2020-05-02 15:21:11.227 [http-nio-8011-exec-9] DEBUG org.springframework.web.servlet.DispatcherServlet - GET "/api/cascaded/templates", parameters={}
2020-05-02 15:21:11.227 [http-nio-8011-exec-9] DEBUG o.s.w.s.m.m.a.RequestMappingHandlerMapping - Mapped to com.slq.controller.api.CascadeChoiceController#getCascadeTemplates()
2020-05-02 15:21:11.228 [http-nio-8011-exec-9] DEBUG o.s.w.s.m.m.a.RequestResponseBodyMethodProcessor - Using 'application/json', given [application/json, text/plain, */*] and supported [application/json, application/*+json, application/json, application/*+json]
2020-05-02 15:21:11.228 [http-nio-8011-exec-9] DEBUG o.s.w.s.m.m.a.RequestResponseBodyMethodProcessor - Writing [ResponseData(statusCord=200, message=响应成功, gotoPage=false, url=null, data=[Template(name=permission, (truncated)...]
2020-05-02 15:21:11.229 [http-nio-8011-exec-9] DEBUG org.springframework.web.servlet.DispatcherServlet - Completed 200 OK
2020-05-02 15:21:50.143 [http-nio-8011-exec-3] DEBUG org.springframework.web.servlet.DispatcherServlet - GET "/api/cascaded/permission", parameters={}
2020-05-02 15:21:50.148 [http-nio-8011-exec-10] DEBUG org.springframework.web.servlet.DispatcherServlet - GET "/api/common/descSort?tableName=sys_permission&columnName=sort", parameters={masked}
2020-05-02 15:21:50.149 [http-nio-8011-exec-10] DEBUG o.s.w.s.m.m.a.RequestMappingHandlerMapping - Mapped to com.slq.controller.api.CommonController#getDescSort(Sort)
2020-05-02 15:21:50.149 [http-nio-8011-exec-1] DEBUG org.springframework.web.servlet.DispatcherServlet - GET "/api/cascaded/templates", parameters={}
2020-05-02 15:21:50.149 [http-nio-8011-exec-1] DEBUG o.s.w.s.m.m.a.RequestMappingHandlerMapping - Mapped to com.slq.controller.api.CascadeChoiceController#getCascadeTemplates()
2020-05-02 15:21:50.148 [http-nio-8011-exec-3] DEBUG o.s.w.s.m.m.a.RequestMappingHandlerMapping - Mapped to com.slq.controller.api.CascadeChoiceController#getCascadePermission()
2020-05-02 15:21:50.150 [http-nio-8011-exec-10] DEBUG o.s.w.s.m.m.a.RequestResponseBodyMethodProcessor - Using 'application/json', given [application/json, text/plain, */*] and supported [application/json, application/*+json, application/json, application/*+json]
2020-05-02 15:21:50.151 [http-nio-8011-exec-1] DEBUG o.s.w.s.m.m.a.RequestResponseBodyMethodProcessor - Using 'application/json', given [application/json, text/plain, */*] and supported [application/json, application/*+json, application/json, application/*+json]
2020-05-02 15:21:50.151 [http-nio-8011-exec-10] DEBUG o.s.w.s.m.m.a.RequestResponseBodyMethodProcessor - Writing [ResponseData(statusCord=200, message=响应成功, gotoPage=false, url=null, data=36)]
2020-05-02 15:21:50.151 [http-nio-8011-exec-1] DEBUG o.s.w.s.m.m.a.RequestResponseBodyMethodProcessor - Writing [ResponseData(statusCord=200, message=响应成功, gotoPage=false, url=null, data=[Template(name=permission, (truncated)...]
2020-05-02 15:21:50.157 [http-nio-8011-exec-1] DEBUG org.springframework.web.servlet.DispatcherServlet - Completed 200 OK
2020-05-02 15:21:50.157 [http-nio-8011-exec-10] DEBUG org.springframework.web.servlet.DispatcherServlet - Completed 200 OK
2020-05-02 15:21:50.222 [http-nio-8011-exec-3] DEBUG o.s.w.s.m.m.a.RequestResponseBodyMethodProcessor - Using 'application/json', given [application/json, text/plain, */*] and supported [application/json, application/*+json, application/json, application/*+json]
2020-05-02 15:21:50.222 [http-nio-8011-exec-3] DEBUG o.s.w.s.m.m.a.RequestResponseBodyMethodProcessor - Writing [ResponseData(statusCord=200, message=响应成功, gotoPage=false, url=null, data=[CascadeChoice(title=系統管理, (truncated)...]
2020-05-02 15:21:50.223 [http-nio-8011-exec-3] DEBUG org.springframework.web.servlet.DispatcherServlet - Completed 200 OK
2020-05-02 15:22:06.561 [http-nio-8011-exec-2] DEBUG org.springframework.web.servlet.DispatcherServlet - GET "/api/common/descSort?tableName=sys_permission&columnName=sort", parameters={masked}
2020-05-02 15:22:06.561 [http-nio-8011-exec-6] DEBUG org.springframework.web.servlet.DispatcherServlet - GET "/api/cascaded/permission", parameters={}
2020-05-02 15:22:06.561 [http-nio-8011-exec-4] DEBUG org.springframework.web.servlet.DispatcherServlet - GET "/api/cascaded/templates", parameters={}
2020-05-02 15:22:06.562 [http-nio-8011-exec-4] DEBUG o.s.w.s.m.m.a.RequestMappingHandlerMapping - Mapped to com.slq.controller.api.CascadeChoiceController#getCascadeTemplates()
2020-05-02 15:22:06.562 [http-nio-8011-exec-2] DEBUG o.s.w.s.m.m.a.RequestMappingHandlerMapping - Mapped to com.slq.controller.api.CommonController#getDescSort(Sort)
2020-05-02 15:22:06.562 [http-nio-8011-exec-6] DEBUG o.s.w.s.m.m.a.RequestMappingHandlerMapping - Mapped to com.slq.controller.api.CascadeChoiceController#getCascadePermission()
2020-05-02 15:22:06.562 [http-nio-8011-exec-4] DEBUG o.s.w.s.m.m.a.RequestResponseBodyMethodProcessor - Using 'application/json', given [application/json, text/plain, */*] and supported [application/json, application/*+json, application/json, application/*+json]
2020-05-02 15:22:06.563 [http-nio-8011-exec-4] DEBUG o.s.w.s.m.m.a.RequestResponseBodyMethodProcessor - Writing [ResponseData(statusCord=200, message=响应成功, gotoPage=false, url=null, data=[Template(name=permission, (truncated)...]
2020-05-02 15:22:06.563 [http-nio-8011-exec-2] DEBUG o.s.w.s.m.m.a.RequestResponseBodyMethodProcessor - Using 'application/json', given [application/json, text/plain, */*] and supported [application/json, application/*+json, application/json, application/*+json]
2020-05-02 15:22:06.563 [http-nio-8011-exec-2] DEBUG o.s.w.s.m.m.a.RequestResponseBodyMethodProcessor - Writing [ResponseData(statusCord=200, message=响应成功, gotoPage=false, url=null, data=36)]
2020-05-02 15:22:06.569 [http-nio-8011-exec-4] DEBUG org.springframework.web.servlet.DispatcherServlet - Completed 200 OK
2020-05-02 15:22:06.569 [http-nio-8011-exec-2] DEBUG org.springframework.web.servlet.DispatcherServlet - Completed 200 OK
2020-05-02 15:22:06.640 [http-nio-8011-exec-6] DEBUG o.s.w.s.m.m.a.RequestResponseBodyMethodProcessor - Using 'application/json', given [application/json, text/plain, */*] and supported [application/json, application/*+json, application/json, application/*+json]
2020-05-02 15:22:06.641 [http-nio-8011-exec-6] DEBUG o.s.w.s.m.m.a.RequestResponseBodyMethodProcessor - Writing [ResponseData(statusCord=200, message=响应成功, gotoPage=false, url=null, data=[CascadeChoice(title=系統管理, (truncated)...]
2020-05-02 15:22:06.642 [http-nio-8011-exec-6] DEBUG org.springframework.web.servlet.DispatcherServlet - Completed 200 OK
2020-05-02 15:22:58.375 [http-nio-8011-exec-5] DEBUG org.springframework.web.servlet.DispatcherServlet - POST "/api/permission/insert", parameters={masked}
2020-05-02 15:22:58.375 [http-nio-8011-exec-5] DEBUG o.s.w.s.m.m.a.RequestMappingHandlerMapping - Mapped to com.slq.controller.api.PermissionController#insertPermission(Permission)
2020-05-02 15:22:58.573 [http-nio-8011-exec-5] DEBUG o.s.w.s.m.m.a.RequestResponseBodyMethodProcessor - Using 'application/json', given [application/json, text/plain, */*] and supported [application/json, application/*+json, application/json, application/*+json]
2020-05-02 15:22:58.573 [http-nio-8011-exec-5] DEBUG o.s.w.s.m.m.a.RequestResponseBodyMethodProcessor - Writing [ResponseData(statusCord=200, message=响应成功, gotoPage=false, url=null, data=36)]
2020-05-02 15:22:58.575 [http-nio-8011-exec-5] DEBUG org.springframework.web.servlet.DispatcherServlet - Completed 200 OK
2020-05-02 15:23:00.546 [http-nio-8011-exec-7] DEBUG org.springframework.web.servlet.DispatcherServlet - GET "/api/cascaded/permission", parameters={}
2020-05-02 15:23:00.547 [http-nio-8011-exec-7] DEBUG o.s.w.s.m.m.a.RequestMappingHandlerMapping - Mapped to com.slq.controller.api.CascadeChoiceController#getCascadePermission()
2020-05-02 15:23:00.644 [http-nio-8011-exec-7] DEBUG o.s.w.s.m.m.a.RequestResponseBodyMethodProcessor - Using 'application/json', given [application/json, text/plain, */*] and supported [application/json, application/*+json, application/json, application/*+json]
2020-05-02 15:23:00.645 [http-nio-8011-exec-7] DEBUG o.s.w.s.m.m.a.RequestResponseBodyMethodProcessor - Writing [ResponseData(statusCord=200, message=响应成功, gotoPage=false, url=null, data=[CascadeChoice(title=系統管理, (truncated)...]
2020-05-02 15:23:00.648 [http-nio-8011-exec-7] DEBUG org.springframework.web.servlet.DispatcherServlet - Completed 200 OK
2020-05-02 15:23:00.908 [http-nio-8011-exec-9] DEBUG org.springframework.web.servlet.DispatcherServlet - GET "/api/cascaded/templates", parameters={}
2020-05-02 15:23:00.908 [http-nio-8011-exec-8] DEBUG org.springframework.web.servlet.DispatcherServlet - GET "/api/common/descSort?tableName=sys_permission&columnName=sort", parameters={masked}
2020-05-02 15:23:00.908 [http-nio-8011-exec-9] DEBUG o.s.w.s.m.m.a.RequestMappingHandlerMapping - Mapped to com.slq.controller.api.CascadeChoiceController#getCascadeTemplates()
2020-05-02 15:23:00.908 [http-nio-8011-exec-8] DEBUG o.s.w.s.m.m.a.RequestMappingHandlerMapping - Mapped to com.slq.controller.api.CommonController#getDescSort(Sort)
2020-05-02 15:23:00.911 [http-nio-8011-exec-8] DEBUG o.s.w.s.m.m.a.RequestResponseBodyMethodProcessor - Using 'application/json', given [application/json, text/plain, */*] and supported [application/json, application/*+json, application/json, application/*+json]
2020-05-02 15:23:00.911 [http-nio-8011-exec-8] DEBUG o.s.w.s.m.m.a.RequestResponseBodyMethodProcessor - Writing [ResponseData(statusCord=200, message=响应成功, gotoPage=false, url=null, data=37)]
2020-05-02 15:23:00.912 [http-nio-8011-exec-8] DEBUG org.springframework.web.servlet.DispatcherServlet - Completed 200 OK
2020-05-02 15:23:00.920 [http-nio-8011-exec-9] DEBUG o.s.w.s.m.m.a.RequestResponseBodyMethodProcessor - Using 'application/json', given [application/json, text/plain, */*] and supported [application/json, application/*+json, application/json, application/*+json]
2020-05-02 15:23:00.920 [http-nio-8011-exec-9] DEBUG o.s.w.s.m.m.a.RequestResponseBodyMethodProcessor - Writing [ResponseData(statusCord=200, message=响应成功, gotoPage=false, url=null, data=[Template(name=permission, (truncated)...]
2020-05-02 15:23:00.925 [http-nio-8011-exec-9] DEBUG org.springframework.web.servlet.DispatcherServlet - Completed 200 OK
2020-05-02 20:22:52.686 [restartedMain] DEBUG org.apache.ibatis.logging.LogFactory - Logging initialized using 'class org.apache.ibatis.logging.slf4j.Slf4jImpl' adapter.
2020-05-02 20:22:54.710 [restartedMain] WARN  c.b.mybatisplus.core.injector.AbstractMethod - [com.slq.mapper.production.MaterialDesignDetailMapper.insert] Has been loaded by XML or SqlProvider or Mybatis's Annotation, so ignoring this injection for [class com.baomidou.mybatisplus.core.injector.methods.Insert]
2020-05-02 20:22:57.616 [restartedMain] DEBUG org.springframework.web.context.ContextLoader - Published root WebApplicationContext as ServletContext attribute with name [org.springframework.web.context.WebApplicationContext.ROOT]
2020-05-02 20:22:57.617 [restartedMain] INFO  org.springframework.web.context.ContextLoader - Root WebApplicationContext: initialization completed in 7492 ms
2020-05-02 20:22:59.435 [restartedMain] DEBUG o.s.w.s.m.m.a.RequestMappingHandlerAdapter - ControllerAdvice beans: 0 @ModelAttribute, 0 @InitBinder, 1 RequestBodyAdvice, 1 ResponseBodyAdvice
2020-05-02 20:22:59.603 [restartedMain] DEBUG o.s.w.s.m.m.a.RequestMappingHandlerMapping - 83 mappings in 'requestMappingHandlerMapping'
2020-05-02 20:22:59.670 [restartedMain] DEBUG o.s.web.servlet.handler.SimpleUrlHandlerMapping - Patterns [/webjars/**, /**] in 'resourceHandlerMapping'
2020-05-02 20:22:59.695 [restartedMain] DEBUG o.s.w.s.m.m.a.ExceptionHandlerExceptionResolver - ControllerAdvice beans: 0 @ExceptionHandler, 1 ResponseBodyAdvice
2020-05-02 20:22:59.780 [restartedMain] WARN  o.s.b.a.t.ThymeleafAutoConfiguration$DefaultTemplateResolverConfiguration - Cannot find template location: classpath:/templates/ (please add some templates or check your Thymeleaf configuration)
2020-05-02 20:23:01.010 [restartedMain] DEBUG o.s.w.s.server.standard.ServerEndpointExporter - Registering @ServerEndpoint class: class com.slq.websocket.WebSocketServer
2020-05-02 20:23:09.881 [http-nio-8011-exec-1] INFO  org.springframework.web.servlet.DispatcherServlet - Initializing Servlet 'dispatcherServlet'
2020-05-02 20:23:09.881 [http-nio-8011-exec-1] DEBUG org.springframework.web.servlet.DispatcherServlet - Detected StandardServletMultipartResolver
2020-05-02 20:23:09.922 [http-nio-8011-exec-1] DEBUG org.springframework.web.servlet.DispatcherServlet - enableLoggingRequestDetails='false': request parameters and headers will be masked to prevent unsafe logging of potentially sensitive data
2020-05-02 20:23:09.923 [http-nio-8011-exec-1] INFO  org.springframework.web.servlet.DispatcherServlet - Completed initialization in 42 ms
2020-05-02 20:23:12.222 [http-nio-8011-exec-6] DEBUG org.springframework.web.servlet.DispatcherServlet - OPTIONS "/noLogin;JSESSIONID=7983af06-9ab9-481b-81ea-4cc00c35dfb7", parameters={}
2020-05-02 20:23:12.222 [http-nio-8011-exec-7] DEBUG org.springframework.web.servlet.DispatcherServlet - GET "/noLogin;JSESSIONID=16657f8a-a798-44de-bd97-9cf78f71d837", parameters={}
2020-05-02 20:23:12.237 [http-nio-8011-exec-6] DEBUG o.s.w.s.m.m.a.RequestMappingHandlerMapping - Mapped to com.slq.controller.SystemController#noLogin()
2020-05-02 20:23:12.237 [http-nio-8011-exec-7] DEBUG o.s.w.s.m.m.a.RequestMappingHandlerMapping - Mapped to com.slq.controller.SystemController#noLogin()
2020-05-02 20:23:12.308 [http-nio-8011-exec-6] DEBUG org.springframework.web.servlet.DispatcherServlet - Completed 200 OK
2020-05-02 20:23:12.345 [http-nio-8011-exec-8] DEBUG org.springframework.web.servlet.DispatcherServlet - GET "/noLogin;JSESSIONID=7983af06-9ab9-481b-81ea-4cc00c35dfb7", parameters={}
2020-05-02 20:23:12.346 [http-nio-8011-exec-8] DEBUG o.s.w.s.m.m.a.RequestMappingHandlerMapping - Mapped to com.slq.controller.SystemController#noLogin()
2020-05-02 20:23:12.524 [http-nio-8011-exec-3] DEBUG org.springframework.web.servlet.DispatcherServlet - GET "/noLogin;JSESSIONID=44e6e416-6f69-4f37-a019-9209c084a350", parameters={}
2020-05-02 20:23:12.525 [http-nio-8011-exec-3] DEBUG o.s.w.s.m.m.a.RequestMappingHandlerMapping - Mapped to com.slq.controller.SystemController#noLogin()
2020-05-02 20:23:12.542 [http-nio-8011-exec-1] DEBUG org.springframework.web.servlet.DispatcherServlet - GET "/noLogin;JSESSIONID=3059463c-ca65-4103-8b21-e972cddfc9ed", parameters={}
2020-05-02 20:23:12.542 [http-nio-8011-exec-1] DEBUG o.s.w.s.m.m.a.RequestMappingHandlerMapping - Mapped to com.slq.controller.SystemController#noLogin()
2020-05-02 20:23:12.599 [http-nio-8011-exec-1] DEBUG o.s.w.s.m.m.a.RequestResponseBodyMethodProcessor - Using 'application/json', given [application/json, text/plain, */*] and supported [application/json, application/*+json, application/json, application/*+json]
2020-05-02 20:23:12.608 [http-nio-8011-exec-1] DEBUG o.s.w.s.m.m.a.RequestResponseBodyMethodProcessor - Writing [ResponseData(statusCord=302, message=未登录!, gotoPage=true, url=/login.html, data=null)]
2020-05-02 20:23:12.626 [http-nio-8011-exec-8] DEBUG o.s.w.s.m.m.a.RequestResponseBodyMethodProcessor - Using 'application/json', given [application/json, text/plain, */*] and supported [application/json, application/*+json, application/json, application/*+json]
2020-05-02 20:23:12.626 [http-nio-8011-exec-8] DEBUG o.s.w.s.m.m.a.RequestResponseBodyMethodProcessor - Writing [ResponseData(statusCord=302, message=未登录!, gotoPage=true, url=/login.html, data=null)]
2020-05-02 20:23:12.635 [http-nio-8011-exec-3] DEBUG o.s.w.s.m.m.a.RequestResponseBodyMethodProcessor - Using 'application/json', given [application/json, text/plain, */*] and supported [application/json, application/*+json, application/json, application/*+json]
2020-05-02 20:23:12.638 [http-nio-8011-exec-3] DEBUG o.s.w.s.m.m.a.RequestResponseBodyMethodProcessor - Writing [ResponseData(statusCord=302, message=未登录!, gotoPage=true, url=/login.html, data=null)]
2020-05-02 20:23:12.643 [http-nio-8011-exec-7] DEBUG o.s.w.s.m.m.a.RequestResponseBodyMethodProcessor - Using 'application/json', given [application/json, text/plain, */*] and supported [application/json, application/*+json, application/json, application/*+json]
2020-05-02 20:23:12.644 [http-nio-8011-exec-7] DEBUG o.s.w.s.m.m.a.RequestResponseBodyMethodProcessor - Writing [ResponseData(statusCord=302, message=未登录!, gotoPage=true, url=/login.html, data=null)]
2020-05-02 20:23:12.676 [http-nio-8011-exec-8] DEBUG org.springframework.web.servlet.DispatcherServlet - Completed 200 OK
2020-05-02 20:23:12.677 [http-nio-8011-exec-3] DEBUG org.springframework.web.servlet.DispatcherServlet - Completed 200 OK
2020-05-02 20:23:12.680 [http-nio-8011-exec-7] DEBUG org.springframework.web.servlet.DispatcherServlet - Completed 200 OK
2020-05-02 20:23:12.687 [http-nio-8011-exec-1] DEBUG org.springframework.web.servlet.DispatcherServlet - Completed 200 OK
2020-05-02 20:23:12.825 [http-nio-8011-exec-2] DEBUG org.springframework.web.servlet.DispatcherServlet - GET "/verificationImg", parameters={}
2020-05-02 20:23:12.826 [http-nio-8011-exec-2] DEBUG o.s.w.s.m.m.a.RequestMappingHandlerMapping - Mapped to com.slq.controller.SystemController#responseVerificationImg(HttpServletRequest, HttpServletResponse)
2020-05-02 20:23:13.742 [http-nio-8011-exec-2] DEBUG org.springframework.web.servlet.DispatcherServlet - Completed 200 OK
2020-05-02 20:23:14.659 [http-nio-8011-exec-5] DEBUG org.springframework.web.servlet.DispatcherServlet - POST "/api/login", parameters={masked}
2020-05-02 20:23:14.660 [http-nio-8011-exec-5] DEBUG o.s.w.s.m.m.a.RequestMappingHandlerMapping - Mapped to com.slq.controller.SystemController#login(User, String)
2020-05-02 20:23:16.129 [http-nio-8011-exec-5] DEBUG o.s.w.s.m.m.a.RequestResponseBodyMethodProcessor - Using 'application/json', given [application/json, text/plain, */*] and supported [application/json, application/*+json, application/json, application/*+json]
2020-05-02 20:23:16.129 [http-nio-8011-exec-5] DEBUG o.s.w.s.m.m.a.RequestResponseBodyMethodProcessor - Writing [ResponseData(statusCord=200, message=登录成功!, gotoPage=false, url=null, data=ActiveUser(user=User(id=1 (truncated)...]
2020-05-02 20:23:16.149 [http-nio-8011-exec-5] DEBUG org.springframework.web.servlet.DispatcherServlet - Completed 200 OK
2020-05-02 20:23:16.794 [http-nio-8011-exec-6] DEBUG org.springframework.web.servlet.DispatcherServlet - GET "/api/common/getTreeMenus", parameters={}
2020-05-02 20:23:16.796 [http-nio-8011-exec-6] DEBUG o.s.w.s.m.m.a.RequestMappingHandlerMapping - Mapped to com.slq.controller.api.CommonController#getTreeMenus()
2020-05-02 20:23:17.175 [http-nio-8011-exec-6] DEBUG o.s.w.s.m.m.a.RequestResponseBodyMethodProcessor - Using 'application/json', given [application/json, text/plain, */*] and supported [application/json, application/*+json, application/json, application/*+json]
2020-05-02 20:23:17.176 [http-nio-8011-exec-6] DEBUG o.s.w.s.m.m.a.RequestResponseBodyMethodProcessor - Writing [ResponseData(statusCord=200, message=响应成功, gotoPage=false, url=null, data=[TreeMenu(id=1, title=系統管理 (truncated)...]
2020-05-02 20:23:17.193 [http-nio-8011-exec-6] DEBUG org.springframework.web.servlet.DispatcherServlet - Completed 200 OK
2020-05-02 20:23:23.666 [http-nio-8011-exec-10] DEBUG org.springframework.web.servlet.DispatcherServlet - POST "/api/product/search", parameters={}
2020-05-02 20:23:23.668 [http-nio-8011-exec-10] DEBUG o.s.w.s.m.m.a.RequestMappingHandlerMapping - Mapped to com.slq.controller.production.ProductController#search(JSONObject)
2020-05-02 20:23:23.776 [http-nio-8011-exec-10] DEBUG o.s.w.s.m.m.a.RequestResponseBodyMethodProcessor - Read "application/json;charset=UTF-8" to [{"checkKinds":[],"params":{"pageNum":1,"pageSize":5,"keyWord":"","orderingRule":{"prop":"product_id" (truncated)...]
2020-05-02 20:23:23.998 [http-nio-8011-exec-9] DEBUG org.springframework.web.servlet.DispatcherServlet - GET "/api/productKind/getKinds", parameters={}
2020-05-02 20:23:23.999 [http-nio-8011-exec-9] DEBUG o.s.w.s.m.m.a.RequestMappingHandlerMapping - Mapped to com.slq.controller.production.ProductKindController#getKinds()
2020-05-02 20:23:24.072 [http-nio-8011-exec-9] DEBUG o.s.w.s.m.m.a.RequestResponseBodyMethodProcessor - Using 'application/json', given [application/json, text/plain, */*] and supported [application/json, application/*+json, application/json, application/*+json]
2020-05-02 20:23:24.075 [http-nio-8011-exec-9] DEBUG o.s.w.s.m.m.a.RequestResponseBodyMethodProcessor - Writing [ResponseData(statusCord=200, message=响应成功, gotoPage=false, url=null, data=[ProductKind(id=1, parentI (truncated)...]
2020-05-02 20:23:24.083 [http-nio-8011-exec-9] DEBUG org.springframework.web.servlet.DispatcherServlet - Completed 200 OK
2020-05-02 20:23:24.382 [http-nio-8011-exec-10] DEBUG o.s.w.s.m.m.a.RequestResponseBodyMethodProcessor - Using 'application/json', given [application/json, text/plain, */*] and supported [application/json, application/*+json, application/json, application/*+json]
2020-05-02 20:23:24.386 [http-nio-8011-exec-10] DEBUG o.s.w.s.m.m.a.RequestResponseBodyMethodProcessor - Writing [ResponseData(statusCord=200, message=响应成功, gotoPage=false, url=null, data=PageInfo{pageNum=1, pageSi (truncated)...]
2020-05-02 20:23:24.469 [http-nio-8011-exec-10] DEBUG org.springframework.web.servlet.DispatcherServlet - Completed 200 OK
2020-05-02 20:23:37.635 [http-nio-8011-exec-8] DEBUG org.springframework.web.servlet.DispatcherServlet - GET "/api/productKind/getKinds", parameters={}
2020-05-02 20:23:37.635 [http-nio-8011-exec-8] DEBUG o.s.w.s.m.m.a.RequestMappingHandlerMapping - Mapped to com.slq.controller.production.ProductKindController#getKinds()
2020-05-02 20:23:37.636 [http-nio-8011-exec-3] DEBUG org.springframework.web.servlet.DispatcherServlet - GET "/api/productUse/All", parameters={}
2020-05-02 20:23:37.637 [http-nio-8011-exec-3] DEBUG o.s.w.s.m.m.a.RequestMappingHandlerMapping - Mapped to com.slq.controller.production.ProductUseController#getProductUseAll()
2020-05-02 20:23:37.653 [http-nio-8011-exec-8] DEBUG o.s.w.s.m.m.a.RequestResponseBodyMethodProcessor - Using 'application/json', given [application/json, text/plain, */*] and supported [application/json, application/*+json, application/json, application/*+json]
2020-05-02 20:23:37.653 [http-nio-8011-exec-8] DEBUG o.s.w.s.m.m.a.RequestResponseBodyMethodProcessor - Writing [ResponseData(statusCord=200, message=响应成功, gotoPage=false, url=null, data=[ProductKind(id=1, parentI (truncated)...]
2020-05-02 20:23:37.654 [http-nio-8011-exec-8] DEBUG org.springframework.web.servlet.DispatcherServlet - Completed 200 OK
2020-05-02 20:23:37.695 [http-nio-8011-exec-3] DEBUG o.s.w.s.m.m.a.RequestResponseBodyMethodProcessor - Using 'application/json', given [application/json, text/plain, */*] and supported [application/json, application/*+json, application/json, application/*+json]
2020-05-02 20:23:37.696 [http-nio-8011-exec-3] DEBUG o.s.w.s.m.m.a.RequestResponseBodyMethodProcessor - Writing [ResponseData(statusCord=200, message=响应成功, gotoPage=false, url=null, data=[ProductUse(id=1, useName= (truncated)...]
2020-05-02 20:23:37.710 [http-nio-8011-exec-3] DEBUG org.springframework.web.servlet.DispatcherServlet - Completed 200 OK
2020-05-02 20:23:37.968 [http-nio-8011-exec-7] DEBUG org.springframework.web.servlet.DispatcherServlet - GET "/api/unit/product_rank", parameters={}
2020-05-02 20:23:37.968 [http-nio-8011-exec-1] DEBUG org.springframework.web.servlet.DispatcherServlet - GET "/api/unit/product_unit", parameters={}
2020-05-02 20:23:37.986 [http-nio-8011-exec-7] DEBUG o.s.w.s.m.m.a.RequestMappingHandlerMapping - Mapped to com.slq.controller.common.UnitController#getUnitValueByKey(String)
2020-05-02 20:23:37.985 [http-nio-8011-exec-1] DEBUG o.s.w.s.m.m.a.RequestMappingHandlerMapping - Mapped to com.slq.controller.common.UnitController#getUnitValueByKey(String)
2020-05-02 20:23:38.082 [http-nio-8011-exec-7] DEBUG o.s.w.s.m.m.a.RequestResponseBodyMethodProcessor - Using 'application/json', given [application/json, text/plain, */*] and supported [application/json, application/*+json, application/json, application/*+json]
2020-05-02 20:23:38.083 [http-nio-8011-exec-7] DEBUG o.s.w.s.m.m.a.RequestResponseBodyMethodProcessor - Writing [ResponseData(statusCord=200, message=响应成功, gotoPage=false, url=null, data=Unit(id=1, parent_id=null, (truncated)...]
2020-05-02 20:23:38.086 [http-nio-8011-exec-7] DEBUG org.springframework.web.servlet.DispatcherServlet - Completed 200 OK
2020-05-02 20:23:38.087 [http-nio-8011-exec-1] DEBUG o.s.w.s.m.m.a.RequestResponseBodyMethodProcessor - Using 'application/json', given [application/json, text/plain, */*] and supported [application/json, application/*+json, application/json, application/*+json]
2020-05-02 20:23:38.087 [http-nio-8011-exec-1] DEBUG o.s.w.s.m.m.a.RequestResponseBodyMethodProcessor - Writing [ResponseData(statusCord=200, message=响应成功, gotoPage=false, url=null, data=Unit(id=2, parent_id=null, (truncated)...]
2020-05-02 20:23:38.088 [http-nio-8011-exec-1] DEBUG org.springframework.web.servlet.DispatcherServlet - Completed 200 OK
2020-05-02 20:24:08.967 [http-nio-8011-exec-2] DEBUG org.springframework.web.servlet.DispatcherServlet - POST "/api/product/insert", parameters={}
2020-05-02 20:24:08.970 [http-nio-8011-exec-2] DEBUG o.s.w.s.m.m.a.RequestMappingHandlerMapping - Mapped to com.slq.controller.production.ProductController#insert(JSONObject)
2020-05-02 20:24:08.979 [http-nio-8011-exec-2] DEBUG o.s.w.s.m.m.a.RequestResponseBodyMethodProcessor - Read "application/json;charset=UTF-8" to [{"use_type":1,"factoryName":"","product_rank":"高级档次","list_price":6000,"real_cost_price":0,"message" (truncated)...]
2020-05-02 20:24:09.406 [http-nio-8011-exec-2] DEBUG o.s.w.s.m.m.a.RequestResponseBodyMethodProcessor - Using 'application/json', given [application/json, text/plain, */*] and supported [application/json, application/*+json, application/json, application/*+json]
2020-05-02 20:24:09.407 [http-nio-8011-exec-2] DEBUG o.s.w.s.m.m.a.RequestResponseBodyMethodProcessor - Writing [ResponseData(statusCord=200, message=响应成功, gotoPage=false, url=null, data=1)]
2020-05-02 20:24:09.408 [http-nio-8011-exec-2] DEBUG org.springframework.web.servlet.DispatcherServlet - Completed 200 OK
2020-05-02 20:24:09.490 [http-nio-8011-exec-5] DEBUG org.springframework.web.servlet.DispatcherServlet - POST "/api/product/search", parameters={}
2020-05-02 20:24:09.491 [http-nio-8011-exec-5] DEBUG o.s.w.s.m.m.a.RequestMappingHandlerMapping - Mapped to com.slq.controller.production.ProductController#search(JSONObject)
2020-05-02 20:24:09.493 [http-nio-8011-exec-5] DEBUG o.s.w.s.m.m.a.RequestResponseBodyMethodProcessor - Read "application/json;charset=UTF-8" to [{"checkKinds":[],"params":{"pageNum":1,"pageSize":5,"keyWord":"","orderingRule":{"prop":"product_id" (truncated)...]
2020-05-02 20:24:09.520 [http-nio-8011-exec-5] DEBUG o.s.w.s.m.m.a.RequestResponseBodyMethodProcessor - Using 'application/json', given [application/json, text/plain, */*] and supported [application/json, application/*+json, application/json, application/*+json]
2020-05-02 20:24:09.522 [http-nio-8011-exec-5] DEBUG o.s.w.s.m.m.a.RequestResponseBodyMethodProcessor - Writing [ResponseData(statusCord=200, message=响应成功, gotoPage=false, url=null, data=PageInfo{pageNum=1, pageSi (truncated)...]
2020-05-02 20:24:09.524 [http-nio-8011-exec-5] DEBUG org.springframework.web.servlet.DispatcherServlet - Completed 200 OK
