2020-05-20 10:36:49.419 [restartedMain] DEBUG org.apache.ibatis.logging.LogFactory - Logging initialized using 'class org.apache.ibatis.logging.slf4j.Slf4jImpl' adapter.
2020-05-20 10:36:52.341 [restartedMain] WARN  c.b.mybatisplus.core.injector.AbstractMethod - [com.slq.mapper.production.MaterialDesignDetailMapper.insert] Has been loaded by XML or SqlProvider or Mybatis's Annotation, so ignoring this injection for [class com.baomidou.mybatisplus.core.injector.methods.Insert]
2020-05-20 10:36:55.919 [restartedMain] DEBUG org.springframework.web.context.ContextLoader - Published root WebApplicationContext as ServletContext attribute with name [org.springframework.web.context.WebApplicationContext.ROOT]
2020-05-20 10:36:55.924 [restartedMain] INFO  org.springframework.web.context.ContextLoader - Root WebApplicationContext: initialization completed in 9813 ms
2020-05-20 10:36:57.731 [restartedMain] WARN  o.s.c.netflix.archaius.ArchaiusAutoConfiguration - No spring.application.name found, defaulting to 'application'
2020-05-20 10:36:57.735 [restartedMain] WARN  com.netflix.config.sources.URLConfigurationSource - No URLs will be polled as dynamic configuration sources.
2020-05-20 10:36:57.749 [restartedMain] WARN  com.netflix.config.sources.URLConfigurationSource - No URLs will be polled as dynamic configuration sources.
2020-05-20 10:36:58.133 [restartedMain] DEBUG o.s.w.s.m.m.a.RequestMappingHandlerAdapter - ControllerAdvice beans: 0 @ModelAttribute, 0 @InitBinder, 1 RequestBodyAdvice, 1 ResponseBodyAdvice
2020-05-20 10:36:58.345 [restartedMain] DEBUG o.s.w.s.m.m.a.RequestMappingHandlerMapping - 188 mappings in 'requestMappingHandlerMapping'
2020-05-20 10:36:58.409 [restartedMain] DEBUG o.s.web.servlet.handler.SimpleUrlHandlerMapping - Patterns [/webjars/**, /**] in 'resourceHandlerMapping'
2020-05-20 10:36:58.430 [restartedMain] DEBUG o.s.w.s.m.m.a.ExceptionHandlerExceptionResolver - ControllerAdvice beans: 0 @ExceptionHandler, 1 ResponseBodyAdvice
2020-05-20 10:36:58.799 [restartedMain] WARN  o.s.b.a.t.ThymeleafAutoConfiguration$DefaultTemplateResolverConfiguration - Cannot find template location: classpath:/templates/ (please add some templates or check your Thymeleaf configuration)
2020-05-20 10:37:00.685 [restartedMain] DEBUG o.s.w.s.server.standard.ServerEndpointExporter - Registering @ServerEndpoint class: class com.slq.websocket.WebSocketServer
2020-05-20 10:38:36.597 [http-nio-8011-exec-1] INFO  org.springframework.web.servlet.DispatcherServlet - Initializing Servlet 'dispatcherServlet'
2020-05-20 10:38:36.598 [http-nio-8011-exec-1] DEBUG org.springframework.web.servlet.DispatcherServlet - Detected StandardServletMultipartResolver
2020-05-20 10:38:36.634 [http-nio-8011-exec-1] DEBUG org.springframework.web.servlet.DispatcherServlet - enableLoggingRequestDetails='false': request parameters and headers will be masked to prevent unsafe logging of potentially sensitive data
2020-05-20 10:38:36.635 [http-nio-8011-exec-1] INFO  org.springframework.web.servlet.DispatcherServlet - Completed initialization in 37 ms
2020-05-20 10:38:37.033 [http-nio-8011-exec-4] DEBUG org.springframework.web.servlet.DispatcherServlet - GET "/noLogin;JSESSIONID=2bf95cb0-3172-4d97-a95d-b0ebc6bce3f3", parameters={}
2020-05-20 10:38:37.033 [http-nio-8011-exec-3] DEBUG org.springframework.web.servlet.DispatcherServlet - GET "/noLogin;JSESSIONID=b769374d-b6c4-42a2-88b5-f4c00c95029e", parameters={}
2020-05-20 10:38:37.049 [http-nio-8011-exec-3] DEBUG o.s.w.s.m.m.a.RequestMappingHandlerMapping - Mapped to com.slq.controller.SystemController#noLogin()
2020-05-20 10:38:37.049 [http-nio-8011-exec-4] DEBUG o.s.w.s.m.m.a.RequestMappingHandlerMapping - Mapped to com.slq.controller.SystemController#noLogin()
2020-05-20 10:38:37.553 [http-nio-8011-exec-3] DEBUG o.s.w.s.m.m.a.RequestResponseBodyMethodProcessor - Using 'application/json', given [application/json, text/plain, */*] and supported [application/json, application/*+json, application/json, application/*+json]
2020-05-20 10:38:37.557 [http-nio-8011-exec-4] DEBUG o.s.w.s.m.m.a.RequestResponseBodyMethodProcessor - Using 'application/json', given [application/json, text/plain, */*] and supported [application/json, application/*+json, application/json, application/*+json]
2020-05-20 10:38:37.559 [http-nio-8011-exec-4] DEBUG o.s.w.s.m.m.a.RequestResponseBodyMethodProcessor - Writing [ResponseData(statusCord=302, message=未登录!, gotoPage=true, url=/login.html, data=null)]
2020-05-20 10:38:37.559 [http-nio-8011-exec-3] DEBUG o.s.w.s.m.m.a.RequestResponseBodyMethodProcessor - Writing [ResponseData(statusCord=302, message=未登录!, gotoPage=true, url=/login.html, data=null)]
2020-05-20 10:38:37.612 [http-nio-8011-exec-3] DEBUG org.springframework.web.servlet.DispatcherServlet - Completed 200 OK
2020-05-20 10:38:37.617 [http-nio-8011-exec-4] DEBUG org.springframework.web.servlet.DispatcherServlet - Completed 200 OK
2020-05-20 10:38:37.745 [http-nio-8011-exec-5] DEBUG org.springframework.web.servlet.DispatcherServlet - GET "/verificationImg", parameters={}
2020-05-20 10:38:37.745 [http-nio-8011-exec-5] DEBUG o.s.w.s.m.m.a.RequestMappingHandlerMapping - Mapped to com.slq.controller.SystemController#responseVerificationImg(HttpServletRequest, HttpServletResponse)
2020-05-20 10:38:38.588 [http-nio-8011-exec-5] DEBUG org.springframework.web.servlet.DispatcherServlet - Completed 200 OK
2020-05-20 10:38:39.539 [http-nio-8011-exec-6] DEBUG org.springframework.web.servlet.DispatcherServlet - POST "/api/login", parameters={masked}
2020-05-20 10:38:39.540 [http-nio-8011-exec-6] DEBUG o.s.w.s.m.m.a.RequestMappingHandlerMapping - Mapped to com.slq.controller.SystemController#login(User, String)
2020-05-20 10:38:41.860 [http-nio-8011-exec-6] DEBUG o.s.w.s.m.m.a.RequestResponseBodyMethodProcessor - Using 'application/json', given [application/json, text/plain, */*] and supported [application/json, application/*+json, application/json, application/*+json]
2020-05-20 10:38:41.863 [http-nio-8011-exec-6] DEBUG o.s.w.s.m.m.a.RequestResponseBodyMethodProcessor - Writing [ResponseData(statusCord=200, message=登录成功!, gotoPage=false, url=null, data=ActiveUser(user=User(id=1 (truncated)...]
2020-05-20 10:38:41.888 [http-nio-8011-exec-6] DEBUG org.springframework.web.servlet.DispatcherServlet - Completed 200 OK
2020-05-20 10:38:42.346 [http-nio-8011-exec-8] DEBUG org.springframework.web.servlet.DispatcherServlet - GET "/api/common/getTreeMenus", parameters={}
2020-05-20 10:38:42.347 [http-nio-8011-exec-8] DEBUG o.s.w.s.m.m.a.RequestMappingHandlerMapping - Mapped to com.slq.controller.api.CommonController#getTreeMenus()
2020-05-20 10:38:42.825 [http-nio-8011-exec-8] DEBUG o.s.w.s.m.m.a.RequestResponseBodyMethodProcessor - Using 'application/json', given [application/json, text/plain, */*] and supported [application/json, application/*+json, application/json, application/*+json]
2020-05-20 10:38:42.829 [http-nio-8011-exec-8] DEBUG o.s.w.s.m.m.a.RequestResponseBodyMethodProcessor - Writing [ResponseData(statusCord=200, message=响应成功, gotoPage=false, url=null, data=[TreeMenu(id=1, title=系統管理 (truncated)...]
2020-05-20 10:38:42.847 [http-nio-8011-exec-8] DEBUG org.springframework.web.servlet.DispatcherServlet - Completed 200 OK
2020-05-20 10:41:02.937 [http-nio-8011-exec-3] DEBUG org.springframework.web.servlet.DispatcherServlet - GET "/api/common/getTreeMenus", parameters={}
2020-05-20 10:41:02.938 [http-nio-8011-exec-3] DEBUG o.s.w.s.m.m.a.RequestMappingHandlerMapping - Mapped to com.slq.controller.api.CommonController#getTreeMenus()
2020-05-20 10:41:03.214 [http-nio-8011-exec-3] DEBUG o.s.w.s.m.m.a.RequestResponseBodyMethodProcessor - Using 'application/json', given [application/json, text/plain, */*] and supported [application/json, application/*+json, application/json, application/*+json]
2020-05-20 10:41:03.218 [http-nio-8011-exec-3] DEBUG o.s.w.s.m.m.a.RequestResponseBodyMethodProcessor - Writing [ResponseData(statusCord=200, message=响应成功, gotoPage=false, url=null, data=[TreeMenu(id=1, title=系統管理 (truncated)...]
2020-05-20 10:41:03.223 [http-nio-8011-exec-3] DEBUG org.springframework.web.servlet.DispatcherServlet - Completed 200 OK
2020-05-20 10:41:09.460 [http-nio-8011-exec-5] DEBUG org.springframework.web.servlet.DispatcherServlet - GET "/api/productionPlan/meetDespatching", parameters={}
2020-05-20 10:41:09.460 [http-nio-8011-exec-4] DEBUG org.springframework.web.servlet.DispatcherServlet - GET "/api/product/meetDispatching", parameters={}
2020-05-20 10:41:09.460 [http-nio-8011-exec-5] DEBUG o.s.w.s.m.m.a.RequestMappingHandlerMapping - Mapped to com.slq.controller.production.ProductionPlanController#getMeetDespatchingProductionPlan()
2020-05-20 10:41:09.460 [http-nio-8011-exec-4] DEBUG o.s.w.s.m.m.a.RequestMappingHandlerMapping - Mapped to com.slq.controller.common1.ProductController#getMeetDispatchingProduction()
2020-05-20 10:41:09.677 [http-nio-8011-exec-4] DEBUG o.s.w.s.m.m.a.RequestResponseBodyMethodProcessor - Using 'application/json', given [application/json, text/plain, */*] and supported [application/json, application/*+json, application/json, application/*+json]
2020-05-20 10:41:09.679 [http-nio-8011-exec-4] DEBUG o.s.w.s.m.m.a.RequestResponseBodyMethodProcessor - Writing [ResponseData(statusCord=200, message=响应成功, gotoPage=false, url=null, data=[Product(id=17, product_id (truncated)...]
2020-05-20 10:41:09.793 [http-nio-8011-exec-4] DEBUG org.springframework.web.servlet.DispatcherServlet - Completed 200 OK
2020-05-20 10:41:10.043 [http-nio-8011-exec-5] DEBUG org.springframework.web.servlet.DispatcherServlet - Using resolved error view: ModelAndView [view=[com.alibaba.fastjson.support.spring.FastJsonJsonView: [FastJsonJsonView]]; model=null]
2020-05-20 10:41:10.060 [http-nio-8011-exec-5] DEBUG org.springframework.web.servlet.DispatcherServlet - Completed 200 OK
