2020-05-22 16:26:36.545 [restartedMain] DEBUG org.apache.ibatis.logging.LogFactory - Logging initialized using 'class org.apache.ibatis.logging.slf4j.Slf4jImpl' adapter.
2020-05-22 16:26:39.353 [restartedMain] WARN  c.b.mybatisplus.core.injector.AbstractMethod - [com.slq.mapper.production.MaterialDesignDetailMapper.insert] Has been loaded by XML or SqlProvider or Mybatis's Annotation, so ignoring this injection for [class com.baomidou.mybatisplus.core.injector.methods.Insert]
2020-05-22 16:26:42.732 [restartedMain] DEBUG org.springframework.web.context.ContextLoader - Published root WebApplicationContext as ServletContext attribute with name [org.springframework.web.context.WebApplicationContext.ROOT]
2020-05-22 16:26:42.735 [restartedMain] INFO  org.springframework.web.context.ContextLoader - Root WebApplicationContext: initialization completed in 9846 ms
2020-05-22 16:26:44.866 [restartedMain] WARN  o.s.c.netflix.archaius.ArchaiusAutoConfiguration - No spring.application.name found, defaulting to 'application'
2020-05-22 16:26:44.877 [restartedMain] WARN  com.netflix.config.sources.URLConfigurationSource - No URLs will be polled as dynamic configuration sources.
2020-05-22 16:26:44.892 [restartedMain] WARN  com.netflix.config.sources.URLConfigurationSource - No URLs will be polled as dynamic configuration sources.
2020-05-22 16:26:45.369 [restartedMain] DEBUG o.s.w.s.m.m.a.RequestMappingHandlerAdapter - ControllerAdvice beans: 0 @ModelAttribute, 0 @InitBinder, 1 RequestBodyAdvice, 1 ResponseBodyAdvice
2020-05-22 16:26:45.684 [restartedMain] DEBUG o.s.w.s.m.m.a.RequestMappingHandlerMapping - 200 mappings in 'requestMappingHandlerMapping'
2020-05-22 16:26:46.093 [restartedMain] DEBUG o.s.web.servlet.handler.SimpleUrlHandlerMapping - Patterns [/webjars/**, /**] in 'resourceHandlerMapping'
2020-05-22 16:26:46.118 [restartedMain] DEBUG o.s.w.s.m.m.a.ExceptionHandlerExceptionResolver - ControllerAdvice beans: 0 @ExceptionHandler, 1 ResponseBodyAdvice
2020-05-22 16:26:46.189 [restartedMain] WARN  o.s.b.a.t.ThymeleafAutoConfiguration$DefaultTemplateResolverConfiguration - Cannot find template location: classpath:/templates/ (please add some templates or check your Thymeleaf configuration)
2020-05-22 16:26:48.687 [restartedMain] DEBUG o.s.w.s.server.standard.ServerEndpointExporter - Registering @ServerEndpoint class: class com.slq.websocket.WebSocketServer
2020-05-22 16:27:18.485 [http-nio-8011-exec-1] INFO  org.springframework.web.servlet.DispatcherServlet - Initializing Servlet 'dispatcherServlet'
2020-05-22 16:27:18.489 [http-nio-8011-exec-1] DEBUG org.springframework.web.servlet.DispatcherServlet - Detected StandardServletMultipartResolver
2020-05-22 16:27:18.517 [http-nio-8011-exec-1] DEBUG org.springframework.web.servlet.DispatcherServlet - enableLoggingRequestDetails='false': request parameters and headers will be masked to prevent unsafe logging of potentially sensitive data
2020-05-22 16:27:18.518 [http-nio-8011-exec-1] INFO  org.springframework.web.servlet.DispatcherServlet - Completed initialization in 29 ms
2020-05-22 16:27:18.838 [http-nio-8011-exec-2] DEBUG org.springframework.web.servlet.DispatcherServlet - GET "/noLogin;JSESSIONID=7c059232-4feb-4592-a3b9-f1eb00d11563", parameters={}
2020-05-22 16:27:18.855 [http-nio-8011-exec-2] DEBUG o.s.w.s.m.m.a.RequestMappingHandlerMapping - Mapped to com.slq.controller.SystemController#noLogin()
2020-05-22 16:27:19.233 [http-nio-8011-exec-2] DEBUG o.s.w.s.m.m.a.RequestResponseBodyMethodProcessor - Using 'application/json', given [application/json, text/plain, */*] and supported [application/json, application/*+json, application/json, application/*+json]
2020-05-22 16:27:19.235 [http-nio-8011-exec-2] DEBUG o.s.w.s.m.m.a.RequestResponseBodyMethodProcessor - Writing [ResponseData(statusCord=302, message=未登录!, gotoPage=true, url=/login.html, data=null)]
2020-05-22 16:27:19.328 [http-nio-8011-exec-2] DEBUG org.springframework.web.servlet.DispatcherServlet - Completed 200 OK
2020-05-22 16:27:19.455 [http-nio-8011-exec-4] DEBUG org.springframework.web.servlet.DispatcherServlet - GET "/verificationImg", parameters={}
2020-05-22 16:27:19.456 [http-nio-8011-exec-4] DEBUG o.s.w.s.m.m.a.RequestMappingHandlerMapping - Mapped to com.slq.controller.SystemController#responseVerificationImg(HttpServletRequest, HttpServletResponse)
2020-05-22 16:27:20.643 [http-nio-8011-exec-5] DEBUG org.springframework.web.servlet.DispatcherServlet - POST "/api/login", parameters={masked}
2020-05-22 16:27:20.644 [http-nio-8011-exec-5] DEBUG o.s.w.s.m.m.a.RequestMappingHandlerMapping - Mapped to com.slq.controller.SystemController#login(User, String)
2020-05-22 16:27:20.911 [http-nio-8011-exec-4] DEBUG org.springframework.web.servlet.DispatcherServlet - Completed 200 OK
2020-05-22 16:27:22.304 [http-nio-8011-exec-5] DEBUG o.s.w.s.m.m.a.RequestResponseBodyMethodProcessor - Using 'application/json', given [application/json, text/plain, */*] and supported [application/json, application/*+json, application/json, application/*+json]
2020-05-22 16:27:22.308 [http-nio-8011-exec-5] DEBUG o.s.w.s.m.m.a.RequestResponseBodyMethodProcessor - Writing [ResponseData(statusCord=200, message=登录成功!, gotoPage=false, url=null, data=ActiveUser(user=User(id=1 (truncated)...]
2020-05-22 16:27:22.337 [http-nio-8011-exec-5] DEBUG org.springframework.web.servlet.DispatcherServlet - Completed 200 OK
2020-05-22 16:27:22.385 [http-nio-8011-exec-7] DEBUG org.springframework.web.servlet.DispatcherServlet - GET "/api/common/getTreeMenus", parameters={}
2020-05-22 16:27:22.385 [http-nio-8011-exec-7] DEBUG o.s.w.s.m.m.a.RequestMappingHandlerMapping - Mapped to com.slq.controller.api.CommonController#getTreeMenus()
2020-05-22 16:27:23.080 [http-nio-8011-exec-7] DEBUG o.s.w.s.m.m.a.RequestResponseBodyMethodProcessor - Using 'application/json', given [application/json, text/plain, */*] and supported [application/json, application/*+json, application/json, application/*+json]
2020-05-22 16:27:23.083 [http-nio-8011-exec-7] DEBUG o.s.w.s.m.m.a.RequestResponseBodyMethodProcessor - Writing [ResponseData(statusCord=200, message=响应成功, gotoPage=false, url=null, data=[TreeMenu(id=1, title=系統管理 (truncated)...]
2020-05-22 16:27:23.114 [http-nio-8011-exec-7] DEBUG org.springframework.web.servlet.DispatcherServlet - Completed 200 OK
2020-05-22 16:28:17.785 [http-nio-8011-exec-9] DEBUG org.springframework.web.servlet.DispatcherServlet - GET "/api/manufacture/getProductProductionFinishChartResult", parameters={}
2020-05-22 16:28:17.787 [http-nio-8011-exec-9] DEBUG o.s.w.s.m.m.a.RequestMappingHandlerMapping - Mapped to com.slq.controller.production.ManufactureSumController#getProductProductionFinishChartResult()
2020-05-22 16:28:17.913 [http-nio-8011-exec-9] DEBUG o.s.w.s.m.m.a.RequestResponseBodyMethodProcessor - Using 'application/json', given [application/json, text/plain, */*] and supported [application/json, application/*+json, application/json, application/*+json]
2020-05-22 16:28:17.914 [http-nio-8011-exec-9] DEBUG o.s.w.s.m.m.a.RequestResponseBodyMethodProcessor - Writing [ResponseData(statusCord=200, message=响应成功, gotoPage=false, url=null, data=[null, ManufactureChart(ye (truncated)...]
2020-05-22 16:28:17.922 [http-nio-8011-exec-9] DEBUG org.springframework.web.servlet.DispatcherServlet - Completed 200 OK
2020-05-22 16:28:47.059 [http-nio-8011-exec-10] DEBUG org.springframework.web.servlet.DispatcherServlet - GET "/api/manufacture/getProductProductionFinishChartResult", parameters={}
2020-05-22 16:28:47.075 [http-nio-8011-exec-10] DEBUG o.s.w.s.m.m.a.RequestMappingHandlerMapping - Mapped to com.slq.controller.production.ManufactureSumController#getProductProductionFinishChartResult()
2020-05-22 16:28:47.090 [http-nio-8011-exec-10] DEBUG o.s.w.s.m.m.a.RequestResponseBodyMethodProcessor - Using 'application/json', given [application/json, text/plain, */*] and supported [application/json, application/*+json, application/json, application/*+json]
2020-05-22 16:28:47.090 [http-nio-8011-exec-10] DEBUG o.s.w.s.m.m.a.RequestResponseBodyMethodProcessor - Writing [ResponseData(statusCord=200, message=响应成功, gotoPage=false, url=null, data=[null, ManufactureChart(ye (truncated)...]
2020-05-22 16:28:47.106 [http-nio-8011-exec-10] DEBUG org.springframework.web.servlet.DispatcherServlet - Completed 200 OK
2020-05-22 16:29:35.171 [http-nio-8011-exec-2] DEBUG org.springframework.web.servlet.DispatcherServlet - GET "/api/common/getTreeMenus", parameters={}
2020-05-22 16:29:35.172 [http-nio-8011-exec-2] DEBUG o.s.w.s.m.m.a.RequestMappingHandlerMapping - Mapped to com.slq.controller.api.CommonController#getTreeMenus()
2020-05-22 16:29:35.787 [http-nio-8011-exec-2] DEBUG o.s.w.s.m.m.a.RequestResponseBodyMethodProcessor - Using 'application/json', given [application/json, text/plain, */*] and supported [application/json, application/*+json, application/json, application/*+json]
2020-05-22 16:29:35.788 [http-nio-8011-exec-2] DEBUG o.s.w.s.m.m.a.RequestResponseBodyMethodProcessor - Writing [ResponseData(statusCord=200, message=响应成功, gotoPage=false, url=null, data=[TreeMenu(id=1, title=系統管理 (truncated)...]
2020-05-22 16:29:35.792 [http-nio-8011-exec-2] DEBUG org.springframework.web.servlet.DispatcherServlet - Completed 200 OK
2020-05-22 16:29:36.924 [http-nio-8011-exec-4] DEBUG org.springframework.web.servlet.DispatcherServlet - GET "/api/manufacture/getProductProductionFinishChartResult", parameters={}
2020-05-22 16:29:36.925 [http-nio-8011-exec-4] DEBUG o.s.w.s.m.m.a.RequestMappingHandlerMapping - Mapped to com.slq.controller.production.ManufactureSumController#getProductProductionFinishChartResult()
2020-05-22 16:29:36.932 [http-nio-8011-exec-4] DEBUG o.s.w.s.m.m.a.RequestResponseBodyMethodProcessor - Using 'application/json', given [application/json, text/plain, */*] and supported [application/json, application/*+json, application/json, application/*+json]
2020-05-22 16:29:36.932 [http-nio-8011-exec-4] DEBUG o.s.w.s.m.m.a.RequestResponseBodyMethodProcessor - Writing [ResponseData(statusCord=200, message=响应成功, gotoPage=false, url=null, data=[null, ManufactureChart(ye (truncated)...]
2020-05-22 16:29:36.938 [http-nio-8011-exec-4] DEBUG org.springframework.web.servlet.DispatcherServlet - Completed 200 OK
2020-05-22 16:30:11.603 [http-nio-8011-exec-5] DEBUG org.springframework.web.servlet.DispatcherServlet - GET "/api/manufacture/getProductProductionFinishChartResult", parameters={}
2020-05-22 16:30:11.604 [http-nio-8011-exec-5] DEBUG o.s.w.s.m.m.a.RequestMappingHandlerMapping - Mapped to com.slq.controller.production.ManufactureSumController#getProductProductionFinishChartResult()
2020-05-22 16:30:11.604 [http-nio-8011-exec-5] DEBUG o.s.w.s.m.m.a.RequestResponseBodyMethodProcessor - Using 'application/json', given [application/json, text/plain, */*] and supported [application/json, application/*+json, application/json, application/*+json]
2020-05-22 16:30:11.605 [http-nio-8011-exec-5] DEBUG o.s.w.s.m.m.a.RequestResponseBodyMethodProcessor - Writing [ResponseData(statusCord=200, message=响应成功, gotoPage=false, url=null, data=[null, ManufactureChart(ye (truncated)...]
2020-05-22 16:30:11.607 [http-nio-8011-exec-5] DEBUG org.springframework.web.servlet.DispatcherServlet - Completed 200 OK
2020-05-22 16:32:00.648 [http-nio-8011-exec-3] DEBUG org.springframework.web.servlet.DispatcherServlet - GET "/api/manufacture/getProductProductionFinishChartResult", parameters={}
2020-05-22 16:32:00.648 [http-nio-8011-exec-3] DEBUG o.s.w.s.m.m.a.RequestMappingHandlerMapping - Mapped to com.slq.controller.production.ManufactureSumController#getProductProductionFinishChartResult()
2020-05-22 16:32:00.676 [http-nio-8011-exec-3] DEBUG o.s.w.s.m.m.a.RequestResponseBodyMethodProcessor - Using 'application/json', given [application/json, text/plain, */*] and supported [application/json, application/*+json, application/json, application/*+json]
2020-05-22 16:32:00.677 [http-nio-8011-exec-3] DEBUG o.s.w.s.m.m.a.RequestResponseBodyMethodProcessor - Writing [ResponseData(statusCord=200, message=响应成功, gotoPage=false, url=null, data=[null, ManufactureChart(ye (truncated)...]
2020-05-22 16:32:00.678 [http-nio-8011-exec-3] DEBUG org.springframework.web.servlet.DispatcherServlet - Completed 200 OK
2020-05-22 16:32:22.915 [http-nio-8011-exec-7] DEBUG org.springframework.web.servlet.DispatcherServlet - GET "/api/manufacture/getProductProductionFinishChartResult", parameters={}
2020-05-22 16:32:22.917 [http-nio-8011-exec-7] DEBUG o.s.w.s.m.m.a.RequestMappingHandlerMapping - Mapped to com.slq.controller.production.ManufactureSumController#getProductProductionFinishChartResult()
2020-05-22 16:32:22.919 [http-nio-8011-exec-7] DEBUG o.s.w.s.m.m.a.RequestResponseBodyMethodProcessor - Using 'application/json', given [application/json, text/plain, */*] and supported [application/json, application/*+json, application/json, application/*+json]
2020-05-22 16:32:22.921 [http-nio-8011-exec-7] DEBUG o.s.w.s.m.m.a.RequestResponseBodyMethodProcessor - Writing [ResponseData(statusCord=200, message=响应成功, gotoPage=false, url=null, data=[null, ManufactureChart(ye (truncated)...]
2020-05-22 16:32:22.926 [http-nio-8011-exec-7] DEBUG org.springframework.web.servlet.DispatcherServlet - Completed 200 OK
2020-05-22 16:33:51.538 [http-nio-8011-exec-8] DEBUG org.springframework.web.servlet.DispatcherServlet - GET "/api/manufacture/getProductProductionFinishChartResult", parameters={}
2020-05-22 16:33:51.539 [http-nio-8011-exec-8] DEBUG o.s.w.s.m.m.a.RequestMappingHandlerMapping - Mapped to com.slq.controller.production.ManufactureSumController#getProductProductionFinishChartResult()
2020-05-22 16:33:51.543 [http-nio-8011-exec-8] DEBUG o.s.w.s.m.m.a.RequestResponseBodyMethodProcessor - Using 'application/json', given [application/json, text/plain, */*] and supported [application/json, application/*+json, application/json, application/*+json]
2020-05-22 16:33:51.543 [http-nio-8011-exec-8] DEBUG o.s.w.s.m.m.a.RequestResponseBodyMethodProcessor - Writing [ResponseData(statusCord=200, message=响应成功, gotoPage=false, url=null, data=[null, ManufactureChart(ye (truncated)...]
2020-05-22 16:33:51.545 [http-nio-8011-exec-8] DEBUG org.springframework.web.servlet.DispatcherServlet - Completed 200 OK
2020-05-22 16:35:06.375 [http-nio-8011-exec-6] DEBUG org.springframework.web.servlet.DispatcherServlet - GET "/api/common/getTreeMenus", parameters={}
2020-05-22 16:35:06.376 [http-nio-8011-exec-6] DEBUG o.s.w.s.m.m.a.RequestMappingHandlerMapping - Mapped to com.slq.controller.api.CommonController#getTreeMenus()
2020-05-22 16:35:06.896 [http-nio-8011-exec-6] DEBUG o.s.w.s.m.m.a.RequestResponseBodyMethodProcessor - Using 'application/json', given [application/json, text/plain, */*] and supported [application/json, application/*+json, application/json, application/*+json]
2020-05-22 16:35:06.896 [http-nio-8011-exec-6] DEBUG o.s.w.s.m.m.a.RequestResponseBodyMethodProcessor - Writing [ResponseData(statusCord=200, message=响应成功, gotoPage=false, url=null, data=[TreeMenu(id=1, title=系統管理 (truncated)...]
2020-05-22 16:35:06.900 [http-nio-8011-exec-6] DEBUG org.springframework.web.servlet.DispatcherServlet - Completed 200 OK
2020-05-22 16:35:08.186 [http-nio-8011-exec-9] DEBUG org.springframework.web.servlet.DispatcherServlet - GET "/api/manufacture/getProductProductionFinishChartResult", parameters={}
2020-05-22 16:35:08.187 [http-nio-8011-exec-9] DEBUG o.s.w.s.m.m.a.RequestMappingHandlerMapping - Mapped to com.slq.controller.production.ManufactureSumController#getProductProductionFinishChartResult()
2020-05-22 16:35:08.198 [http-nio-8011-exec-9] DEBUG o.s.w.s.m.m.a.RequestResponseBodyMethodProcessor - Using 'application/json', given [application/json, text/plain, */*] and supported [application/json, application/*+json, application/json, application/*+json]
2020-05-22 16:35:08.198 [http-nio-8011-exec-9] DEBUG o.s.w.s.m.m.a.RequestResponseBodyMethodProcessor - Writing [ResponseData(statusCord=200, message=响应成功, gotoPage=false, url=null, data=[null, ManufactureChart(ye (truncated)...]
2020-05-22 16:35:08.200 [http-nio-8011-exec-9] DEBUG org.springframework.web.servlet.DispatcherServlet - Completed 200 OK
2020-05-22 16:36:26.892 [http-nio-8011-exec-10] DEBUG org.springframework.web.servlet.DispatcherServlet - GET "/api/manufacture/getProductProductionFinishChartResult", parameters={}
2020-05-22 16:36:26.893 [http-nio-8011-exec-10] DEBUG o.s.w.s.m.m.a.RequestMappingHandlerMapping - Mapped to com.slq.controller.production.ManufactureSumController#getProductProductionFinishChartResult()
2020-05-22 16:36:26.895 [http-nio-8011-exec-10] DEBUG o.s.w.s.m.m.a.RequestResponseBodyMethodProcessor - Using 'application/json', given [application/json, text/plain, */*] and supported [application/json, application/*+json, application/json, application/*+json]
2020-05-22 16:36:26.896 [http-nio-8011-exec-10] DEBUG o.s.w.s.m.m.a.RequestResponseBodyMethodProcessor - Writing [ResponseData(statusCord=200, message=响应成功, gotoPage=false, url=null, data=[null, ManufactureChart(ye (truncated)...]
2020-05-22 16:36:26.897 [http-nio-8011-exec-10] DEBUG org.springframework.web.servlet.DispatcherServlet - Completed 200 OK
2020-05-22 16:37:33.857 [http-nio-8011-exec-1] DEBUG org.springframework.web.servlet.DispatcherServlet - GET "/api/common/getTreeMenus", parameters={}
2020-05-22 16:37:33.858 [http-nio-8011-exec-1] DEBUG o.s.w.s.m.m.a.RequestMappingHandlerMapping - Mapped to com.slq.controller.api.CommonController#getTreeMenus()
2020-05-22 16:37:34.935 [http-nio-8011-exec-1] DEBUG o.s.w.s.m.m.a.RequestResponseBodyMethodProcessor - Using 'application/json', given [application/json, text/plain, */*] and supported [application/json, application/*+json, application/json, application/*+json]
2020-05-22 16:37:34.937 [http-nio-8011-exec-1] DEBUG o.s.w.s.m.m.a.RequestResponseBodyMethodProcessor - Writing [ResponseData(statusCord=200, message=响应成功, gotoPage=false, url=null, data=[TreeMenu(id=1, title=系統管理 (truncated)...]
2020-05-22 16:37:34.944 [http-nio-8011-exec-1] DEBUG org.springframework.web.servlet.DispatcherServlet - Completed 200 OK
2020-05-22 16:37:35.890 [http-nio-8011-exec-2] DEBUG org.springframework.web.servlet.DispatcherServlet - GET "/api/manufacture/getProductProductionFinishChartResult", parameters={}
2020-05-22 16:37:35.891 [http-nio-8011-exec-2] DEBUG o.s.w.s.m.m.a.RequestMappingHandlerMapping - Mapped to com.slq.controller.production.ManufactureSumController#getProductProductionFinishChartResult()
2020-05-22 16:37:35.904 [http-nio-8011-exec-2] DEBUG o.s.w.s.m.m.a.RequestResponseBodyMethodProcessor - Using 'application/json', given [application/json, text/plain, */*] and supported [application/json, application/*+json, application/json, application/*+json]
2020-05-22 16:37:35.905 [http-nio-8011-exec-2] DEBUG o.s.w.s.m.m.a.RequestResponseBodyMethodProcessor - Writing [ResponseData(statusCord=200, message=响应成功, gotoPage=false, url=null, data=[null, ManufactureChart(ye (truncated)...]
2020-05-22 16:37:35.908 [http-nio-8011-exec-2] DEBUG org.springframework.web.servlet.DispatcherServlet - Completed 200 OK
2020-05-22 16:38:39.428 [http-nio-8011-exec-4] DEBUG org.springframework.web.servlet.DispatcherServlet - GET "/api/common/getTreeMenus", parameters={}
2020-05-22 16:38:39.429 [http-nio-8011-exec-4] DEBUG o.s.w.s.m.m.a.RequestMappingHandlerMapping - Mapped to com.slq.controller.api.CommonController#getTreeMenus()
2020-05-22 16:38:40.110 [http-nio-8011-exec-4] DEBUG o.s.w.s.m.m.a.RequestResponseBodyMethodProcessor - Using 'application/json', given [application/json, text/plain, */*] and supported [application/json, application/*+json, application/json, application/*+json]
2020-05-22 16:38:40.111 [http-nio-8011-exec-4] DEBUG o.s.w.s.m.m.a.RequestResponseBodyMethodProcessor - Writing [ResponseData(statusCord=200, message=响应成功, gotoPage=false, url=null, data=[TreeMenu(id=1, title=系統管理 (truncated)...]
2020-05-22 16:38:40.117 [http-nio-8011-exec-4] DEBUG org.springframework.web.servlet.DispatcherServlet - Completed 200 OK
2020-05-22 16:38:41.186 [http-nio-8011-exec-5] DEBUG org.springframework.web.servlet.DispatcherServlet - GET "/api/manufacture/getProductProductionFinishChartResult", parameters={}
2020-05-22 16:38:41.188 [http-nio-8011-exec-5] DEBUG o.s.w.s.m.m.a.RequestMappingHandlerMapping - Mapped to com.slq.controller.production.ManufactureSumController#getProductProductionFinishChartResult()
2020-05-22 16:38:41.190 [http-nio-8011-exec-5] DEBUG o.s.w.s.m.m.a.RequestResponseBodyMethodProcessor - Using 'application/json', given [application/json, text/plain, */*] and supported [application/json, application/*+json, application/json, application/*+json]
2020-05-22 16:38:41.191 [http-nio-8011-exec-5] DEBUG o.s.w.s.m.m.a.RequestResponseBodyMethodProcessor - Writing [ResponseData(statusCord=200, message=响应成功, gotoPage=false, url=null, data=[null, ManufactureChart(ye (truncated)...]
2020-05-22 16:38:41.195 [http-nio-8011-exec-5] DEBUG org.springframework.web.servlet.DispatcherServlet - Completed 200 OK
2020-05-22 16:39:39.686 [http-nio-8011-exec-3] DEBUG org.springframework.web.servlet.DispatcherServlet - GET "/api/common/getTreeMenus", parameters={}
2020-05-22 16:39:39.687 [http-nio-8011-exec-3] DEBUG o.s.w.s.m.m.a.RequestMappingHandlerMapping - Mapped to com.slq.controller.api.CommonController#getTreeMenus()
2020-05-22 16:39:40.369 [http-nio-8011-exec-3] DEBUG o.s.w.s.m.m.a.RequestResponseBodyMethodProcessor - Using 'application/json', given [application/json, text/plain, */*] and supported [application/json, application/*+json, application/json, application/*+json]
2020-05-22 16:39:40.370 [http-nio-8011-exec-3] DEBUG o.s.w.s.m.m.a.RequestResponseBodyMethodProcessor - Writing [ResponseData(statusCord=200, message=响应成功, gotoPage=false, url=null, data=[TreeMenu(id=1, title=系統管理 (truncated)...]
2020-05-22 16:39:40.373 [http-nio-8011-exec-3] DEBUG org.springframework.web.servlet.DispatcherServlet - Completed 200 OK
2020-05-22 16:39:41.339 [http-nio-8011-exec-7] DEBUG org.springframework.web.servlet.DispatcherServlet - GET "/api/manufacture/getProductProductionFinishChartResult", parameters={}
2020-05-22 16:39:41.340 [http-nio-8011-exec-7] DEBUG o.s.w.s.m.m.a.RequestMappingHandlerMapping - Mapped to com.slq.controller.production.ManufactureSumController#getProductProductionFinishChartResult()
2020-05-22 16:39:41.354 [http-nio-8011-exec-7] DEBUG o.s.w.s.m.m.a.RequestResponseBodyMethodProcessor - Using 'application/json', given [application/json, text/plain, */*] and supported [application/json, application/*+json, application/json, application/*+json]
2020-05-22 16:39:41.355 [http-nio-8011-exec-7] DEBUG o.s.w.s.m.m.a.RequestResponseBodyMethodProcessor - Writing [ResponseData(statusCord=200, message=响应成功, gotoPage=false, url=null, data=[null, ManufactureChart(ye (truncated)...]
2020-05-22 16:39:41.356 [http-nio-8011-exec-7] DEBUG org.springframework.web.servlet.DispatcherServlet - Completed 200 OK
2020-05-22 16:41:54.270 [http-nio-8011-exec-8] DEBUG org.springframework.web.servlet.DispatcherServlet - GET "/api/common/getTreeMenus", parameters={}
2020-05-22 16:41:54.271 [http-nio-8011-exec-8] DEBUG o.s.w.s.m.m.a.RequestMappingHandlerMapping - Mapped to com.slq.controller.api.CommonController#getTreeMenus()
2020-05-22 16:41:54.480 [http-nio-8011-exec-8] DEBUG o.s.w.s.m.m.a.RequestResponseBodyMethodProcessor - Using 'application/json', given [application/json, text/plain, */*] and supported [application/json, application/*+json, application/json, application/*+json]
2020-05-22 16:41:54.480 [http-nio-8011-exec-8] DEBUG o.s.w.s.m.m.a.RequestResponseBodyMethodProcessor - Writing [ResponseData(statusCord=200, message=响应成功, gotoPage=false, url=null, data=[TreeMenu(id=1, title=系統管理 (truncated)...]
2020-05-22 16:41:54.488 [http-nio-8011-exec-8] DEBUG org.springframework.web.servlet.DispatcherServlet - Completed 200 OK
2020-05-22 16:41:55.445 [http-nio-8011-exec-6] DEBUG org.springframework.web.servlet.DispatcherServlet - GET "/api/manufacture/getProductProductionFinishChartResult", parameters={}
2020-05-22 16:41:55.445 [http-nio-8011-exec-6] DEBUG o.s.w.s.m.m.a.RequestMappingHandlerMapping - Mapped to com.slq.controller.production.ManufactureSumController#getProductProductionFinishChartResult()
2020-05-22 16:41:55.456 [http-nio-8011-exec-6] DEBUG o.s.w.s.m.m.a.RequestResponseBodyMethodProcessor - Using 'application/json', given [application/json, text/plain, */*] and supported [application/json, application/*+json, application/json, application/*+json]
2020-05-22 16:41:55.457 [http-nio-8011-exec-6] DEBUG o.s.w.s.m.m.a.RequestResponseBodyMethodProcessor - Writing [ResponseData(statusCord=200, message=响应成功, gotoPage=false, url=null, data=[null, ManufactureChart(ye (truncated)...]
2020-05-22 16:41:55.458 [http-nio-8011-exec-6] DEBUG org.springframework.web.servlet.DispatcherServlet - Completed 200 OK
2020-05-22 16:43:34.772 [http-nio-8011-exec-9] DEBUG org.springframework.web.servlet.DispatcherServlet - GET "/api/manufacture/getProductProductionFinishChartResult", parameters={}
2020-05-22 16:43:34.773 [http-nio-8011-exec-9] DEBUG o.s.w.s.m.m.a.RequestMappingHandlerMapping - Mapped to com.slq.controller.production.ManufactureSumController#getProductProductionFinishChartResult()
2020-05-22 16:43:34.774 [http-nio-8011-exec-9] DEBUG o.s.w.s.m.m.a.RequestResponseBodyMethodProcessor - Using 'application/json', given [application/json, text/plain, */*] and supported [application/json, application/*+json, application/json, application/*+json]
2020-05-22 16:43:34.774 [http-nio-8011-exec-9] DEBUG o.s.w.s.m.m.a.RequestResponseBodyMethodProcessor - Writing [ResponseData(statusCord=200, message=响应成功, gotoPage=false, url=null, data=[null, ManufactureChart(ye (truncated)...]
2020-05-22 16:43:34.779 [http-nio-8011-exec-9] DEBUG org.springframework.web.servlet.DispatcherServlet - Completed 200 OK
2020-05-22 16:43:58.711 [http-nio-8011-exec-10] DEBUG org.springframework.web.servlet.DispatcherServlet - GET "/api/common/getTreeMenus", parameters={}
2020-05-22 16:43:58.712 [http-nio-8011-exec-10] DEBUG o.s.w.s.m.m.a.RequestMappingHandlerMapping - Mapped to com.slq.controller.api.CommonController#getTreeMenus()
2020-05-22 16:43:59.025 [http-nio-8011-exec-10] DEBUG o.s.w.s.m.m.a.RequestResponseBodyMethodProcessor - Using 'application/json', given [application/json, text/plain, */*] and supported [application/json, application/*+json, application/json, application/*+json]
2020-05-22 16:43:59.026 [http-nio-8011-exec-10] DEBUG o.s.w.s.m.m.a.RequestResponseBodyMethodProcessor - Writing [ResponseData(statusCord=200, message=响应成功, gotoPage=false, url=null, data=[TreeMenu(id=1, title=系統管理 (truncated)...]
2020-05-22 16:43:59.029 [http-nio-8011-exec-10] DEBUG org.springframework.web.servlet.DispatcherServlet - Completed 200 OK
2020-05-22 16:43:59.825 [http-nio-8011-exec-1] DEBUG org.springframework.web.servlet.DispatcherServlet - GET "/api/manufacture/getProductProductionFinishChartResult", parameters={}
2020-05-22 16:43:59.825 [http-nio-8011-exec-1] DEBUG o.s.w.s.m.m.a.RequestMappingHandlerMapping - Mapped to com.slq.controller.production.ManufactureSumController#getProductProductionFinishChartResult()
2020-05-22 16:43:59.838 [http-nio-8011-exec-1] DEBUG o.s.w.s.m.m.a.RequestResponseBodyMethodProcessor - Using 'application/json', given [application/json, text/plain, */*] and supported [application/json, application/*+json, application/json, application/*+json]
2020-05-22 16:43:59.839 [http-nio-8011-exec-1] DEBUG o.s.w.s.m.m.a.RequestResponseBodyMethodProcessor - Writing [ResponseData(statusCord=200, message=响应成功, gotoPage=false, url=null, data=[null, ManufactureChart(ye (truncated)...]
2020-05-22 16:43:59.840 [http-nio-8011-exec-1] DEBUG org.springframework.web.servlet.DispatcherServlet - Completed 200 OK
2020-05-22 16:44:17.795 [http-nio-8011-exec-2] DEBUG org.springframework.web.servlet.DispatcherServlet - GET "/api/common/getTreeMenus", parameters={}
2020-05-22 16:44:17.796 [http-nio-8011-exec-2] DEBUG o.s.w.s.m.m.a.RequestMappingHandlerMapping - Mapped to com.slq.controller.api.CommonController#getTreeMenus()
2020-05-22 16:44:18.131 [http-nio-8011-exec-2] DEBUG o.s.w.s.m.m.a.RequestResponseBodyMethodProcessor - Using 'application/json', given [application/json, text/plain, */*] and supported [application/json, application/*+json, application/json, application/*+json]
2020-05-22 16:44:18.132 [http-nio-8011-exec-2] DEBUG o.s.w.s.m.m.a.RequestResponseBodyMethodProcessor - Writing [ResponseData(statusCord=200, message=响应成功, gotoPage=false, url=null, data=[TreeMenu(id=1, title=系統管理 (truncated)...]
2020-05-22 16:44:18.135 [http-nio-8011-exec-2] DEBUG org.springframework.web.servlet.DispatcherServlet - Completed 200 OK
2020-05-22 16:44:18.755 [http-nio-8011-exec-4] DEBUG org.springframework.web.servlet.DispatcherServlet - GET "/api/manufacture/getProductProductionFinishChartResult", parameters={}
2020-05-22 16:44:18.755 [http-nio-8011-exec-4] DEBUG o.s.w.s.m.m.a.RequestMappingHandlerMapping - Mapped to com.slq.controller.production.ManufactureSumController#getProductProductionFinishChartResult()
2020-05-22 16:44:18.758 [http-nio-8011-exec-4] DEBUG o.s.w.s.m.m.a.RequestResponseBodyMethodProcessor - Using 'application/json', given [application/json, text/plain, */*] and supported [application/json, application/*+json, application/json, application/*+json]
2020-05-22 16:44:18.759 [http-nio-8011-exec-4] DEBUG o.s.w.s.m.m.a.RequestResponseBodyMethodProcessor - Writing [ResponseData(statusCord=200, message=响应成功, gotoPage=false, url=null, data=[null, ManufactureChart(ye (truncated)...]
2020-05-22 16:44:18.764 [http-nio-8011-exec-4] DEBUG org.springframework.web.servlet.DispatcherServlet - Completed 200 OK
2020-05-22 16:44:42.967 [http-nio-8011-exec-5] DEBUG org.springframework.web.servlet.DispatcherServlet - GET "/api/manufacture/getProductProductionFinishChartResult", parameters={}
2020-05-22 16:44:42.968 [http-nio-8011-exec-5] DEBUG o.s.w.s.m.m.a.RequestMappingHandlerMapping - Mapped to com.slq.controller.production.ManufactureSumController#getProductProductionFinishChartResult()
2020-05-22 16:44:42.969 [http-nio-8011-exec-5] DEBUG o.s.w.s.m.m.a.RequestResponseBodyMethodProcessor - Using 'application/json', given [application/json, text/plain, */*] and supported [application/json, application/*+json, application/json, application/*+json]
2020-05-22 16:44:42.969 [http-nio-8011-exec-5] DEBUG o.s.w.s.m.m.a.RequestResponseBodyMethodProcessor - Writing [ResponseData(statusCord=200, message=响应成功, gotoPage=false, url=null, data=[null, ManufactureChart(ye (truncated)...]
2020-05-22 16:44:42.971 [http-nio-8011-exec-5] DEBUG org.springframework.web.servlet.DispatcherServlet - Completed 200 OK
2020-05-22 16:59:16.995 [http-nio-8011-exec-3] DEBUG org.springframework.web.servlet.DispatcherServlet - GET "/api/manufacture/getProductProductionFinishChartResult", parameters={}
2020-05-22 16:59:16.996 [http-nio-8011-exec-3] DEBUG o.s.w.s.m.m.a.RequestMappingHandlerMapping - Mapped to com.slq.controller.production.ManufactureSumController#getProductProductionFinishChartResult()
2020-05-22 16:59:17.016 [http-nio-8011-exec-3] DEBUG o.s.w.s.m.m.a.RequestResponseBodyMethodProcessor - Using 'application/json', given [application/json, text/plain, */*] and supported [application/json, application/*+json, application/json, application/*+json]
2020-05-22 16:59:17.017 [http-nio-8011-exec-3] DEBUG o.s.w.s.m.m.a.RequestResponseBodyMethodProcessor - Writing [ResponseData(statusCord=200, message=响应成功, gotoPage=false, url=null, data=[null, ManufactureChart(ye (truncated)...]
2020-05-22 16:59:17.018 [http-nio-8011-exec-3] DEBUG org.springframework.web.servlet.DispatcherServlet - Completed 200 OK
2020-05-22 16:59:20.960 [http-nio-8011-exec-7] DEBUG org.springframework.web.servlet.DispatcherServlet - GET "/api/common/getTreeMenus", parameters={}
2020-05-22 16:59:20.961 [http-nio-8011-exec-7] DEBUG o.s.w.s.m.m.a.RequestMappingHandlerMapping - Mapped to com.slq.controller.api.CommonController#getTreeMenus()
2020-05-22 16:59:21.402 [http-nio-8011-exec-7] DEBUG o.s.w.s.m.m.a.RequestResponseBodyMethodProcessor - Using 'application/json', given [application/json, text/plain, */*] and supported [application/json, application/*+json, application/json, application/*+json]
2020-05-22 16:59:21.406 [http-nio-8011-exec-7] DEBUG o.s.w.s.m.m.a.RequestResponseBodyMethodProcessor - Writing [ResponseData(statusCord=200, message=响应成功, gotoPage=false, url=null, data=[TreeMenu(id=1, title=系統管理 (truncated)...]
2020-05-22 16:59:21.496 [http-nio-8011-exec-7] DEBUG org.springframework.web.servlet.DispatcherServlet - Completed 200 OK
2020-05-22 16:59:22.249 [http-nio-8011-exec-8] DEBUG org.springframework.web.servlet.DispatcherServlet - GET "/api/manufacture/getProductProductionFinishChartResult", parameters={}
2020-05-22 16:59:22.249 [http-nio-8011-exec-8] DEBUG o.s.w.s.m.m.a.RequestMappingHandlerMapping - Mapped to com.slq.controller.production.ManufactureSumController#getProductProductionFinishChartResult()
2020-05-22 16:59:22.250 [http-nio-8011-exec-8] DEBUG o.s.w.s.m.m.a.RequestResponseBodyMethodProcessor - Using 'application/json', given [application/json, text/plain, */*] and supported [application/json, application/*+json, application/json, application/*+json]
2020-05-22 16:59:22.253 [http-nio-8011-exec-8] DEBUG o.s.w.s.m.m.a.RequestResponseBodyMethodProcessor - Writing [ResponseData(statusCord=200, message=响应成功, gotoPage=false, url=null, data=[null, ManufactureChart(ye (truncated)...]
2020-05-22 16:59:22.254 [http-nio-8011-exec-8] DEBUG org.springframework.web.servlet.DispatcherServlet - Completed 200 OK
2020-05-22 17:00:30.482 [http-nio-8011-exec-6] DEBUG org.springframework.web.servlet.DispatcherServlet - GET "/api/manufacture/getProductProductionFinishChartResult", parameters={}
2020-05-22 17:00:30.483 [http-nio-8011-exec-6] DEBUG o.s.w.s.m.m.a.RequestMappingHandlerMapping - Mapped to com.slq.controller.production.ManufactureSumController#getProductProductionFinishChartResult()
2020-05-22 17:00:30.485 [http-nio-8011-exec-6] DEBUG o.s.w.s.m.m.a.RequestResponseBodyMethodProcessor - Using 'application/json', given [application/json, text/plain, */*] and supported [application/json, application/*+json, application/json, application/*+json]
2020-05-22 17:00:30.486 [http-nio-8011-exec-6] DEBUG o.s.w.s.m.m.a.RequestResponseBodyMethodProcessor - Writing [ResponseData(statusCord=200, message=响应成功, gotoPage=false, url=null, data=[null, ManufactureChart(ye (truncated)...]
2020-05-22 17:00:30.487 [http-nio-8011-exec-6] DEBUG org.springframework.web.servlet.DispatcherServlet - Completed 200 OK
2020-05-22 17:02:45.918 [http-nio-8011-exec-9] DEBUG org.springframework.web.servlet.DispatcherServlet - GET "/api/manufacture/getProductProductionFinishChartResult", parameters={}
2020-05-22 17:02:45.920 [http-nio-8011-exec-9] DEBUG o.s.w.s.m.m.a.RequestMappingHandlerMapping - Mapped to com.slq.controller.production.ManufactureSumController#getProductProductionFinishChartResult()
2020-05-22 17:02:45.939 [http-nio-8011-exec-9] DEBUG o.s.w.s.m.m.a.RequestResponseBodyMethodProcessor - Using 'application/json', given [application/json, text/plain, */*] and supported [application/json, application/*+json, application/json, application/*+json]
2020-05-22 17:02:45.939 [http-nio-8011-exec-9] DEBUG o.s.w.s.m.m.a.RequestResponseBodyMethodProcessor - Writing [ResponseData(statusCord=200, message=响应成功, gotoPage=false, url=null, data=[null, ManufactureChart(ye (truncated)...]
2020-05-22 17:02:45.940 [http-nio-8011-exec-9] DEBUG org.springframework.web.servlet.DispatcherServlet - Completed 200 OK
2020-05-22 17:02:51.790 [http-nio-8011-exec-10] DEBUG org.springframework.web.servlet.DispatcherServlet - GET "/api/manufacture/getProductProductionFinishChartResult", parameters={}
2020-05-22 17:02:51.791 [http-nio-8011-exec-10] DEBUG o.s.w.s.m.m.a.RequestMappingHandlerMapping - Mapped to com.slq.controller.production.ManufactureSumController#getProductProductionFinishChartResult()
2020-05-22 17:02:51.792 [http-nio-8011-exec-10] DEBUG o.s.w.s.m.m.a.RequestResponseBodyMethodProcessor - Using 'application/json', given [application/json, text/plain, */*] and supported [application/json, application/*+json, application/json, application/*+json]
2020-05-22 17:02:51.792 [http-nio-8011-exec-10] DEBUG o.s.w.s.m.m.a.RequestResponseBodyMethodProcessor - Writing [ResponseData(statusCord=200, message=响应成功, gotoPage=false, url=null, data=[null, ManufactureChart(ye (truncated)...]
2020-05-22 17:02:51.795 [http-nio-8011-exec-10] DEBUG org.springframework.web.servlet.DispatcherServlet - Completed 200 OK
2020-05-22 17:03:20.345 [http-nio-8011-exec-1] DEBUG org.springframework.web.servlet.DispatcherServlet - GET "/api/common/getTreeMenus", parameters={}
2020-05-22 17:03:20.345 [http-nio-8011-exec-1] DEBUG o.s.w.s.m.m.a.RequestMappingHandlerMapping - Mapped to com.slq.controller.api.CommonController#getTreeMenus()
2020-05-22 17:03:20.545 [http-nio-8011-exec-1] DEBUG o.s.w.s.m.m.a.RequestResponseBodyMethodProcessor - Using 'application/json', given [application/json, text/plain, */*] and supported [application/json, application/*+json, application/json, application/*+json]
2020-05-22 17:03:20.545 [http-nio-8011-exec-1] DEBUG o.s.w.s.m.m.a.RequestResponseBodyMethodProcessor - Writing [ResponseData(statusCord=200, message=响应成功, gotoPage=false, url=null, data=[TreeMenu(id=1, title=系統管理 (truncated)...]
2020-05-22 17:03:20.548 [http-nio-8011-exec-1] DEBUG org.springframework.web.servlet.DispatcherServlet - Completed 200 OK
2020-05-22 17:03:21.632 [http-nio-8011-exec-2] DEBUG org.springframework.web.servlet.DispatcherServlet - GET "/api/manufacture/getProductProductionFinishChartResult", parameters={}
2020-05-22 17:03:21.633 [http-nio-8011-exec-2] DEBUG o.s.w.s.m.m.a.RequestMappingHandlerMapping - Mapped to com.slq.controller.production.ManufactureSumController#getProductProductionFinishChartResult()
2020-05-22 17:03:21.634 [http-nio-8011-exec-2] DEBUG o.s.w.s.m.m.a.RequestResponseBodyMethodProcessor - Using 'application/json', given [application/json, text/plain, */*] and supported [application/json, application/*+json, application/json, application/*+json]
2020-05-22 17:03:21.634 [http-nio-8011-exec-2] DEBUG o.s.w.s.m.m.a.RequestResponseBodyMethodProcessor - Writing [ResponseData(statusCord=200, message=响应成功, gotoPage=false, url=null, data=[null, ManufactureChart(ye (truncated)...]
2020-05-22 17:03:21.639 [http-nio-8011-exec-2] DEBUG org.springframework.web.servlet.DispatcherServlet - Completed 200 OK
