2020-04-23 10:16:33.734 [restartedMain] DEBUG org.apache.ibatis.logging.LogFactory - Logging initialized using 'class org.apache.ibatis.logging.slf4j.Slf4jImpl' adapter.
2020-04-23 10:16:38.952 [restartedMain] DEBUG org.springframework.web.context.ContextLoader - Published root WebApplicationContext as ServletContext attribute with name [org.springframework.web.context.WebApplicationContext.ROOT]
2020-04-23 10:16:38.955 [restartedMain] INFO  org.springframework.web.context.ContextLoader - Root WebApplicationContext: initialization completed in 9560 ms
2020-04-23 10:16:41.948 [restartedMain] WARN  o.s.c.netflix.archaius.ArchaiusAutoConfiguration - No spring.application.name found, defaulting to 'application'
2020-04-23 10:16:42.037 [restartedMain] WARN  com.netflix.config.sources.URLConfigurationSource - No URLs will be polled as dynamic configuration sources.
2020-04-23 10:16:42.114 [restartedMain] WARN  com.netflix.config.sources.URLConfigurationSource - No URLs will be polled as dynamic configuration sources.
2020-04-23 10:16:43.164 [restartedMain] DEBUG o.s.w.s.m.m.a.RequestMappingHandlerAdapter - ControllerAdvice beans: 0 @ModelAttribute, 0 @InitBinder, 1 RequestBodyAdvice, 1 ResponseBodyAdvice
2020-04-23 10:16:43.576 [restartedMain] DEBUG o.s.w.s.m.m.a.RequestMappingHandlerMapping - 3 mappings in 'requestMappingHandlerMapping'
2020-04-23 10:16:43.752 [restartedMain] DEBUG o.s.web.servlet.handler.SimpleUrlHandlerMapping - Patterns [/webjars/**, /**] in 'resourceHandlerMapping'
2020-04-23 10:16:43.806 [restartedMain] DEBUG o.s.w.s.m.m.a.ExceptionHandlerExceptionResolver - ControllerAdvice beans: 0 @ExceptionHandler, 1 ResponseBodyAdvice
2020-04-23 10:16:43.999 [restartedMain] WARN  o.s.b.a.t.ThymeleafAutoConfiguration$DefaultTemplateResolverConfiguration - Cannot find template location: classpath:/templates/ (please add some templates or check your Thymeleaf configuration)
2020-04-23 10:18:37.084 [http-nio-8011-exec-1] INFO  org.springframework.web.servlet.DispatcherServlet - Initializing Servlet 'dispatcherServlet'
2020-04-23 10:18:37.093 [http-nio-8011-exec-1] DEBUG org.springframework.web.servlet.DispatcherServlet - Detected StandardServletMultipartResolver
2020-04-23 10:18:37.276 [http-nio-8011-exec-1] DEBUG org.springframework.web.servlet.DispatcherServlet - enableLoggingRequestDetails='false': request parameters and headers will be masked to prevent unsafe logging of potentially sensitive data
2020-04-23 10:18:37.276 [http-nio-8011-exec-1] INFO  org.springframework.web.servlet.DispatcherServlet - Completed initialization in 183 ms
2020-04-23 10:18:37.364 [http-nio-8011-exec-1] DEBUG org.springframework.web.servlet.DispatcherServlet - GET "/verificationImg", parameters={}
2020-04-23 10:18:37.445 [http-nio-8011-exec-1] DEBUG o.s.web.servlet.handler.SimpleUrlHandlerMapping - Mapped to ResourceHttpRequestHandler ["classpath:/META-INF/resources/", "classpath:/resources/", "classpath:/static/", "classpath:/public/", "/"]
2020-04-23 10:18:37.462 [http-nio-8011-exec-1] DEBUG o.s.w.servlet.resource.ResourceHttpRequestHandler - Resource not found
2020-04-23 10:18:37.463 [http-nio-8011-exec-1] DEBUG org.springframework.web.servlet.DispatcherServlet - Completed 404 NOT_FOUND
2020-04-23 10:18:37.557 [http-nio-8011-exec-1] DEBUG org.springframework.web.servlet.DispatcherServlet - "ERROR" dispatch for GET "/error", parameters={}
2020-04-23 10:18:37.564 [http-nio-8011-exec-1] DEBUG o.s.w.s.m.m.a.RequestMappingHandlerMapping - Mapped to org.springframework.boot.autoconfigure.web.servlet.error.BasicErrorController#error(HttpServletRequest)
2020-04-23 10:18:38.050 [http-nio-8011-exec-1] DEBUG o.s.w.s.m.m.annotation.HttpEntityMethodProcessor - Using 'application/json;q=0.8', given [image/webp, image/apng, image/*, */*;q=0.8] and supported [application/json, application/*+json, application/json, application/*+json]
2020-04-23 10:18:38.059 [http-nio-8011-exec-1] DEBUG o.s.w.s.m.m.annotation.HttpEntityMethodProcessor - Writing [{timestamp=Thu Apr 23 10:18:37 CST 2020, status=404, error=Not Found, message=No message available,  (truncated)...]
2020-04-23 10:18:38.430 [http-nio-8011-exec-1] DEBUG org.springframework.web.servlet.DispatcherServlet - Exiting from "ERROR" dispatch, status 404
2020-04-23 10:18:38.876 [http-nio-8011-exec-2] DEBUG org.springframework.web.servlet.DispatcherServlet - POST "/api/login", parameters={masked}
2020-04-23 10:18:38.878 [http-nio-8011-exec-2] DEBUG o.s.web.servlet.handler.SimpleUrlHandlerMapping - Mapped to ResourceHttpRequestHandler ["classpath:/META-INF/resources/", "classpath:/resources/", "classpath:/static/", "classpath:/public/", "/"]
2020-04-23 10:18:38.956 [http-nio-8011-exec-2] DEBUG o.s.w.servlet.resource.ResourceHttpRequestHandler - Resource not found
2020-04-23 10:18:38.957 [http-nio-8011-exec-2] DEBUG org.springframework.web.servlet.DispatcherServlet - Completed 404 NOT_FOUND
2020-04-23 10:18:38.958 [http-nio-8011-exec-2] DEBUG org.springframework.web.servlet.DispatcherServlet - "ERROR" dispatch for POST "/error", parameters={masked}
2020-04-23 10:18:38.962 [http-nio-8011-exec-2] DEBUG o.s.w.s.m.m.a.RequestMappingHandlerMapping - Mapped to org.springframework.boot.autoconfigure.web.servlet.error.BasicErrorController#error(HttpServletRequest)
2020-04-23 10:18:38.965 [http-nio-8011-exec-2] DEBUG o.s.w.s.m.m.annotation.HttpEntityMethodProcessor - Using 'application/json', given [application/json, text/plain, */*] and supported [application/json, application/*+json, application/json, application/*+json]
2020-04-23 10:18:38.965 [http-nio-8011-exec-2] DEBUG o.s.w.s.m.m.annotation.HttpEntityMethodProcessor - Writing [{timestamp=Thu Apr 23 10:18:38 CST 2020, status=404, error=Not Found, message=No message available,  (truncated)...]
2020-04-23 10:18:38.969 [http-nio-8011-exec-2] DEBUG org.springframework.web.servlet.DispatcherServlet - Exiting from "ERROR" dispatch, status 404
2020-04-23 10:18:39.857 [http-nio-8011-exec-3] DEBUG org.springframework.web.servlet.DispatcherServlet - POST "/api/login", parameters={masked}
2020-04-23 10:18:39.860 [http-nio-8011-exec-3] DEBUG o.s.web.servlet.handler.SimpleUrlHandlerMapping - Mapped to ResourceHttpRequestHandler ["classpath:/META-INF/resources/", "classpath:/resources/", "classpath:/static/", "classpath:/public/", "/"]
2020-04-23 10:18:39.866 [http-nio-8011-exec-3] DEBUG o.s.w.servlet.resource.ResourceHttpRequestHandler - Resource not found
2020-04-23 10:18:39.866 [http-nio-8011-exec-3] DEBUG org.springframework.web.servlet.DispatcherServlet - Completed 404 NOT_FOUND
2020-04-23 10:18:39.867 [http-nio-8011-exec-3] DEBUG org.springframework.web.servlet.DispatcherServlet - "ERROR" dispatch for POST "/error", parameters={masked}
2020-04-23 10:18:39.869 [http-nio-8011-exec-3] DEBUG o.s.w.s.m.m.a.RequestMappingHandlerMapping - Mapped to org.springframework.boot.autoconfigure.web.servlet.error.BasicErrorController#error(HttpServletRequest)
2020-04-23 10:18:39.871 [http-nio-8011-exec-3] DEBUG o.s.w.s.m.m.annotation.HttpEntityMethodProcessor - Using 'application/json', given [application/json, text/plain, */*] and supported [application/json, application/*+json, application/json, application/*+json]
2020-04-23 10:18:39.871 [http-nio-8011-exec-3] DEBUG o.s.w.s.m.m.annotation.HttpEntityMethodProcessor - Writing [{timestamp=Thu Apr 23 10:18:39 CST 2020, status=404, error=Not Found, message=No message available,  (truncated)...]
2020-04-23 10:18:39.877 [http-nio-8011-exec-3] DEBUG org.springframework.web.servlet.DispatcherServlet - Exiting from "ERROR" dispatch, status 404
2020-04-23 10:18:40.638 [http-nio-8011-exec-4] DEBUG org.springframework.web.servlet.DispatcherServlet - POST "/api/login", parameters={masked}
2020-04-23 10:18:40.639 [http-nio-8011-exec-4] DEBUG o.s.web.servlet.handler.SimpleUrlHandlerMapping - Mapped to ResourceHttpRequestHandler ["classpath:/META-INF/resources/", "classpath:/resources/", "classpath:/static/", "classpath:/public/", "/"]
2020-04-23 10:18:40.646 [http-nio-8011-exec-4] DEBUG o.s.w.servlet.resource.ResourceHttpRequestHandler - Resource not found
2020-04-23 10:18:40.646 [http-nio-8011-exec-4] DEBUG org.springframework.web.servlet.DispatcherServlet - Completed 404 NOT_FOUND
2020-04-23 10:18:40.648 [http-nio-8011-exec-4] DEBUG org.springframework.web.servlet.DispatcherServlet - "ERROR" dispatch for POST "/error", parameters={masked}
2020-04-23 10:18:40.654 [http-nio-8011-exec-4] DEBUG o.s.w.s.m.m.a.RequestMappingHandlerMapping - Mapped to org.springframework.boot.autoconfigure.web.servlet.error.BasicErrorController#error(HttpServletRequest)
2020-04-23 10:18:40.657 [http-nio-8011-exec-4] DEBUG o.s.w.s.m.m.annotation.HttpEntityMethodProcessor - Using 'application/json', given [application/json, text/plain, */*] and supported [application/json, application/*+json, application/json, application/*+json]
2020-04-23 10:18:40.658 [http-nio-8011-exec-4] DEBUG o.s.w.s.m.m.annotation.HttpEntityMethodProcessor - Writing [{timestamp=Thu Apr 23 10:18:40 CST 2020, status=404, error=Not Found, message=No message available,  (truncated)...]
2020-04-23 10:18:40.665 [http-nio-8011-exec-4] DEBUG org.springframework.web.servlet.DispatcherServlet - Exiting from "ERROR" dispatch, status 404
2020-04-23 10:18:41.544 [http-nio-8011-exec-5] DEBUG org.springframework.web.servlet.DispatcherServlet - POST "/api/login", parameters={masked}
2020-04-23 10:18:41.548 [http-nio-8011-exec-5] DEBUG o.s.web.servlet.handler.SimpleUrlHandlerMapping - Mapped to ResourceHttpRequestHandler ["classpath:/META-INF/resources/", "classpath:/resources/", "classpath:/static/", "classpath:/public/", "/"]
2020-04-23 10:18:41.552 [http-nio-8011-exec-5] DEBUG o.s.w.servlet.resource.ResourceHttpRequestHandler - Resource not found
2020-04-23 10:18:41.552 [http-nio-8011-exec-5] DEBUG org.springframework.web.servlet.DispatcherServlet - Completed 404 NOT_FOUND
2020-04-23 10:18:41.555 [http-nio-8011-exec-5] DEBUG org.springframework.web.servlet.DispatcherServlet - "ERROR" dispatch for POST "/error", parameters={masked}
2020-04-23 10:18:41.557 [http-nio-8011-exec-5] DEBUG o.s.w.s.m.m.a.RequestMappingHandlerMapping - Mapped to org.springframework.boot.autoconfigure.web.servlet.error.BasicErrorController#error(HttpServletRequest)
2020-04-23 10:18:41.559 [http-nio-8011-exec-5] DEBUG o.s.w.s.m.m.annotation.HttpEntityMethodProcessor - Using 'application/json', given [application/json, text/plain, */*] and supported [application/json, application/*+json, application/json, application/*+json]
2020-04-23 10:18:41.561 [http-nio-8011-exec-5] DEBUG o.s.w.s.m.m.annotation.HttpEntityMethodProcessor - Writing [{timestamp=Thu Apr 23 10:18:41 CST 2020, status=404, error=Not Found, message=No message available,  (truncated)...]
2020-04-23 10:18:41.564 [http-nio-8011-exec-5] DEBUG org.springframework.web.servlet.DispatcherServlet - Exiting from "ERROR" dispatch, status 404
2020-04-23 10:18:42.339 [http-nio-8011-exec-6] DEBUG org.springframework.web.servlet.DispatcherServlet - POST "/api/login", parameters={masked}
2020-04-23 10:18:42.340 [http-nio-8011-exec-6] DEBUG o.s.web.servlet.handler.SimpleUrlHandlerMapping - Mapped to ResourceHttpRequestHandler ["classpath:/META-INF/resources/", "classpath:/resources/", "classpath:/static/", "classpath:/public/", "/"]
2020-04-23 10:18:42.345 [http-nio-8011-exec-6] DEBUG o.s.w.servlet.resource.ResourceHttpRequestHandler - Resource not found
2020-04-23 10:18:42.345 [http-nio-8011-exec-6] DEBUG org.springframework.web.servlet.DispatcherServlet - Completed 404 NOT_FOUND
2020-04-23 10:18:42.347 [http-nio-8011-exec-6] DEBUG org.springframework.web.servlet.DispatcherServlet - "ERROR" dispatch for POST "/error", parameters={masked}
2020-04-23 10:18:42.350 [http-nio-8011-exec-6] DEBUG o.s.w.s.m.m.a.RequestMappingHandlerMapping - Mapped to org.springframework.boot.autoconfigure.web.servlet.error.BasicErrorController#error(HttpServletRequest)
2020-04-23 10:18:42.352 [http-nio-8011-exec-6] DEBUG o.s.w.s.m.m.annotation.HttpEntityMethodProcessor - Using 'application/json', given [application/json, text/plain, */*] and supported [application/json, application/*+json, application/json, application/*+json]
2020-04-23 10:18:42.352 [http-nio-8011-exec-6] DEBUG o.s.w.s.m.m.annotation.HttpEntityMethodProcessor - Writing [{timestamp=Thu Apr 23 10:18:42 CST 2020, status=404, error=Not Found, message=No message available,  (truncated)...]
2020-04-23 10:18:42.358 [http-nio-8011-exec-6] DEBUG org.springframework.web.servlet.DispatcherServlet - Exiting from "ERROR" dispatch, status 404
2020-04-23 10:18:43.496 [http-nio-8011-exec-7] DEBUG org.springframework.web.servlet.DispatcherServlet - POST "/api/login", parameters={masked}
2020-04-23 10:18:43.498 [http-nio-8011-exec-7] DEBUG o.s.web.servlet.handler.SimpleUrlHandlerMapping - Mapped to ResourceHttpRequestHandler ["classpath:/META-INF/resources/", "classpath:/resources/", "classpath:/static/", "classpath:/public/", "/"]
2020-04-23 10:18:43.508 [http-nio-8011-exec-7] DEBUG o.s.w.servlet.resource.ResourceHttpRequestHandler - Resource not found
2020-04-23 10:18:43.509 [http-nio-8011-exec-7] DEBUG org.springframework.web.servlet.DispatcherServlet - Completed 404 NOT_FOUND
2020-04-23 10:18:43.511 [http-nio-8011-exec-7] DEBUG org.springframework.web.servlet.DispatcherServlet - "ERROR" dispatch for POST "/error", parameters={masked}
2020-04-23 10:18:43.512 [http-nio-8011-exec-7] DEBUG o.s.w.s.m.m.a.RequestMappingHandlerMapping - Mapped to org.springframework.boot.autoconfigure.web.servlet.error.BasicErrorController#error(HttpServletRequest)
2020-04-23 10:18:43.514 [http-nio-8011-exec-7] DEBUG o.s.w.s.m.m.annotation.HttpEntityMethodProcessor - Using 'application/json', given [application/json, text/plain, */*] and supported [application/json, application/*+json, application/json, application/*+json]
2020-04-23 10:18:43.525 [http-nio-8011-exec-7] DEBUG o.s.w.s.m.m.annotation.HttpEntityMethodProcessor - Writing [{timestamp=Thu Apr 23 10:18:43 CST 2020, status=404, error=Not Found, message=No message available,  (truncated)...]
2020-04-23 10:18:43.549 [http-nio-8011-exec-7] DEBUG org.springframework.web.servlet.DispatcherServlet - Exiting from "ERROR" dispatch, status 404
